#
# A fatal error has been detected by the Java Runtime Environment:
#
#  SIGSEGV (0xb) at pc=0x000000012b3ad0cc, pid=1756, tid=775
#
# JRE version: Java(TM) SE Runtime Environment (9.0+11) (build 9.0.1+11)
# Java VM: Java HotSpot(TM) 64-Bit Server VM (9.0.1+11, mixed mode, tiered, compressed oops, g1 gc, bsd-amd64)
# Problematic frame:
# C  [libosxapp.dylib+0x20cc]  -[NSApplicationAWT sendEvent:]+0x179
#
# No core dump will be written. Core dumps have been disabled. To enable core dumping, try "ulimit -c unlimited" before starting Java again
#
# If you would like to submit a bug report, please visit:
#   http://bugreport.java.com/bugreport/crash.jsp
# The crash happened outside the Java Virtual Machine in native code.
# See problematic frame for where to report the bug.
#

---------------  S U M M A R Y ------------

Command Line: -Djava.security.policy=java.policy.applet -Dfile.encoding=UTF-8 sun.applet.AppletViewer module6.AirportMap1552537174863.html

Host: MacBookPro10,1 x86_64 2300 MHz, 8 cores, 8G, Darwin 18.2.0
Time: Wed Mar 13 21:19:55 2019 PDT elapsed time: 20 seconds (0d 0h 0m 20s)

---------------  T H R E A D  ---------------

Current thread (0x00007fee2a004000):  JavaThread "AppKit Thread" daemon [_thread_in_native, id=775, stack(0x00007ffee8448000,0x00007ffee8c48000)]

Stack: [0x00007ffee8448000,0x00007ffee8c48000],  sp=0x00007ffee8c45550,  free space=8181k
Native frames: (J=compiled Java code, A=aot compiled Java code, j=interpreted, Vv=VM code, C=native code)
C  [libosxapp.dylib+0x20cc]  -[NSApplicationAWT sendEvent:]+0x179
C  [AppKit+0x1419d]  -[NSApplication run]+0x2f3
C  [libosxapp.dylib+0x1d3a]  +[NSApplicationAWT runAWTLoopWithApp:]+0x9d
C  [libawt_lwawt.dylib+0x3a544]  +[AWTStarter starter:headless:]+0x342
C  [JavaNativeFoundation+0x6f3c]  +[JNFRunLoop _performCopiedBlock:]+0x11
C  [Foundation+0xb1bab]  __NSThreadPerformPerform+0x147
C  [CoreFoundation+0x580f9]  __CFRUNLOOP_IS_CALLING_OUT_TO_A_SOURCE0_PERFORM_FUNCTION__+0x11
C  [CoreFoundation+0x5809f]  __CFRunLoopDoSource0+0x6c
C  [CoreFoundation+0x3bf4c]  __CFRunLoopDoSources0+0xc3
C  [CoreFoundation+0x3b4f3]  __CFRunLoopRun+0x4ca
C  [CoreFoundation+0x3add6]  CFRunLoopRunSpecific+0x1d3
C  [java+0x6b2e]  CreateExecutionEnvironment+0x35c
C  [java+0x2c65]  JLI_Launch+0x5a9
C  [java+0x1b62]  main+0x186
C  [java+0x19d4]  start+0x34
C  0x0000000000000007


siginfo: si_signo: 11 (SIGSEGV), si_code: 1 (SEGV_MAPERR), si_addr: 0x0000000000000010

Register to memory mapping:

RAX=0x0000000000000000 is an unknown value
RBX=0x0000000000000000 is an unknown value
RCX=0x000000000021e000 is an unknown value
RDX=0x00000035ee7de0fe is an unknown value
RSP=0x00007ffee8c45550 is pointing into the stack for thread: 0x00007fee2a004000
RBP=0x00007ffee8c45580 is pointing into the stack for thread: 0x00007fee2a004000
RSI=0x00007fff4a5ec125: GCC_except_table7+0xf7e9 in /System/Library/Frameworks/AppKit.framework/Versions/C/AppKit at 0x00007fff499d7000
RDI=0x0000000000000000 is an unknown value
R8 =0x00000000000000ff is an unknown value
R9 =0x00007fee2d8505b0 is an unknown value
R10=0x0000000000000025 is an unknown value
R11=0x00007fff49b70668: -[NSEvent data1]+0 in /System/Library/Frameworks/AppKit.framework/Versions/C/AppKit at 0x00007fff499d7000
R12=0x00007fff786c3580: objc_msgSend+0 in /usr/lib/libobjc.A.dylib at 0x00007fff786bc000
R13=0x0000000000000001 is an unknown value
R14=0x00007fff786c3580: objc_msgSend+0 in /usr/lib/libobjc.A.dylib at 0x00007fff786bc000
R15=0x00007fee2778c150 is an unknown value


Registers:
RAX=0x0000000000000000, RBX=0x0000000000000000, RCX=0x000000000021e000, RDX=0x00000035ee7de0fe
RSP=0x00007ffee8c45550, RBP=0x00007ffee8c45580, RSI=0x00007fff4a5ec125, RDI=0x0000000000000000
R8 =0x00000000000000ff, R9 =0x00007fee2d8505b0, R10=0x0000000000000025, R11=0x00007fff49b70668
R12=0x00007fff786c3580, R13=0x0000000000000001, R14=0x00007fff786c3580, R15=0x00007fee2778c150
RIP=0x000000012b3ad0cc, EFLAGS=0x0000000000010246, ERR=0x0000000000000004
  TRAPNO=0x000000000000000e

Top of Stack: (sp=0x00007ffee8c45550)
0x00007ffee8c45550:   00007ffee8c45570 ffff8011d27afa50
0x00007ffee8c45560:   00007fee2cf6ce30 00007fee2d8505b0
0x00007ffee8c45570:   00007fee28a04840 00007fee2778c150
0x00007ffee8c45580:   00007ffee8c45650 00007fff499eb19d
0x00007ffee8c45590:   0000000000000000 00007fff4a5e9994
0x00007ffee8c455a0:   00007fff4a5dd47b 00007fff4a5dd151
0x00007ffee8c455b0:   0000000000000010 00007fff4a5dce56
0x00007ffee8c455c0:   00007fff4a5ebc46 00007fff4a5dccfe
0x00007ffee8c455d0:   00007fff4a5dd16b 00007fffa4d3def8
0x00007ffee8c455e0:   00007fff4a5dd197 00007fff4a5dd181
0x00007ffee8c455f0:   00007fff4a5e3d83 00007fff4a5ebc79
0x00007ffee8c45600:   00007fff4a5dd16b 00007fff4a5dd197
0x00007ffee8c45610:   00007fff4a5dd275 0000000000000062
0x00007ffee8c45620:   00007fff4a5ddc4f 00007fee28a04840
0x00007ffee8c45630:   00007fff786c3580 000000012b3b1690
0x00007ffee8c45640:   00007fff4a5e4f32 000000012b3b16b0
0x00007ffee8c45650:   00007ffee8c45690 000000012b3acd3a
0x00007ffee8c45660:   0000000000000000 00007fee27764130
0x00007ffee8c45670:   00007fff786c3580 00007fee28a04840
0x00007ffee8c45680:   00007fee277433b0 0000000000000000
0x00007ffee8c45690:   00007ffee8c456e0 000000012b325544
0x00007ffee8c456a0:   00007fee28a04840 0000000000000000
0x00007ffee8c456b0:   00007fee277433b0 00007fee2764aee0
0x00007ffee8c456c0:   0000000000000000 00007fff4a5dccfe
0x00007ffee8c456d0:   00007fee2764b110 00007fee27649fd0
0x00007ffee8c456e0:   00007ffee8c45700 00007fff50697f3c
0x00007ffee8c456f0:   0000000000000018 00007fee2760d020
0x00007ffee8c45700:   00007ffee8c45780 00007fff4e8c7bab
0x00007ffee8c45710:   00007fee28002038 00007fff4a5dcdd2
0x00007ffee8c45720:   00007fee27649fd0 00007fee2760d020
0x00007ffee8c45730:   00007fff4a5e2ef0 00007fff4a635ac7
0x00007ffee8c45740:   00007fff4a5e2ef5 00007fff4a5dce56 

Instructions: (pc=0x000000012b3ad0cc)
0x000000012b3ad0ac:   41 5f 5d c3 48 8b 35 51 58 00 00 4c 8b 35 ca 3f
0x000000012b3ad0bc:   00 00 48 89 df 41 ff d6 48 89 c3 31 c0 48 89 df
0x000000012b3ad0cc:   ff 53 10 48 8b 35 1a 56 00 00 48 89 df 4c 89 f0
0x000000012b3ad0dc:   48 83 c4 18 5b 41 5e 41 5f 5d ff e0 55 48 89 e5 


---------------  P R O C E S S  ---------------

Java Threads: ( => current thread )
  0x00007fee2b827800 JavaThread "Image Fetcher 3" daemon [_thread_blocked, id=129539, stack(0x00007000085e9000,0x00007000086e9000)]
  0x00007fee2b007800 JavaThread "Image Fetcher 2" daemon [_thread_blocked, id=130051, stack(0x00007000084e6000,0x00007000085e6000)]
  0x00007fee2b007000 JavaThread "Image Fetcher 1" daemon [_thread_blocked, id=130563, stack(0x00007000083e3000,0x00007000084e3000)]
  0x00007fee2d470800 JavaThread "Image Fetcher 0" daemon [_thread_blocked, id=87599, stack(0x00007000082e0000,0x00007000083e0000)]
  0x00007fee2b1e8000 JavaThread "Keep-Alive-Timer" daemon [_thread_blocked, id=87299, stack(0x00007000081dd000,0x00007000082dd000)]
  0x00007fee2f0d4000 JavaThread "AppletCloser" [_thread_blocked, id=67091, stack(0x00007000050be000,0x00007000051be000)]
  0x00007fee2a00d000 JavaThread "AWT-EventQueue-1" [_thread_blocked, id=68659, stack(0x0000700007cce000,0x0000700007dce000)]
  0x00007fee27a1c800 JavaThread "DestroyJavaVM" [_thread_blocked, id=10499, stack(0x00007000051c4000,0x00007000052c4000)]
  0x00007fee2839c000 JavaThread "AWT-EventQueue-0" [_thread_in_Java, id=69891, stack(0x0000700007ac8000,0x0000700007bc8000)]
  0x00007fee29baf000 JavaThread "Java2D Disposer" daemon [_thread_blocked, id=58643, stack(0x00007000078c2000,0x00007000079c2000)]
  0x00007fee283b0000 JavaThread "Java2D Queue Flusher" daemon [_thread_blocked, id=56331, stack(0x00007000077bf000,0x00007000078bf000)]
  0x00007fee294f2000 JavaThread "AWT-Shutdown" [_thread_blocked, id=32551, stack(0x0000700007327000,0x0000700007427000)]
=>0x00007fee2a004000 JavaThread "AppKit Thread" daemon [_thread_in_native, id=775, stack(0x00007ffee8448000,0x00007ffee8c48000)]
  0x00007fee2786f800 JavaThread "Service Thread" daemon [_thread_blocked, id=40195, stack(0x0000700007121000,0x0000700007221000)]
  0x00007fee28041800 JavaThread "Common-Cleaner" daemon [_thread_blocked, id=25859, stack(0x000070000701e000,0x000070000711e000)]
  0x00007fee2a001000 JavaThread "Sweeper thread" daemon [_thread_blocked, id=40451, stack(0x0000700006f1b000,0x000070000701b000)]
  0x00007fee27819800 JavaThread "C1 CompilerThread3" daemon [_thread_blocked, id=40707, stack(0x0000700006e18000,0x0000700006f18000)]
  0x00007fee2b000000 JavaThread "C2 CompilerThread2" daemon [_thread_blocked, id=24835, stack(0x0000700006d15000,0x0000700006e15000)]
  0x00007fee27819000 JavaThread "C2 CompilerThread1" daemon [_thread_blocked, id=40963, stack(0x0000700006c12000,0x0000700006d12000)]
  0x00007fee27818000 JavaThread "C2 CompilerThread0" daemon [_thread_blocked, id=24323, stack(0x0000700006b0f000,0x0000700006c0f000)]
  0x00007fee27817000 JavaThread "Signal Dispatcher" daemon [_thread_blocked, id=24067, stack(0x0000700006a0c000,0x0000700006b0c000)]
  0x00007fee29898000 JavaThread "Finalizer" daemon [_thread_blocked, id=42755, stack(0x0000700006909000,0x0000700006a09000)]
  0x00007fee29897800 JavaThread "Reference Handler" daemon [_thread_blocked, id=22019, stack(0x0000700006806000,0x0000700006906000)]

Other Threads:
  0x00007fee27809800 VMThread "VM Thread" [stack: 0x0000700006703000,0x0000700006803000] [id=43267]
  0x00007fee298bb800 WatcherThread [stack: 0x0000700007224000,0x0000700007324000] [id=39939]
  0x00007fee2900f800 GCTaskThread "GC Thread#0" [stack: 0x00007000052c7000,0x00007000053c7000] [id=21507]
  0x00007fee2800f800 GCTaskThread "GC Thread#1" [stack: 0x00007000053ca000,0x00007000054ca000] [id=11267]
  0x00007fee29010000 GCTaskThread "GC Thread#2" [stack: 0x00007000054cd000,0x00007000055cd000] [id=20739]
  0x00007fee28010800 GCTaskThread "GC Thread#3" [stack: 0x00007000055d0000,0x00007000056d0000] [id=11779]
  0x00007fee28011000 GCTaskThread "GC Thread#4" [stack: 0x00007000056d3000,0x00007000057d3000] [id=12035]
  0x00007fee29800000 GCTaskThread "GC Thread#5" [stack: 0x00007000057d6000,0x00007000058d6000] [id=12547]
  0x00007fee28011800 GCTaskThread "GC Thread#6" [stack: 0x00007000058d9000,0x00007000059d9000] [id=12803]
  0x00007fee28012000 GCTaskThread "GC Thread#7" [stack: 0x00007000059dc000,0x0000700005adc000] [id=13315]
  0x00007fee2982c000 ConcurrentGCThread "G1 Main Marker" [stack: 0x00007000063fa000,0x00007000064fa000] [id=15875]
  0x00007fee2a000000 ConcurrentGCThread "G1 Marker#0" [stack: 0x00007000064fd000,0x00007000065fd000] [id=16131]
  0x00007fee2982c800 ConcurrentGCThread "G1 Marker#1" [stack: 0x0000700006600000,0x0000700006700000] [id=16387]
  0x00007fee29806000 ConcurrentGCThread "G1 Refine#0" [stack: 0x00007000061f4000,0x00007000062f4000] [id=15363]
  0x00007fee29805800 ConcurrentGCThread "G1 Refine#1" [stack: 0x00007000060f1000,0x00007000061f1000] [id=18435]
  0x00007fee29804800 ConcurrentGCThread "G1 Refine#2" [stack: 0x0000700005fee000,0x00007000060ee000] [id=15107]
  0x00007fee29804000 ConcurrentGCThread "G1 Refine#3" [stack: 0x0000700005eeb000,0x0000700005feb000] [id=14595]
  0x00007fee29803000 ConcurrentGCThread "G1 Refine#4" [stack: 0x0000700005de8000,0x0000700005ee8000] [id=18947]
  0x00007fee29802800 ConcurrentGCThread "G1 Refine#5" [stack: 0x0000700005ce5000,0x0000700005de5000] [id=19459]
  0x00007fee29801800 ConcurrentGCThread "G1 Refine#6" [stack: 0x0000700005be2000,0x0000700005ce2000] [id=13827]
  0x00007fee29801000 ConcurrentGCThread "G1 Refine#7" [stack: 0x0000700005adf000,0x0000700005bdf000] [id=13571]
  0x00007fee29807000 ConcurrentGCThread "G1 Young RemSet Sampling" [stack: 0x00007000062f7000,0x00007000063f7000] [id=17667]

Threads with active compile tasks:

VM state:not at safepoint (normal execution)

VM Mutex/Monitor currently owned by a thread: None

Heap address: 0x0000000740000000, size: 2048 MB, Compressed Oops mode: Zero based, Oop shift amount: 3
Narrow klass base: 0x0000000000000000, Narrow klass shift: 3
Compressed class space size: 1073741824 Address: 0x00000007c0000000

Heap:
 garbage-first heap   total 131072K, used 77824K [0x0000000740000000, 0x0000000740100400, 0x00000007c0000000)
  region size 1024K, 24 young (24576K), 5 survivors (5120K)
 Metaspace       used 24577K, capacity 25723K, committed 25984K, reserved 1073152K
  class space    used 2359K, capacity 2608K, committed 2688K, reserved 1048576K
Heap Regions: E=young(eden), S=young(survivor), O=old, HS=humongous(starts), HC=humongous(continues), CS=collection set, F=free, A=archive, TS=gc time stamp, AC=allocation context, TAMS=top-at-mark-start (previous, next)
|   0|0x0000000740000000, 0x0000000740100000, 0x0000000740100000|100%| O|  |TS  1|AC  0|TAMS 0x0000000740000000, 0x0000000740000000|
|   1|0x0000000740100000, 0x0000000740200000, 0x0000000740200000|100%| O|  |TS  0|AC  0|TAMS 0x0000000740200000, 0x0000000740200000|
|   2|0x0000000740200000, 0x0000000740300000, 0x0000000740300000|100%| O|  |TS  0|AC  0|TAMS 0x0000000740300000, 0x0000000740300000|
|   3|0x0000000740300000, 0x0000000740400000, 0x0000000740400000|100%| O|  |TS  1|AC  0|TAMS 0x0000000740300000, 0x0000000740300000|
|   4|0x0000000740400000, 0x0000000740500000, 0x0000000740500000|100%| O|  |TS  1|AC  0|TAMS 0x0000000740400000, 0x0000000740400000|
|   5|0x0000000740500000, 0x0000000740600000, 0x0000000740600000|100%| O|  |TS  1|AC  0|TAMS 0x0000000740500000, 0x0000000740500000|
|   6|0x0000000740600000, 0x0000000740700000, 0x0000000740700000|100%| O|  |TS  3|AC  0|TAMS 0x0000000740600000, 0x0000000740600000|
|   7|0x0000000740700000, 0x0000000740800000, 0x0000000740800000|100%| O|  |TS  3|AC  0|TAMS 0x0000000740700000, 0x0000000740700000|
|   8|0x0000000740800000, 0x0000000740900000, 0x0000000740900000|100%| O|  |TS  3|AC  0|TAMS 0x0000000740800000, 0x0000000740800000|
|   9|0x0000000740900000, 0x0000000740a00000, 0x0000000740a00000|100%| O|  |TS  3|AC  0|TAMS 0x0000000740900000, 0x0000000740900000|
|  10|0x0000000740a00000, 0x0000000740b00000, 0x0000000740b00000|100%| O|  |TS  3|AC  0|TAMS 0x0000000740a00000, 0x0000000740a00000|
|  11|0x0000000740b00000, 0x0000000740c00000, 0x0000000740c00000|100%| O|  |TS  3|AC  0|TAMS 0x0000000740b00000, 0x0000000740b00000|
|  12|0x0000000740c00000, 0x0000000740d00000, 0x0000000740d00000|100%| O|  |TS  3|AC  0|TAMS 0x0000000740c00000, 0x0000000740c00000|
|  13|0x0000000740d00000, 0x0000000740e00000, 0x0000000740e00000|100%| O|  |TS  3|AC  0|TAMS 0x0000000740d00000, 0x0000000740d00000|
|  14|0x0000000740e00000, 0x0000000740f00000, 0x0000000740f00000|100%| O|  |TS  3|AC  0|TAMS 0x0000000740e00000, 0x0000000740e00000|
|  15|0x0000000740f00000, 0x0000000741000000, 0x0000000741000000|100%| O|  |TS  3|AC  0|TAMS 0x0000000740f00000, 0x0000000740f00000|
|  16|0x0000000741000000, 0x0000000741100000, 0x0000000741100000|100%| O|  |TS  3|AC  0|TAMS 0x0000000741000000, 0x0000000741000000|
|  17|0x0000000741100000, 0x0000000741200000, 0x0000000741200000|100%| O|  |TS  3|AC  0|TAMS 0x0000000741100000, 0x0000000741100000|
|  18|0x0000000741200000, 0x0000000741300000, 0x0000000741300000|100%| O|  |TS  3|AC  0|TAMS 0x0000000741200000, 0x0000000741200000|
|  19|0x0000000741300000, 0x0000000741400000, 0x0000000741400000|100%| O|  |TS  3|AC  0|TAMS 0x0000000741300000, 0x0000000741300000|
|  20|0x0000000741400000, 0x0000000741500000, 0x0000000741500000|100%| O|  |TS  3|AC  0|TAMS 0x0000000741400000, 0x0000000741400000|
|  21|0x0000000741500000, 0x0000000741600000, 0x0000000741600000|100%| O|  |TS  3|AC  0|TAMS 0x0000000741500000, 0x0000000741500000|
|  22|0x0000000741600000, 0x0000000741700000, 0x0000000741700000|100%| O|  |TS  3|AC  0|TAMS 0x0000000741600000, 0x0000000741600000|
|  23|0x0000000741700000, 0x0000000741800000, 0x0000000741800000|100%| O|  |TS  3|AC  0|TAMS 0x0000000741700000, 0x0000000741700000|
|  24|0x0000000741800000, 0x0000000741900000, 0x0000000741900000|100%| O|  |TS  3|AC  0|TAMS 0x0000000741800000, 0x0000000741800000|
|  25|0x0000000741900000, 0x0000000741a00000, 0x0000000741a00000|100%| O|  |TS  3|AC  0|TAMS 0x0000000741900000, 0x0000000741900000|
|  26|0x0000000741a00000, 0x0000000741b00000, 0x0000000741b00000|100%| O|  |TS  5|AC  0|TAMS 0x0000000741a00000, 0x0000000741a00000|
|  27|0x0000000741b00000, 0x0000000741c00000, 0x0000000741c00000|100%| O|  |TS  5|AC  0|TAMS 0x0000000741b00000, 0x0000000741b00000|
|  28|0x0000000741c00000, 0x0000000741d00000, 0x0000000741d00000|100%| O|  |TS  5|AC  0|TAMS 0x0000000741c00000, 0x0000000741c00000|
|  29|0x0000000741d00000, 0x0000000741e00000, 0x0000000741e00000|100%| O|  |TS  5|AC  0|TAMS 0x0000000741d00000, 0x0000000741d00000|
|  30|0x0000000741e00000, 0x0000000741f00000, 0x0000000741f00000|100%| O|  |TS  5|AC  0|TAMS 0x0000000741e00000, 0x0000000741e00000|
|  31|0x0000000741f00000, 0x0000000742000000, 0x0000000742000000|100%| O|  |TS  5|AC  0|TAMS 0x0000000741f00000, 0x0000000741f00000|
|  32|0x0000000742000000, 0x0000000742100000, 0x0000000742100000|100%| O|  |TS  5|AC  0|TAMS 0x0000000742000000, 0x0000000742000000|
|  33|0x0000000742100000, 0x0000000742200000, 0x0000000742200000|100%| O|  |TS  5|AC  0|TAMS 0x0000000742100000, 0x0000000742100000|
|  34|0x0000000742200000, 0x0000000742300000, 0x0000000742300000|100%| O|  |TS  5|AC  0|TAMS 0x0000000742200000, 0x0000000742200000|
|  35|0x0000000742300000, 0x0000000742400000, 0x0000000742400000|100%| O|  |TS  5|AC  0|TAMS 0x0000000742300000, 0x0000000742300000|
|  36|0x0000000742400000, 0x0000000742500000, 0x0000000742500000|100%| O|  |TS  5|AC  0|TAMS 0x0000000742400000, 0x0000000742400000|
|  37|0x0000000742500000, 0x0000000742600000, 0x0000000742600000|100%| O|  |TS  7|AC  0|TAMS 0x0000000742500000, 0x0000000742500000|
|  38|0x0000000742600000, 0x0000000742700000, 0x0000000742700000|100%|HS|  |TS  0|AC  0|TAMS 0x0000000742600000, 0x0000000742600000|
|  39|0x0000000742700000, 0x0000000742800000, 0x0000000742800000|100%|HC|  |TS  0|AC  0|TAMS 0x0000000742700000, 0x0000000742700000|
|  40|0x0000000742800000, 0x0000000742900000, 0x0000000742900000|100%|HS|  |TS  0|AC  0|TAMS 0x0000000742800000, 0x0000000742800000|
|  41|0x0000000742900000, 0x0000000742a00000, 0x0000000742a00000|100%|HC|  |TS  0|AC  0|TAMS 0x0000000742900000, 0x0000000742900000|
|  42|0x0000000742a00000, 0x0000000742b00000, 0x0000000742b00000|100%| O|  |TS  7|AC  0|TAMS 0x0000000742a00000, 0x0000000742a00000|
|  43|0x0000000742b00000, 0x0000000742c00000, 0x0000000742c00000|100%| O|  |TS  7|AC  0|TAMS 0x0000000742b00000, 0x0000000742b00000|
|  44|0x0000000742c00000, 0x0000000742d00000, 0x0000000742d00000|100%| O|  |TS  7|AC  0|TAMS 0x0000000742c00000, 0x0000000742c00000|
|  45|0x0000000742d00000, 0x0000000742e00000, 0x0000000742e00000|100%| O|  |TS  7|AC  0|TAMS 0x0000000742d00000, 0x0000000742d00000|
|  46|0x0000000742e00000, 0x0000000742f00000, 0x0000000742f00000|100%| O|  |TS  7|AC  0|TAMS 0x0000000742e00000, 0x0000000742e00000|
|  47|0x0000000742f00000, 0x0000000743000000, 0x0000000743000000|100%|HS|  |TS  0|AC  0|TAMS 0x0000000742f00000, 0x0000000742f00000|
|  48|0x0000000743000000, 0x0000000743100000, 0x0000000743100000|100%|HS|  |TS  0|AC  0|TAMS 0x0000000743000000, 0x0000000743000000|
|  49|0x0000000743100000, 0x0000000743200000, 0x0000000743200000|100%|HS|  |TS  0|AC  0|TAMS 0x0000000743100000, 0x0000000743100000|
|  50|0x0000000743200000, 0x0000000743300000, 0x0000000743300000|100%|HC|  |TS  5|AC  0|TAMS 0x0000000743200000, 0x0000000743200000|
|  51|0x0000000743300000, 0x0000000743400000, 0x0000000743400000|100%|HS|  |TS  5|AC  0|TAMS 0x0000000743300000, 0x0000000743300000|
|  52|0x0000000743400000, 0x0000000743500000, 0x0000000743500000|100%|HC|  |TS  5|AC  0|TAMS 0x0000000743400000, 0x0000000743400000|
|  53|0x0000000743500000, 0x0000000743500000, 0x0000000743600000|  0%| F|  |TS  5|AC  0|TAMS 0x0000000743500000, 0x0000000743500000|
|  54|0x0000000743600000, 0x0000000743600000, 0x0000000743700000|  0%| F|  |TS  5|AC  0|TAMS 0x0000000743600000, 0x0000000743600000|
|  55|0x0000000743700000, 0x0000000743700000, 0x0000000743800000|  0%| F|  |TS  5|AC  0|TAMS 0x0000000743700000, 0x0000000743700000|
|  56|0x0000000743800000, 0x0000000743800000, 0x0000000743900000|  0%| F|  |TS  5|AC  0|TAMS 0x0000000743800000, 0x0000000743800000|
|  57|0x0000000743900000, 0x0000000743900000, 0x0000000743a00000|  0%| F|  |TS  5|AC  0|TAMS 0x0000000743900000, 0x0000000743900000|
|  58|0x0000000743a00000, 0x0000000743a00000, 0x0000000743b00000|  0%| F|  |TS  5|AC  0|TAMS 0x0000000743a00000, 0x0000000743a00000|
|  59|0x0000000743b00000, 0x0000000743b00000, 0x0000000743c00000|  0%| F|  |TS  3|AC  0|TAMS 0x0000000743b00000, 0x0000000743b00000|
|  60|0x0000000743c00000, 0x0000000743c00000, 0x0000000743d00000|  0%| F|  |TS  3|AC  0|TAMS 0x0000000743c00000, 0x0000000743c00000|
|  61|0x0000000743d00000, 0x0000000743d00000, 0x0000000743e00000|  0%| F|  |TS  3|AC  0|TAMS 0x0000000743d00000, 0x0000000743d00000|
|  62|0x0000000743e00000, 0x0000000743e00000, 0x0000000743f00000|  0%| F|  |TS  3|AC  0|TAMS 0x0000000743e00000, 0x0000000743e00000|
|  63|0x0000000743f00000, 0x0000000743f00000, 0x0000000744000000|  0%| F|  |TS  3|AC  0|TAMS 0x0000000743f00000, 0x0000000743f00000|
|  64|0x0000000744000000, 0x0000000744000000, 0x0000000744100000|  0%| F|  |TS  3|AC  0|TAMS 0x0000000744000000, 0x0000000744000000|
|  65|0x0000000744100000, 0x0000000744100000, 0x0000000744200000|  0%| F|  |TS  3|AC  0|TAMS 0x0000000744100000, 0x0000000744100000|
|  66|0x0000000744200000, 0x0000000744200000, 0x0000000744300000|  0%| F|  |TS  3|AC  0|TAMS 0x0000000744200000, 0x0000000744200000|
|  67|0x0000000744300000, 0x0000000744300000, 0x0000000744400000|  0%| F|  |TS  3|AC  0|TAMS 0x0000000744300000, 0x0000000744300000|
|  68|0x0000000744400000, 0x0000000744400000, 0x0000000744500000|  0%| F|  |TS  3|AC  0|TAMS 0x0000000744400000, 0x0000000744400000|
|  69|0x0000000744500000, 0x0000000744500000, 0x0000000744600000|  0%| F|  |TS  3|AC  0|TAMS 0x0000000744500000, 0x0000000744500000|
|  70|0x0000000744600000, 0x0000000744600000, 0x0000000744700000|  0%| F|  |TS  3|AC  0|TAMS 0x0000000744600000, 0x0000000744600000|
|  71|0x0000000744700000, 0x0000000744700000, 0x0000000744800000|  0%| F|  |TS  3|AC  0|TAMS 0x0000000744700000, 0x0000000744700000|
|  72|0x0000000744800000, 0x0000000744800000, 0x0000000744900000|  0%| F|  |TS  3|AC  0|TAMS 0x0000000744800000, 0x0000000744800000|
|  73|0x0000000744900000, 0x0000000744900000, 0x0000000744a00000|  0%| F|  |TS  3|AC  0|TAMS 0x0000000744900000, 0x0000000744900000|
|  74|0x0000000744a00000, 0x0000000744a00000, 0x0000000744b00000|  0%| F|  |TS  3|AC  0|TAMS 0x0000000744a00000, 0x0000000744a00000|
|  75|0x0000000744b00000, 0x0000000744b00000, 0x0000000744c00000|  0%| F|  |TS  3|AC  0|TAMS 0x0000000744b00000, 0x0000000744b00000|
|  76|0x0000000744c00000, 0x0000000744c00000, 0x0000000744d00000|  0%| F|  |TS  3|AC  0|TAMS 0x0000000744c00000, 0x0000000744c00000|
|  77|0x0000000744d00000, 0x0000000744d00000, 0x0000000744e00000|  0%| F|  |TS  3|AC  0|TAMS 0x0000000744d00000, 0x0000000744d00000|
|  78|0x0000000744e00000, 0x0000000744e00000, 0x0000000744f00000|  0%| F|  |TS  3|AC  0|TAMS 0x0000000744e00000, 0x0000000744e00000|
|  79|0x0000000744f00000, 0x0000000744f00000, 0x0000000745000000|  0%| F|  |TS  3|AC  0|TAMS 0x0000000744f00000, 0x0000000744f00000|
|  80|0x0000000745000000, 0x0000000745000000, 0x0000000745100000|  0%| F|  |TS  3|AC  0|TAMS 0x0000000745000000, 0x0000000745000000|
|  81|0x0000000745100000, 0x0000000745100000, 0x0000000745200000|  0%| F|  |TS  3|AC  0|TAMS 0x0000000745100000, 0x0000000745100000|
|  82|0x0000000745200000, 0x0000000745200000, 0x0000000745300000|  0%| F|  |TS  3|AC  0|TAMS 0x0000000745200000, 0x0000000745200000|
|  83|0x0000000745300000, 0x0000000745300000, 0x0000000745400000|  0%| F|  |TS  3|AC  0|TAMS 0x0000000745300000, 0x0000000745300000|
|  84|0x0000000745400000, 0x0000000745400000, 0x0000000745500000|  0%| F|  |TS  3|AC  0|TAMS 0x0000000745400000, 0x0000000745400000|
|  85|0x0000000745500000, 0x0000000745500000, 0x0000000745600000|  0%| F|  |TS  3|AC  0|TAMS 0x0000000745500000, 0x0000000745500000|
|  86|0x0000000745600000, 0x0000000745600000, 0x0000000745700000|  0%| F|  |TS  3|AC  0|TAMS 0x0000000745600000, 0x0000000745600000|
|  87|0x0000000745700000, 0x0000000745800000, 0x0000000745800000|100%| S|CS|TS  7|AC  0|TAMS 0x0000000745700000, 0x0000000745700000|
|  88|0x0000000745800000, 0x0000000745900000, 0x0000000745900000|100%| S|CS|TS  7|AC  0|TAMS 0x0000000745800000, 0x0000000745800000|
|  89|0x0000000745900000, 0x0000000745a00000, 0x0000000745a00000|100%| S|CS|TS  7|AC  0|TAMS 0x0000000745900000, 0x0000000745900000|
|  90|0x0000000745a00000, 0x0000000745b00000, 0x0000000745b00000|100%| S|CS|TS  7|AC  0|TAMS 0x0000000745a00000, 0x0000000745a00000|
|  91|0x0000000745b00000, 0x0000000745c00000, 0x0000000745c00000|100%| S|CS|TS  7|AC  0|TAMS 0x0000000745b00000, 0x0000000745b00000|
|  92|0x0000000745c00000, 0x0000000745c00000, 0x0000000745d00000|  0%| F|  |TS  7|AC  0|TAMS 0x0000000745c00000, 0x0000000745c00000|
|  93|0x0000000745d00000, 0x0000000745d00000, 0x0000000745e00000|  0%| F|  |TS  7|AC  0|TAMS 0x0000000745d00000, 0x0000000745d00000|
|  94|0x0000000745e00000, 0x0000000745e00000, 0x0000000745f00000|  0%| F|  |TS  7|AC  0|TAMS 0x0000000745e00000, 0x0000000745e00000|
|  95|0x0000000745f00000, 0x0000000745f00000, 0x0000000746000000|  0%| F|  |TS  7|AC  0|TAMS 0x0000000745f00000, 0x0000000745f00000|
|  96|0x0000000746000000, 0x0000000746000000, 0x0000000746100000|  0%| F|  |TS  7|AC  0|TAMS 0x0000000746000000, 0x0000000746000000|
|  97|0x0000000746100000, 0x0000000746100000, 0x0000000746200000|  0%| F|  |TS  7|AC  0|TAMS 0x0000000746100000, 0x0000000746100000|
|  98|0x0000000746200000, 0x0000000746200000, 0x0000000746300000|  0%| F|  |TS  7|AC  0|TAMS 0x0000000746200000, 0x0000000746200000|
|  99|0x0000000746300000, 0x0000000746300000, 0x0000000746400000|  0%| F|  |TS  7|AC  0|TAMS 0x0000000746300000, 0x0000000746300000|
| 100|0x0000000746400000, 0x0000000746400000, 0x0000000746500000|  0%| F|  |TS  7|AC  0|TAMS 0x0000000746400000, 0x0000000746400000|
| 101|0x0000000746500000, 0x0000000746500000, 0x0000000746600000|  0%| F|  |TS  7|AC  0|TAMS 0x0000000746500000, 0x0000000746500000|
| 102|0x0000000746600000, 0x0000000746600000, 0x0000000746700000|  0%| F|  |TS  7|AC  0|TAMS 0x0000000746600000, 0x0000000746600000|
| 103|0x0000000746700000, 0x0000000746700000, 0x0000000746800000|  0%| F|  |TS  7|AC  0|TAMS 0x0000000746700000, 0x0000000746700000|
| 104|0x0000000746800000, 0x0000000746800000, 0x0000000746900000|  0%| F|  |TS  7|AC  0|TAMS 0x0000000746800000, 0x0000000746800000|
| 105|0x0000000746900000, 0x0000000746900000, 0x0000000746a00000|  0%| F|  |TS  7|AC  0|TAMS 0x0000000746900000, 0x0000000746900000|
| 106|0x0000000746a00000, 0x0000000746a00000, 0x0000000746b00000|  0%| F|  |TS  7|AC  0|TAMS 0x0000000746a00000, 0x0000000746a00000|
| 107|0x0000000746b00000, 0x0000000746b00000, 0x0000000746c00000|  0%| F|  |TS  7|AC  0|TAMS 0x0000000746b00000, 0x0000000746b00000|
| 108|0x0000000746c00000, 0x0000000746c00000, 0x0000000746d00000|  0%| F|  |TS  7|AC  0|TAMS 0x0000000746c00000, 0x0000000746c00000|
| 109|0x0000000746d00000, 0x0000000746dc9438, 0x0000000746e00000| 78%| E|  |TS  7|AC  0|TAMS 0x0000000746d00000, 0x0000000746d00000|
| 110|0x0000000746e00000, 0x0000000746f00000, 0x0000000746f00000|100%| E|CS|TS  7|AC  0|TAMS 0x0000000746e00000, 0x0000000746e00000|
| 111|0x0000000746f00000, 0x0000000747000000, 0x0000000747000000|100%| E|CS|TS  7|AC  0|TAMS 0x0000000746f00000, 0x0000000746f00000|
| 112|0x0000000747000000, 0x0000000747100000, 0x0000000747100000|100%| E|CS|TS  7|AC  0|TAMS 0x0000000747000000, 0x0000000747000000|
| 113|0x0000000747100000, 0x0000000747200000, 0x0000000747200000|100%| E|CS|TS  7|AC  0|TAMS 0x0000000747100000, 0x0000000747100000|
| 114|0x0000000747200000, 0x0000000747300000, 0x0000000747300000|100%| E|CS|TS  7|AC  0|TAMS 0x0000000747200000, 0x0000000747200000|
| 115|0x0000000747300000, 0x0000000747400000, 0x0000000747400000|100%| E|CS|TS  7|AC  0|TAMS 0x0000000747300000, 0x0000000747300000|
| 116|0x0000000747400000, 0x0000000747500000, 0x0000000747500000|100%| E|CS|TS  7|AC  0|TAMS 0x0000000747400000, 0x0000000747400000|
| 117|0x0000000747500000, 0x0000000747600000, 0x0000000747600000|100%| E|CS|TS  7|AC  0|TAMS 0x0000000747500000, 0x0000000747500000|
| 118|0x0000000747600000, 0x0000000747700000, 0x0000000747700000|100%| E|CS|TS  7|AC  0|TAMS 0x0000000747600000, 0x0000000747600000|
| 119|0x0000000747700000, 0x0000000747800000, 0x0000000747800000|100%| E|CS|TS  7|AC  0|TAMS 0x0000000747700000, 0x0000000747700000|
| 120|0x0000000747800000, 0x0000000747900000, 0x0000000747900000|100%| E|CS|TS  7|AC  0|TAMS 0x0000000747800000, 0x0000000747800000|
| 121|0x0000000747900000, 0x0000000747a00000, 0x0000000747a00000|100%| E|CS|TS  7|AC  0|TAMS 0x0000000747900000, 0x0000000747900000|
| 122|0x0000000747a00000, 0x0000000747b00000, 0x0000000747b00000|100%| E|CS|TS  7|AC  0|TAMS 0x0000000747a00000, 0x0000000747a00000|
| 123|0x0000000747b00000, 0x0000000747c00000, 0x0000000747c00000|100%| E|CS|TS  7|AC  0|TAMS 0x0000000747b00000, 0x0000000747b00000|
| 124|0x0000000747c00000, 0x0000000747d00000, 0x0000000747d00000|100%| E|CS|TS  7|AC  0|TAMS 0x0000000747c00000, 0x0000000747c00000|
| 125|0x0000000747d00000, 0x0000000747e00000, 0x0000000747e00000|100%| E|CS|TS  7|AC  0|TAMS 0x0000000747d00000, 0x0000000747d00000|
| 126|0x0000000747e00000, 0x0000000747f00000, 0x0000000747f00000|100%| E|CS|TS  7|AC  0|TAMS 0x0000000747e00000, 0x0000000747e00000|
| 127|0x0000000747f00000, 0x0000000748000000, 0x0000000748000000|100%| E|CS|TS  7|AC  0|TAMS 0x0000000747f00000, 0x0000000747f00000|

Card table byte_map: [0x0000000123a7f000,0x0000000123e7f000] byte_map_base: 0x000000012007f000

Marking Bits (Prev, Next): (CMBitMap*) 0x00007fee2982b2a8, (CMBitMap*) 0x00007fee2982b270
 Prev Bits: [0x000000012627f000, 0x000000012827f000)
 Next Bits: [0x000000012427f000, 0x000000012627f000)

Polling page: 0x0000000106fef000

CodeHeap 'non-profiled nmethods': size=120032Kb used=1410Kb max_used=1410Kb free=118621Kb
 bounds [0x000000011bd47000, 0x000000011bfb7000, 0x000000012327f000]
CodeHeap 'profiled nmethods': size=120028Kb used=5369Kb max_used=5369Kb free=114658Kb
 bounds [0x0000000114810000, 0x0000000114d50000, 0x000000011bd47000]
CodeHeap 'non-nmethods': size=5700Kb used=1584Kb max_used=1629Kb free=4115Kb
 bounds [0x000000011427f000, 0x00000001144ef000, 0x0000000114810000]
 total_blobs=4098 nmethods=2419 adapters=894
 compilation: enabled

Compilation events (10 events):
Event: 20.369 Thread 0x00007fee27819000 nmethod 2398 0x000000011be9d710 code [0x000000011be9d920, 0x000000011be9de28]
Event: 20.369 Thread 0x00007fee27819000 2400       4       de.fhpotsdam.unfolding.geo.AbstractProjection::locationCoordinate (54 bytes)
Event: 20.369 Thread 0x00007fee2b000000 nmethod 2399 0x000000011be9e110 code [0x000000011be9e300, 0x000000011be9e598]
Event: 20.370 Thread 0x00007fee27818000 nmethod 2350% 0x000000011be9e790 code [0x000000011be9ec40, 0x000000011bea3688]
Event: 20.372 Thread 0x00007fee27819000 nmethod 2400 0x000000011bea5d10 code [0x000000011bea5ee0, 0x000000011bea60b8]
Event: 20.397 Thread 0x00007fee27819800 2435   !   3       sun.awt.AWTAutoShutdown::setToolkitBusy (124 bytes)
Event: 20.398 Thread 0x00007fee27819800 nmethod 2435 0x0000000114d49990 code [0x0000000114d49ba0, 0x0000000114d4a448]
Event: 20.402 Thread 0x00007fee27819800 2436       3       java.util.LinkedList$ListItr::hasNext (20 bytes)
Event: 20.402 Thread 0x00007fee2b000000 2437       4       java.util.HashMap::putVal (300 bytes)
Event: 20.402 Thread 0x00007fee27819800 nmethod 2436 0x0000000114d4a790 code [0x0000000114d4a940, 0x0000000114d4ab10]

GC Heap History (10 events):
Event: 3.572 GC heap before
{Heap before GC invocations=1 (full 0):
 garbage-first heap   total 131072K, used 8827K [0x0000000740000000, 0x0000000740100400, 0x00000007c0000000)
  region size 1024K, 6 young (6144K), 3 survivors (3072K)
 Metaspace       used 20144K, capacity 21169K, committed 21296K, reserved 1069056K
  class space    used 1896K, capacity 2146K, committed 2176K, reserved 1048576K
}
Event: 3.576 GC heap after
{Heap after GC invocations=2 (full 0):
 garbage-first heap   total 131072K, used 6175K [0x0000000740000000, 0x0000000740100400, 0x00000007c0000000)
  region size 1024K, 4 young (4096K), 4 survivors (4096K)
 Metaspace       used 20144K, capacity 21169K, committed 21296K, reserved 1069056K
  class space    used 1896K, capacity 2146K, committed 2176K, reserved 1048576K
}
Event: 4.869 GC heap before
{Heap before GC invocations=3 (full 0):
 garbage-first heap   total 131072K, used 36259K [0x0000000740000000, 0x0000000740100400, 0x00000007c0000000)
  region size 1024K, 34 young (34816K), 4 survivors (4096K)
 Metaspace       used 22894K, capacity 23957K, committed 24320K, reserved 1071104K
  class space    used 2215K, capacity 2454K, committed 2560K, reserved 1048576K
}
Event: 4.883 GC heap after
{Heap after GC invocations=4 (full 0):
 garbage-first heap   total 131072K, used 12213K [0x0000000740000000, 0x0000000740100400, 0x00000007c0000000)
  region size 1024K, 5 young (5120K), 5 survivors (5120K)
 Metaspace       used 22894K, capacity 23957K, committed 24320K, reserved 1071104K
  class space    used 2215K, capacity 2454K, committed 2560K, reserved 1048576K
}
Event: 5.265 GC heap before
{Heap before GC invocations=4 (full 0):
 garbage-first heap   total 131072K, used 77749K [0x0000000740000000, 0x0000000740100400, 0x00000007c0000000)
  region size 1024K, 69 young (70656K), 5 survivors (5120K)
 Metaspace       used 22946K, capacity 24021K, committed 24320K, reserved 1071104K
  class space    used 2219K, capacity 2454K, committed 2560K, reserved 1048576K
}
Event: 5.295 GC heap after
{Heap after GC invocations=5 (full 0):
 garbage-first heap   total 131072K, used 36844K [0x0000000740000000, 0x0000000740100400, 0x00000007c0000000)
  region size 1024K, 9 young (9216K), 9 survivors (9216K)
 Metaspace       used 22946K, capacity 24021K, committed 24320K, reserved 1071104K
  class space    used 2219K, capacity 2454K, committed 2560K, reserved 1048576K
}
Event: 18.836 GC heap before
{Heap before GC invocations=5 (full 0):
 garbage-first heap   total 131072K, used 56300K [0x0000000740000000, 0x0000000740100400, 0x00000007c0000000)
  region size 1024K, 28 young (28672K), 9 survivors (9216K)
 Metaspace       used 23015K, capacity 24085K, committed 24320K, reserved 1071104K
  class space    used 2221K, capacity 2454K, committed 2560K, reserved 1048576K
}
Event: 18.860 GC heap after
{Heap after GC invocations=6 (full 0):
 garbage-first heap   total 131072K, used 42780K [0x0000000740000000, 0x0000000740100400, 0x00000007c0000000)
  region size 1024K, 4 young (4096K), 4 survivors (4096K)
 Metaspace       used 23015K, capacity 24085K, committed 24320K, reserved 1071104K
  class space    used 2221K, capacity 2454K, committed 2560K, reserved 1048576K
}
Event: 19.874 GC heap before
{Heap before GC invocations=6 (full 0):
 garbage-first heap   total 131072K, used 79644K [0x0000000740000000, 0x0000000740100400, 0x00000007c0000000)
  region size 1024K, 36 young (36864K), 4 survivors (4096K)
 Metaspace       used 24048K, capacity 25121K, committed 25344K, reserved 1073152K
  class space    used 2313K, capacity 2559K, committed 2560K, reserved 1048576K
}
Event: 19.893 GC heap after
{Heap after GC invocations=7 (full 0):
 garbage-first heap   total 131072K, used 53248K [0x0000000740000000, 0x0000000740100400, 0x00000007c0000000)
  region size 1024K, 5 young (5120K), 5 survivors (5120K)
 Metaspace       used 24048K, capacity 25121K, committed 25344K, reserved 1073152K
  class space    used 2313K, capacity 2559K, committed 2560K, reserved 1048576K
}

Deoptimization events (10 events):
Event: 20.098 Thread 0x00007fee2a00d000 Uncommon trap: reason=unstable_if action=reinterpret pc=0x000000011be6aef0 method=processing.core.PApplet.max(III)I @ 20 c2
Event: 20.098 Thread 0x00007fee2a00d000 Uncommon trap: reason=unstable_if action=reinterpret pc=0x000000011be8ad44 method=processing.opengl.PGraphicsOpenGL$Tessellator.setLastTexIndex(II)V @ 15 c2
Event: 20.098 Thread 0x00007fee2a00d000 Uncommon trap: reason=unstable_if action=reinterpret pc=0x000000011be8b4d0 method=processing.opengl.PGraphicsOpenGL$Tessellator.tessellateEdges()V @ 4 c2
Event: 20.098 Thread 0x00007fee2a00d000 Uncommon trap: reason=unstable_if action=reinterpret pc=0x000000011be8d85c method=processing.core.PGraphics.colorCalc(I)V @ 5 c2
Event: 20.206 Thread 0x00007fee2839c000 Uncommon trap: reason=intrinsic_or_type_checked_inlining action=make_not_entrant pc=0x000000011be22758 method=java.util.Arrays.copyOf([Ljava/lang/Object;ILjava/lang/Class;)[Ljava/lang/Object; @ 35 c2
Event: 20.206 Thread 0x00007fee2a00d000 Uncommon trap: reason=unstable_if action=reinterpret pc=0x000000011be8e5e8 method=de.fhpotsdam.unfolding.mapdisplay.Java2DMapDisplay.getInnerTransformedPosition(FFZ)[F @ 1 c2
Event: 20.261 Thread 0x00007fee2a00d000 Uncommon trap: reason=unstable_if action=reinterpret pc=0x000000011be86af8 method=processing.opengl.PGraphicsOpenGL$Tessellator.setLastTexIndex(II)V @ 15 c2
Event: 20.298 Thread 0x00007fee2a00d000 Uncommon trap: reason=unstable_if action=reinterpret pc=0x000000011be7c3c8 method=processing.opengl.PGraphicsOpenGL.nonZero(F)Z @ 8 c2
Event: 20.402 Thread 0x00007fee29b63000 Uncommon trap: reason=class_check action=maybe_recompile pc=0x000000011bdeed0c method=java.util.HashMap.putVal(ILjava/lang/Object;Ljava/lang/Object;ZZ)Ljava/lang/Object; @ 91 c2
Event: 20.402 Thread 0x00007fee29b63000 Uncommon trap: reason=class_check action=maybe_recompile pc=0x000000011bdeed0c method=java.util.HashMap.putVal(ILjava/lang/Object;Ljava/lang/Object;ZZ)Ljava/lang/Object; @ 91 c2

Classes redefined (0 events):
No events

Internal exceptions (10 events):
Event: 4.611 Thread 0x00007fee2a00d000 Exception <a 'java/io/FileNotFoundException'{0x0000000747369ff0}> (0x0000000747369ff0) thrown at [/scratch/mesos/slaves/5af44a71-976a-41b7-81de-5773b84ec572-S38393/frameworks/1735e8a2-a1db-478c-8104-60c8b0af87dd-0196/executors/8b855640-c399-41ea-b65f-5227
Event: 4.611 Thread 0x00007fee2a00d000 Implicit null exception at 0x000000011bd8c274 to 0x000000011bd8c7d9
Event: 19.938 Thread 0x00007fee2b827800 Exception <a 'java/lang/NoSuchMethodError'{0x0000000747a072f0}: method resolution failed> (0x0000000747a072f0) thrown at [/scratch/mesos/slaves/5af44a71-976a-41b7-81de-5773b84ec572-S38393/frameworks/1735e8a2-a1db-478c-8104-60c8b0af87dd-0196/executors/8b85
Event: 19.938 Thread 0x00007fee2b007800 Exception <a 'java/lang/NoSuchMethodError'{0x0000000747a21848}: method resolution failed> (0x0000000747a21848) thrown at [/scratch/mesos/slaves/5af44a71-976a-41b7-81de-5773b84ec572-S38393/frameworks/1735e8a2-a1db-478c-8104-60c8b0af87dd-0196/executors/8b85
Event: 19.938 Thread 0x00007fee2b007000 Exception <a 'java/lang/NoSuchMethodError'{0x0000000747bfda98}: method resolution failed> (0x0000000747bfda98) thrown at [/scratch/mesos/slaves/5af44a71-976a-41b7-81de-5773b84ec572-S38393/frameworks/1735e8a2-a1db-478c-8104-60c8b0af87dd-0196/executors/8b85
Event: 19.939 Thread 0x00007fee2d470800 Exception <a 'java/lang/NoSuchMethodError'{0x0000000747be5718}: method resolution failed> (0x0000000747be5718) thrown at [/scratch/mesos/slaves/5af44a71-976a-41b7-81de-5773b84ec572-S38393/frameworks/1735e8a2-a1db-478c-8104-60c8b0af87dd-0196/executors/8b85
Event: 19.940 Thread 0x00007fee2b007000 Exception <a 'java/lang/NoSuchMethodError'{0x0000000747a3cd60}: method resolution failed> (0x0000000747a3cd60) thrown at [/scratch/mesos/slaves/5af44a71-976a-41b7-81de-5773b84ec572-S38393/frameworks/1735e8a2-a1db-478c-8104-60c8b0af87dd-0196/executors/8b85
Event: 19.940 Thread 0x00007fee2b007800 Exception <a 'java/lang/NoSuchMethodError'{0x0000000747a28680}: method resolution failed> (0x0000000747a28680) thrown at [/scratch/mesos/slaves/5af44a71-976a-41b7-81de-5773b84ec572-S38393/frameworks/1735e8a2-a1db-478c-8104-60c8b0af87dd-0196/executors/8b85
Event: 19.940 Thread 0x00007fee2b827800 Exception <a 'java/lang/NoSuchMethodError'{0x0000000747a0e200}: method resolution failed> (0x0000000747a0e200) thrown at [/scratch/mesos/slaves/5af44a71-976a-41b7-81de-5773b84ec572-S38393/frameworks/1735e8a2-a1db-478c-8104-60c8b0af87dd-0196/executors/8b85
Event: 19.940 Thread 0x00007fee2d470800 Exception <a 'java/lang/NoSuchMethodError'{0x0000000747bec6a0}: java.lang.invoke.DirectMethodHandle$Holder.invokeSpecial(Ljava/lang/Object;Ljava/lang/Object;Ljava/lang/Object;Ljava/lang/Object;IIIII)Ljava/lang/Object;> (0x0000000747bec6a0) thrown at [/scr

Events (10 events):
Event: 20.402 Thread 0x00007fee29b63000 DEOPT UNPACKING pc=0x00000001142ccc9f sp=0x0000700007ac46c0 mode 2
Event: 20.402 Thread 0x00007fee29b63000 Uncommon trap: trap_request=0xffffffde fr.pc=0x000000011bdeed0c relative=0x0000000000000e4c
Event: 20.402 Thread 0x00007fee29b63000 DEOPT PACKING pc=0x000000011bdeed0c sp=0x0000700007ac4720
Event: 20.402 Thread 0x00007fee29b63000 DEOPT UNPACKING pc=0x00000001142ccc9f sp=0x0000700007ac46c0 mode 2
Event: 20.402 loading class sun/applet/AppletPanel$5
Event: 20.402 loading class sun/applet/AppletPanel$5 done
Event: 20.403 Executing VM operation: RevokeBias
Event: 20.403 Executing VM operation: RevokeBias done
Event: 20.403 loading class jogamp/opengl/macosx/cgl/MacOSXCGLContext$NSOpenGLImpl$DetachGLLayerCmd
Event: 20.403 loading class jogamp/opengl/macosx/cgl/MacOSXCGLContext$NSOpenGLImpl$DetachGLLayerCmd done


Dynamic libraries:
0x00007fff4bc43000 	/System/Library/Frameworks/Cocoa.framework/Versions/A/Cocoa
0x00007fff57f30000 	/System/Library/Frameworks/Security.framework/Versions/A/Security
0x00007fff4a84a000 	/System/Library/Frameworks/ApplicationServices.framework/Versions/A/ApplicationServices
0x00007fff79597000 	/usr/lib/libz.1.dylib
0x00007fff76b94000 	/usr/lib/libSystem.B.dylib
0x00007fff4c473000 	/System/Library/Frameworks/CoreFoundation.framework/Versions/A/CoreFoundation
0x00007fff4e816000 	/System/Library/Frameworks/Foundation.framework/Versions/C/Foundation
0x00007fff786bc000 	/usr/lib/libobjc.A.dylib
0x00007fff499d7000 	/System/Library/Frameworks/AppKit.framework/Versions/C/AppKit
0x00007fff4bfda000 	/System/Library/Frameworks/CoreData.framework/Versions/A/CoreData
0x00007fff6fd62000 	/System/Library/PrivateFrameworks/RemoteViewServices.framework/Versions/A/RemoteViewServices
0x00007fff74862000 	/System/Library/PrivateFrameworks/UIFoundation.framework/Versions/A/UIFoundation
0x00007fff7601a000 	/System/Library/PrivateFrameworks/XCTTargetBootstrap.framework/Versions/A/XCTTargetBootstrap
0x00007fff6a865000 	/System/Library/PrivateFrameworks/IconServices.framework/Versions/A/IconServices
0x00007fff510e3000 	/System/Library/Frameworks/Metal.framework/Versions/A/Metal
0x00007fff61a67000 	/System/Library/PrivateFrameworks/DesktopServicesPriv.framework/Versions/A/DesktopServicesPriv
0x00007fff779cf000 	/usr/lib/libenergytrace.dylib
0x00007fff725d3000 	/System/Library/PrivateFrameworks/SkyLight.framework/Versions/A/SkyLight
0x00007fff4c8c3000 	/System/Library/Frameworks/CoreGraphics.framework/Versions/A/CoreGraphics
0x00007fff485a9000 	/System/Library/Frameworks/Accelerate.framework/Versions/A/Accelerate
0x00007fff4efa0000 	/System/Library/Frameworks/IOSurface.framework/Versions/A/IOSurface
0x00007fff618c9000 	/System/Library/PrivateFrameworks/DFRFoundation.framework/Versions/A/DFRFoundation
0x00007fff4ad4f000 	/System/Library/Frameworks/AudioToolbox.framework/Versions/A/AudioToolbox
0x00007fff4afee000 	/System/Library/Frameworks/AudioUnit.framework/Versions/A/AudioUnit
0x00007fff61960000 	/System/Library/PrivateFrameworks/DataDetectorsCore.framework/Versions/A/DataDetectorsCore
0x00007fff4b72d000 	/System/Library/Frameworks/Carbon.framework/Versions/A/Frameworks/HIToolbox.framework/Versions/A/HIToolbox
0x00007fff77b2a000 	/usr/lib/libicucore.A.dylib
0x00007fff57483000 	/System/Library/Frameworks/QuartzCore.framework/Versions/A/QuartzCore
0x00007fff4bb14000 	/System/Library/Frameworks/Carbon.framework/Versions/A/Frameworks/SpeechRecognition.framework/Versions/A/SpeechRecognition
0x00007fff76d77000 	/usr/lib/libauto.dylib
0x00007fff7948a000 	/usr/lib/libxml2.2.dylib
0x00007fff614c8000 	/System/Library/PrivateFrameworks/CoreUI.framework/Versions/A/CoreUI
0x00007fff4beb8000 	/System/Library/Frameworks/CoreAudio.framework/Versions/A/CoreAudio
0x00007fff4e648000 	/System/Library/Frameworks/DiskArbitration.framework/Versions/A/DiskArbitration
0x00007fff77dda000 	/usr/lib/liblangid.dylib
0x00007fff6bd15000 	/System/Library/PrivateFrameworks/MultitouchSupport.framework/Versions/A/MultitouchSupport
0x00007fff4ef0b000 	/System/Library/Frameworks/IOKit.framework/Versions/A/IOKit
0x00007fff767e2000 	/usr/lib/libDiagnosticMessagesClient.dylib
0x00007fff4d74e000 	/System/Library/Frameworks/CoreServices.framework/Versions/A/CoreServices
0x00007fff6da4b000 	/System/Library/PrivateFrameworks/PerformanceAnalysis.framework/Versions/A/PerformanceAnalysis
0x00007fff56618000 	/System/Library/Frameworks/OpenGL.framework/Versions/A/OpenGL
0x00007fff4bc51000 	/System/Library/Frameworks/ColorSync.framework/Versions/A/ColorSync
0x00007fff4cf6f000 	/System/Library/Frameworks/CoreImage.framework/Versions/A/CoreImage
0x00007fff4e191000 	/System/Library/Frameworks/CoreText.framework/Versions/A/CoreText
0x00007fff4f001000 	/System/Library/Frameworks/ImageIO.framework/Versions/A/ImageIO
0x00007fff5db03000 	/System/Library/PrivateFrameworks/Backup.framework/Versions/A/Backup
0x00007fff76c4a000 	/usr/lib/libarchive.2.dylib
0x00007fff4b352000 	/System/Library/Frameworks/CFNetwork.framework/Versions/A/CFNetwork
0x00007fff586db000 	/System/Library/Frameworks/SystemConfiguration.framework/Versions/A/SystemConfiguration
0x00007fff7670b000 	/usr/lib/libCRFSuite.dylib
0x00007fff76e6e000 	/usr/lib/libc++.1.dylib
0x00007fff76ec6000 	/usr/lib/libc++abi.dylib
0x00007fff7961a000 	/usr/lib/system/libcache.dylib
0x00007fff7961f000 	/usr/lib/system/libcommonCrypto.dylib
0x00007fff7962a000 	/usr/lib/system/libcompiler_rt.dylib
0x00007fff79632000 	/usr/lib/system/libcopyfile.dylib
0x00007fff7963c000 	/usr/lib/system/libcorecrypto.dylib
0x00007fff79747000 	/usr/lib/system/libdispatch.dylib
0x00007fff79782000 	/usr/lib/system/libdyld.dylib
0x00007fff797b2000 	/usr/lib/system/libkeymgr.dylib
0x00007fff797c0000 	/usr/lib/system/liblaunch.dylib
0x00007fff797c1000 	/usr/lib/system/libmacho.dylib
0x00007fff797c7000 	/usr/lib/system/libquarantine.dylib
0x00007fff797ca000 	/usr/lib/system/libremovefile.dylib
0x00007fff797cc000 	/usr/lib/system/libsystem_asl.dylib
0x00007fff797e4000 	/usr/lib/system/libsystem_blocks.dylib
0x00007fff797e5000 	/usr/lib/system/libsystem_c.dylib
0x00007fff7986e000 	/usr/lib/system/libsystem_configuration.dylib
0x00007fff79872000 	/usr/lib/system/libsystem_coreservices.dylib
0x00007fff79876000 	/usr/lib/system/libsystem_darwin.dylib
0x00007fff7987d000 	/usr/lib/system/libsystem_dnssd.dylib
0x00007fff79884000 	/usr/lib/system/libsystem_info.dylib
0x00007fff798fa000 	/usr/lib/system/libsystem_m.dylib
0x00007fff79946000 	/usr/lib/system/libsystem_malloc.dylib
0x00007fff7996b000 	/usr/lib/system/libsystem_networkextension.dylib
0x00007fff79977000 	/usr/lib/system/libsystem_notify.dylib
0x00007fff79994000 	/usr/lib/system/libsystem_sandbox.dylib
0x00007fff79998000 	/usr/lib/system/libsystem_secinit.dylib
0x00007fff798d1000 	/usr/lib/system/libsystem_kernel.dylib
0x00007fff7997f000 	/usr/lib/system/libsystem_platform.dylib
0x00007fff79989000 	/usr/lib/system/libsystem_pthread.dylib
0x00007fff7999b000 	/usr/lib/system/libsystem_symptoms.dylib
0x00007fff799a3000 	/usr/lib/system/libsystem_trace.dylib
0x00007fff799ba000 	/usr/lib/system/libunwind.dylib
0x00007fff799c0000 	/usr/lib/system/libxpc.dylib
0x00007fff76e4e000 	/usr/lib/libbsm.0.dylib
0x00007fff797b3000 	/usr/lib/system/libkxld.dylib
0x00007fff5cdb0000 	/System/Library/PrivateFrameworks/AppleFSCompression.framework/Versions/A/AppleFSCompression
0x00007fff76a53000 	/usr/lib/libOpenScriptingUtil.dylib
0x00007fff771b1000 	/usr/lib/libcoretls.dylib
0x00007fff771c8000 	/usr/lib/libcoretls_cfhelpers.dylib
0x00007fff78e58000 	/usr/lib/libpam.2.dylib
0x00007fff7901b000 	/usr/lib/libsqlite3.dylib
0x00007fff79478000 	/usr/lib/libxar.1.dylib
0x00007fff76e5f000 	/usr/lib/libbz2.1.0.dylib
0x00007fff77ddc000 	/usr/lib/liblzma.5.dylib
0x00007fff782d2000 	/usr/lib/libnetwork.dylib
0x00007fff76c33000 	/usr/lib/libapple_nghttp2.dylib
0x00007fff78e5f000 	/usr/lib/libpcap.A.dylib
0x00007fff4daf2000 	/System/Library/Frameworks/CoreServices.framework/Versions/A/Frameworks/FSEvents.framework/Versions/A/FSEvents
0x00007fff4d7ce000 	/System/Library/Frameworks/CoreServices.framework/Versions/A/Frameworks/CarbonCore.framework/Versions/A/CarbonCore
0x00007fff4dcc7000 	/System/Library/Frameworks/CoreServices.framework/Versions/A/Frameworks/Metadata.framework/Versions/A/Metadata
0x00007fff4dd6a000 	/System/Library/Frameworks/CoreServices.framework/Versions/A/Frameworks/OSServices.framework/Versions/A/OSServices
0x00007fff4ddb6000 	/System/Library/Frameworks/CoreServices.framework/Versions/A/Frameworks/SearchKit.framework/Versions/A/SearchKit
0x00007fff4d74f000 	/System/Library/Frameworks/CoreServices.framework/Versions/A/Frameworks/AE.framework/Versions/A/AE
0x00007fff4dafb000 	/System/Library/Frameworks/CoreServices.framework/Versions/A/Frameworks/LaunchServices.framework/Versions/A/LaunchServices
0x00007fff4daa7000 	/System/Library/Frameworks/CoreServices.framework/Versions/A/Frameworks/DictionaryServices.framework/Versions/A/DictionaryServices
0x00007fff4de25000 	/System/Library/Frameworks/CoreServices.framework/Versions/A/Frameworks/SharedFileList.framework/Versions/A/SharedFileList
0x00007fff525a9000 	/System/Library/Frameworks/NetFS.framework/Versions/A/NetFS
0x00007fff6bfb2000 	/System/Library/PrivateFrameworks/NetAuth.framework/Versions/A/NetAuth
0x00007fff7644e000 	/System/Library/PrivateFrameworks/login.framework/Versions/A/Frameworks/loginsupport.framework/Versions/A/loginsupport
0x00007fff7445a000 	/System/Library/PrivateFrameworks/TCC.framework/Versions/A/TCC
0x00007fff60ad0000 	/System/Library/PrivateFrameworks/CoreNLP.framework/Versions/A/CoreNLP
0x00007fff6ba06000 	/System/Library/PrivateFrameworks/MetadataUtilities.framework/Versions/A/MetadataUtilities
0x00007fff77ebd000 	/usr/lib/libmecabra.dylib
0x00007fff4a84b000 	/System/Library/Frameworks/ApplicationServices.framework/Versions/A/Frameworks/ATS.framework/Versions/A/ATS
0x00007fff4abb6000 	/System/Library/Frameworks/ApplicationServices.framework/Versions/A/Frameworks/ColorSyncLegacy.framework/Versions/A/ColorSyncLegacy
0x00007fff4ac57000 	/System/Library/Frameworks/ApplicationServices.framework/Versions/A/Frameworks/HIServices.framework/Versions/A/HIServices
0x00007fff4acaa000 	/System/Library/Frameworks/ApplicationServices.framework/Versions/A/Frameworks/LangAnalysis.framework/Versions/A/LangAnalysis
0x00007fff4acb9000 	/System/Library/Frameworks/ApplicationServices.framework/Versions/A/Frameworks/PrintCore.framework/Versions/A/PrintCore
0x00007fff4ad06000 	/System/Library/Frameworks/ApplicationServices.framework/Versions/A/Frameworks/QD.framework/Versions/A/QD
0x00007fff4ad42000 	/System/Library/Frameworks/ApplicationServices.framework/Versions/A/Frameworks/SpeechSynthesis.framework/Versions/A/SpeechSynthesis
0x00007fff76eee000 	/usr/lib/libcompression.dylib
0x00007fff4c389000 	/System/Library/Frameworks/CoreDisplay.framework/Versions/A/CoreDisplay
0x00007fff513ab000 	/System/Library/Frameworks/MetalPerformanceShaders.framework/Versions/A/MetalPerformanceShaders
0x00007fff485c1000 	/System/Library/Frameworks/Accelerate.framework/Versions/A/Frameworks/vImage.framework/Versions/A/vImage
0x00007fff49826000 	/System/Library/Frameworks/Accelerate.framework/Versions/A/Frameworks/vecLib.framework/Versions/A/vecLib
0x00007fff496ae000 	/System/Library/Frameworks/Accelerate.framework/Versions/A/Frameworks/vecLib.framework/Versions/A/libvMisc.dylib
0x00007fff4950f000 	/System/Library/Frameworks/Accelerate.framework/Versions/A/Frameworks/vecLib.framework/Versions/A/libvDSP.dylib
0x00007fff48eb6000 	/System/Library/Frameworks/Accelerate.framework/Versions/A/Frameworks/vecLib.framework/Versions/A/libBLAS.dylib
0x00007fff490a8000 	/System/Library/Frameworks/Accelerate.framework/Versions/A/Frameworks/vecLib.framework/Versions/A/libLAPACK.dylib
0x00007fff49462000 	/System/Library/Frameworks/Accelerate.framework/Versions/A/Frameworks/vecLib.framework/Versions/A/libLinearAlgebra.dylib
0x00007fff494fc000 	/System/Library/Frameworks/Accelerate.framework/Versions/A/Frameworks/vecLib.framework/Versions/A/libSparseBLAS.dylib
0x00007fff49478000 	/System/Library/Frameworks/Accelerate.framework/Versions/A/Frameworks/vecLib.framework/Versions/A/libQuadrature.dylib
0x00007fff49062000 	/System/Library/Frameworks/Accelerate.framework/Versions/A/Frameworks/vecLib.framework/Versions/A/libBNNS.dylib
0x00007fff4947e000 	/System/Library/Frameworks/Accelerate.framework/Versions/A/Frameworks/vecLib.framework/Versions/A/libSparse.dylib
0x00007fff67ff7000 	/System/Library/PrivateFrameworks/GPUWrangler.framework/Versions/A/GPUWrangler
0x00007fff6a42c000 	/System/Library/PrivateFrameworks/IOAccelerator.framework/Versions/A/IOAccelerator
0x00007fff6a437000 	/System/Library/PrivateFrameworks/IOPresentment.framework/Versions/A/IOPresentment
0x00007fff618d9000 	/System/Library/PrivateFrameworks/DSExternalDisplay.framework/Versions/A/DSExternalDisplay
0x00007fff55a5d000 	/System/Library/Frameworks/OpenGL.framework/Versions/A/Libraries/libCoreFSCache.dylib
0x00007fff51193000 	/System/Library/Frameworks/MetalPerformanceShaders.framework/Frameworks/MPSCore.framework/Versions/A/MPSCore
0x00007fff511b4000 	/System/Library/Frameworks/MetalPerformanceShaders.framework/Frameworks/MPSImage.framework/Versions/A/MPSImage
0x00007fff5125c000 	/System/Library/Frameworks/MetalPerformanceShaders.framework/Frameworks/MPSNeuralNetwork.framework/Versions/A/MPSNeuralNetwork
0x00007fff51233000 	/System/Library/Frameworks/MetalPerformanceShaders.framework/Frameworks/MPSMatrix.framework/Versions/A/MPSMatrix
0x00007fff5138f000 	/System/Library/Frameworks/MetalPerformanceShaders.framework/Frameworks/MPSRayIntersector.framework/Versions/A/MPSRayIntersector
0x00007fff6ba2f000 	/System/Library/PrivateFrameworks/MetalTools.framework/Versions/A/MetalTools
0x00007fff5c4aa000 	/System/Library/PrivateFrameworks/AggregateDictionary.framework/Versions/A/AggregateDictionary
0x00007fff76a33000 	/usr/lib/libMobileGestalt.dylib
0x00007fff4e2f7000 	/System/Library/Frameworks/CoreVideo.framework/Versions/A/CoreVideo
0x00007fff68e67000 	/System/Library/PrivateFrameworks/GraphVisualizer.framework/Versions/A/GraphVisualizer
0x00007fff62c02000 	/System/Library/PrivateFrameworks/FaceCore.framework/Versions/A/FaceCore
0x00007fff55075000 	/System/Library/Frameworks/OpenCL.framework/Versions/A/OpenCL
0x00007fff7681a000 	/usr/lib/libFosl_dynamic.dylib
0x00007fff6c88a000 	/System/Library/PrivateFrameworks/OTSVG.framework/Versions/A/OTSVG
0x00007fff4a94f000 	/System/Library/Frameworks/ApplicationServices.framework/Versions/A/Frameworks/ATS.framework/Versions/A/Resources/libFontParser.dylib
0x00007fff4aa6f000 	/System/Library/Frameworks/ApplicationServices.framework/Versions/A/Frameworks/ATS.framework/Versions/A/Resources/libFontRegistry.dylib
0x00007fff4f28e000 	/System/Library/Frameworks/ImageIO.framework/Versions/A/Resources/libJPEG.dylib
0x00007fff4f5b1000 	/System/Library/Frameworks/ImageIO.framework/Versions/A/Resources/libTIFF.dylib
0x00007fff4f587000 	/System/Library/Frameworks/ImageIO.framework/Versions/A/Resources/libPng.dylib
0x00007fff4f1a3000 	/System/Library/Frameworks/ImageIO.framework/Versions/A/Resources/libGIF.dylib
0x00007fff4f1a8000 	/System/Library/Frameworks/ImageIO.framework/Versions/A/Resources/libJP2.dylib
0x00007fff4f5ae000 	/System/Library/Frameworks/ImageIO.framework/Versions/A/Resources/libRadiance.dylib
0x00007fff5cf09000 	/System/Library/PrivateFrameworks/AppleJPEG.framework/Versions/A/AppleJPEG
0x00007fff55a68000 	/System/Library/Frameworks/OpenGL.framework/Versions/A/Libraries/libGFXShared.dylib
0x00007fff55c2b000 	/System/Library/Frameworks/OpenGL.framework/Versions/A/Libraries/libGLU.dylib
0x00007fff55a71000 	/System/Library/Frameworks/OpenGL.framework/Versions/A/Libraries/libGL.dylib
0x00007fff55a7d000 	/System/Library/Frameworks/OpenGL.framework/Versions/A/Libraries/libGLImage.dylib
0x00007fff55a5a000 	/System/Library/Frameworks/OpenGL.framework/Versions/A/Libraries/libCVMSPluginSupport.dylib
0x00007fff55a63000 	/System/Library/Frameworks/OpenGL.framework/Versions/A/Libraries/libCoreVMClient.dylib
0x00007fff77840000 	/usr/lib/libcups.2.dylib
0x00007fff506a8000 	/System/Library/Frameworks/Kerberos.framework/Versions/A/Kerberos
0x00007fff4ec55000 	/System/Library/Frameworks/GSS.framework/Versions/A/GSS
0x00007fff78faf000 	/usr/lib/libresolv.9.dylib
0x00007fff77a38000 	/usr/lib/libiconv.2.dylib
0x00007fff68fc7000 	/System/Library/PrivateFrameworks/Heimdal.framework/Versions/A/Heimdal
0x00007fff77a07000 	/usr/lib/libheimdal-asn1.dylib
0x00007fff550eb000 	/System/Library/Frameworks/OpenDirectory.framework/Versions/A/OpenDirectory
0x00007fff5f7cc000 	/System/Library/PrivateFrameworks/CommonAuth.framework/Versions/A/CommonAuth
0x00007fff550ce000 	/System/Library/Frameworks/OpenDirectory.framework/Versions/A/Frameworks/CFOpenDirectory.framework/Versions/A/CFOpenDirectory
0x00007fff58259000 	/System/Library/Frameworks/SecurityFoundation.framework/Versions/A/SecurityFoundation
0x00007fff5b9b9000 	/System/Library/PrivateFrameworks/APFS.framework/Versions/A/APFS
0x00007fff79474000 	/usr/lib/libutil.dylib
0x00007fff76edc000 	/usr/lib/libcharset.1.dylib
0x00007fff5d1a5000 	/System/Library/PrivateFrameworks/AppleSauce.framework/Versions/A/AppleSauce
0x00007fff5d333000 	/System/Library/PrivateFrameworks/AssertionServices.framework/Versions/A/AssertionServices
0x00007fff5dba6000 	/System/Library/PrivateFrameworks/BaseBoard.framework/Versions/A/BaseBoard
0x00007fff77e0c000 	/usr/lib/libmecab.1.0.0.dylib
0x00007fff77a01000 	/usr/lib/libgermantok.dylib
0x00007fff76c1f000 	/usr/lib/libThaiTokenizer.dylib
0x00007fff76746000 	/usr/lib/libChineseTokenizer.dylib
0x00007fff6ab63000 	/System/Library/PrivateFrameworks/LanguageModeling.framework/Versions/A/LanguageModeling
0x00007fff604e6000 	/System/Library/PrivateFrameworks/CoreEmoji.framework/Versions/A/CoreEmoji
0x00007fff6ac5b000 	/System/Library/PrivateFrameworks/Lexicon.framework/Versions/A/Lexicon
0x00007fff6aca3000 	/System/Library/PrivateFrameworks/LinguisticData.framework/Versions/A/LinguisticData
0x00007fff76edd000 	/usr/lib/libcmph.dylib
0x00007fff5831a000 	/System/Library/Frameworks/ServiceManagement.framework/Versions/A/ServiceManagement
0x00007fff5daf9000 	/System/Library/PrivateFrameworks/BackgroundTaskManagement.framework/Versions/A/BackgroundTaskManagement
0x00007fff7956e000 	/usr/lib/libxslt.1.dylib
0x00007fff4ba3f000 	/System/Library/Frameworks/Carbon.framework/Versions/A/Frameworks/Ink.framework/Versions/A/Ink
0x00007fff746da000 	/System/Library/PrivateFrameworks/TextureIO.framework/Versions/A/TextureIO
0x00007fff76c74000 	/usr/lib/libate.dylib
0x00007fff61835000 	/System/Library/PrivateFrameworks/CrashReporterSupport.framework/Versions/A/CrashReporterSupport
0x00007fff716fb000 	/System/Library/PrivateFrameworks/Sharing.framework/Versions/A/Sharing
0x00007fff5d685000 	/System/Library/PrivateFrameworks/AuthKit.framework/Versions/A/AuthKit
0x00007fff5caa8000 	/System/Library/PrivateFrameworks/Apple80211.framework/Versions/A/Apple80211
0x00007fff615f5000 	/System/Library/PrivateFrameworks/CoreUtils.framework/Versions/A/CoreUtils
0x00007fff4e335000 	/System/Library/Frameworks/CoreWLAN.framework/Versions/A/CoreWLAN
0x00007fff4ed9f000 	/System/Library/Frameworks/IOBluetooth.framework/Versions/A/IOBluetooth
0x00007fff6fa19000 	/System/Library/PrivateFrameworks/ProtocolBuffer.framework/Versions/A/ProtocolBuffer
0x00007fff6bc6c000 	/System/Library/PrivateFrameworks/MobileKeyBag.framework/Versions/A/MobileKeyBag
0x00007fff60e0d000 	/System/Library/PrivateFrameworks/CorePhoneNumbers.framework/Versions/A/CorePhoneNumbers
0x00007fff5cebd000 	/System/Library/PrivateFrameworks/AppleIDAuthSupport.framework/Versions/A/AppleIDAuthSupport
0x00007fff6ab34000 	/System/Library/PrivateFrameworks/KeychainCircle.framework/Versions/A/KeychainCircle
0x00007fff6fbe6000 	/System/Library/PrivateFrameworks/ROCKit.framework/Versions/A/ROCKit
0x00007fff617d1000 	/System/Library/PrivateFrameworks/CoreWiFi.framework/Versions/A/CoreWiFi
0x00007fff4bfae000 	/System/Library/Frameworks/CoreBluetooth.framework/Versions/A/CoreBluetooth
0x00007fff61a25000 	/System/Library/PrivateFrameworks/DebugSymbols.framework/Versions/A/DebugSymbols
0x00007fff613aa000 	/System/Library/PrivateFrameworks/CoreSymbolication.framework/Versions/A/CoreSymbolication
0x00007fff73ec4000 	/System/Library/PrivateFrameworks/Symbolication.framework/Versions/A/Symbolication
0x00007fff73056000 	/System/Library/PrivateFrameworks/SpeechRecognitionCore.framework/Versions/A/SpeechRecognitionCore
0x0000000108000000 	/Library/Java/JavaVirtualMachines/jdk-9.0.1.jdk/Contents/Home/lib/server/libjvm.dylib
0x00007fff79338000 	/usr/lib/libstdc++.6.dylib
0x0000000106fe1000 	/Library/Java/JavaVirtualMachines/jdk-9.0.1.jdk/Contents/Home/lib/libverify.dylib
0x0000000108ca2000 	/Library/Java/JavaVirtualMachines/jdk-9.0.1.jdk/Contents/Home/lib/libjava.dylib
0x0000000106ff8000 	/Library/Java/JavaVirtualMachines/jdk-9.0.1.jdk/Contents/Home/lib/libzip.dylib
0x0000000108d16000 	/Library/Java/JavaVirtualMachines/jdk-9.0.1.jdk/Contents/Home/lib/libjimage.dylib
0x0000000114153000 	/Library/Java/JavaVirtualMachines/jdk-9.0.1.jdk/Contents/Home/lib/libnio.dylib
0x0000000114163000 	/Library/Java/JavaVirtualMachines/jdk-9.0.1.jdk/Contents/Home/lib/./libnet.dylib
0x000000012b1d8000 	/Library/Java/JavaVirtualMachines/jdk-9.0.1.jdk/Contents/Home/lib/libawt.dylib
0x000000012b27d000 	/Library/Java/JavaVirtualMachines/jdk-9.0.1.jdk/Contents/Home/lib/./libmlib_image.dylib
0x00007fff50691000 	/System/Library/Frameworks/JavaVM.framework/Versions/A/Frameworks/JavaNativeFoundation.framework/Versions/A/JavaNativeFoundation
0x00007fff5069a000 	/System/Library/Frameworks/JavaVM.framework/Versions/A/Frameworks/JavaRuntimeSupport.framework/Versions/A/JavaRuntimeSupport
0x00007fff506a3000 	/System/Library/Frameworks/JavaVM.framework/Versions/A/JavaVM
0x00007fff6aa4b000 	/System/Library/PrivateFrameworks/JavaLaunching.framework/Versions/A/JavaLaunching
0x00007fff4b728000 	/System/Library/Frameworks/Carbon.framework/Versions/A/Carbon
0x00007fff4b729000 	/System/Library/Frameworks/Carbon.framework/Versions/A/Frameworks/CommonPanels.framework/Versions/A/CommonPanels
0x00007fff4ba35000 	/System/Library/Frameworks/Carbon.framework/Versions/A/Frameworks/Help.framework/Versions/A/Help
0x00007fff4ba39000 	/System/Library/Frameworks/Carbon.framework/Versions/A/Frameworks/ImageCapture.framework/Versions/A/ImageCapture
0x00007fff4bad4000 	/System/Library/Frameworks/Carbon.framework/Versions/A/Frameworks/OpenScripting.framework/Versions/A/OpenScripting
0x00007fff4bb0f000 	/System/Library/Frameworks/Carbon.framework/Versions/A/Frameworks/Print.framework/Versions/A/Print
0x00007fff4bb11000 	/System/Library/Frameworks/Carbon.framework/Versions/A/Frameworks/SecurityHI.framework/Versions/A/SecurityHI
0x000000012b2eb000 	/Library/Java/JavaVirtualMachines/jdk-9.0.1.jdk/Contents/Home/lib/libawt_lwawt.dylib
0x000000012b3ab000 	/Library/Java/JavaVirtualMachines/jdk-9.0.1.jdk/Contents/Home/lib/./libosxapp.dylib
0x00007fff4e7ee000 	/System/Library/Frameworks/ExceptionHandling.framework/Versions/A/ExceptionHandling
0x000000012b661000 	/Library/Java/JavaVirtualMachines/jdk-9.0.1.jdk/Contents/Home/lib/libfontmanager.dylib
0x00007fff60fa4000 	/System/Library/PrivateFrameworks/CoreServicesInternal.framework/Versions/A/CoreServicesInternal
0x00007fff42112000 	/System/Library/CoreServices/RawCamera.bundle/Contents/MacOS/RawCamera
0x00007fff6bad6000 	/System/Library/PrivateFrameworks/MobileAsset.framework/Versions/A/MobileAsset
0x00007fff73748000 	/System/Library/PrivateFrameworks/StreamingZip.framework/Versions/A/StreamingZip
0x00007fff50a43000 	/System/Library/Frameworks/MediaToolbox.framework/Versions/A/MediaToolbox
0x00007fff6006b000 	/System/Library/PrivateFrameworks/CoreAVCHD.framework/Versions/A/CoreAVCHD
0x00007fff5097f000 	/System/Library/Frameworks/MediaAccessibility.framework/Versions/A/MediaAccessibility
0x00007fff6b508000 	/System/Library/PrivateFrameworks/Mangrove.framework/Versions/A/Mangrove
0x00007fff4d5e9000 	/System/Library/Frameworks/CoreMedia.framework/Versions/A/CoreMedia
0x00007fff589ac000 	/System/Library/Frameworks/VideoToolbox.framework/Versions/A/VideoToolbox
0x00007fff5fc93000 	/System/Library/PrivateFrameworks/CoreAUC.framework/Versions/A/CoreAUC
0x00007fff79019000 	/usr/lib/libspindump.dylib
0x00007fff5d298000 	/System/Library/PrivateFrameworks/AppleVA.framework/Versions/A/AppleVA
0x00007fff485aa000 	/System/Library/Frameworks/Accelerate.framework/Versions/A/Frameworks/vImage.framework/Versions/A/Libraries/libCGInterfaces.dylib
0x00007fff4ab19000 	/System/Library/Frameworks/ApplicationServices.framework/Versions/A/Frameworks/ATS.framework/Versions/A/Resources/libTrueTypeScaler.dylib
0x00007fff44437000 	/System/Library/Extensions/AppleIntelHD4000GraphicsMTLDriver.bundle/Contents/MacOS/AppleIntelHD4000GraphicsMTLDriver
0x00007fff48031000 	/System/Library/Extensions/GeForceMTLDriver.bundle/Contents/MacOS/GeForceMTLDriver
0x00007fff6694c000 	/System/Library/PrivateFrameworks/GPUCompiler.framework/Versions/3902/Libraries/libmetal_timestamp.dylib
0x00007fff7570b000 	/System/Library/PrivateFrameworks/ViewBridge.framework/Versions/A/ViewBridge
0x00007fff56628000 	/System/Library/Frameworks/OpenGL.framework/Versions/A/Resources/GLEngine.bundle/GLEngine
0x00007fff55ab8000 	/System/Library/Frameworks/OpenGL.framework/Versions/A/Libraries/libGLProgrammability.dylib
0x00007fff43f15000 	/System/Library/Extensions/AppleIntelHD4000GraphicsGLDriver.bundle/Contents/MacOS/AppleIntelHD4000GraphicsGLDriver
0x00007fff67feb000 	/System/Library/PrivateFrameworks/GPUSupport.framework/Versions/A/Libraries/libGPUSupportMercury.dylib
0x00007fff47022000 	/System/Library/Extensions/GeForceGLDriver.bundle/Contents/MacOS/GeForceGLDriver
0x00007fff47954000 	/System/Library/Extensions/GeForceGLDriver.bundle/Contents/MacOS/libclh.dylib
0x00007fff567bf000 	/System/Library/Frameworks/OpenGL.framework/Versions/A/Resources/GLRendererFloat.bundle/GLRendererFloat
0x00007fff5506c000 	/System/Library/Frameworks/OpenCL.framework/Versions/A/Libraries/libcldcpuengine.dylib
0x00007fff77368000 	/usr/lib/libcrypto.35.dylib
0x00007fff7485b000 	/System/Library/PrivateFrameworks/TrustEvaluationAgent.framework/Versions/A/TrustEvaluationAgent
0x00000001304a7000 	/usr/lib/libobjc-trampolines.dylib
0x0000000130f6e000 	/Library/Java/JavaVirtualMachines/jdk-9.0.1.jdk/Contents/Home/lib/libosxui.dylib
0x0000000173237000 	/private/var/folders/l3/sl61647n317g9v3_d9jdnvjw0000gq/T/jogamp_0000/file_cache/jln13997598997317511677/jln11642024407891633069/libgluegen-rt.jnilib
0x000000017323b000 	/private/var/folders/l3/sl61647n317g9v3_d9jdnvjw0000gq/T/jogamp_0000/file_cache/jln13997598997317511677/jln11642024407891633069/libnativewindow_awt.jnilib
0x000000017323e000 	/Library/Java/JavaVirtualMachines/jdk-9.0.1.jdk/Contents/Home/lib/libjawt.dylib
0x0000000173241000 	/private/var/folders/l3/sl61647n317g9v3_d9jdnvjw0000gq/T/jogamp_0000/file_cache/jln13997598997317511677/jln11642024407891633069/libnativewindow_macosx.jnilib
0x00000001773b5000 	/private/var/folders/l3/sl61647n317g9v3_d9jdnvjw0000gq/T/jogamp_0000/file_cache/jln13997598997317511677/jln11642024407891633069/libjogl_desktop.jnilib

VM Arguments:
jvm_args: -Djava.security.policy=java.policy.applet -Dfile.encoding=UTF-8 
java_command: sun.applet.AppletViewer module6.AirportMap1552537174863.html
java_class_path (initial): /Users/margo/Development/Eclipse/UCSDUnfoldingMaps/build:/Users/margo/Development/Eclipse/UCSDUnfoldingMaps/lib/core.jar:/Users/margo/Development/Eclipse/UCSDUnfoldingMaps/lib/gluegen-rt.jar:/Users/margo/Development/Eclipse/UCSDUnfoldingMaps/lib/jogl-all.jar:/Users/margo/Development/Eclipse/UCSDUnfoldingMaps/lib/log4j-1.2.15.jar:/Users/margo/Development/Eclipse/UCSDUnfoldingMaps/lib/sqlite-jdbc-3.7.2.jar:/Users/margo/Development/Eclipse/UCSDUnfoldingMaps/lib/json4processing.jar:/Users/margo/Development/Eclipse/UCSDUnfoldingMaps/lib/libTUIO.jar:/Users/margo/Development/Eclipse/UCSDUnfoldingMaps/lib/unfolding.0.9.7-uscd.jar
Launcher Type: SUN_STANDARD

Logging:
Log output configuration:
#0: stdout all=warning uptime,level,tags
#1: stderr all=off uptime,level,tags

Environment Variables:
PATH=/usr/bin:/bin:/usr/sbin:/sbin
SHELL=/bin/bash

Signal Handlers:
SIGSEGV: [libjvm.dylib+0x73e2dc], sa_mask[0]=11111111011111110111111111111111, sa_flags=SA_ONSTACK|SA_RESTART|SA_SIGINFO
SIGBUS: [libjvm.dylib+0x73e2dc], sa_mask[0]=11111111011111110111111111111111, sa_flags=SA_RESTART|SA_SIGINFO
SIGFPE: [libjvm.dylib+0x73e2dc], sa_mask[0]=11111111011111110111111111111111, sa_flags=SA_RESTART|SA_SIGINFO
SIGPIPE: [libjvm.dylib+0x5f15ac], sa_mask[0]=11111111011111110111111111111111, sa_flags=SA_RESTART|SA_SIGINFO
SIGXFSZ: [libjvm.dylib+0x5f15ac], sa_mask[0]=11111111011111110111111111111111, sa_flags=SA_RESTART|SA_SIGINFO
SIGILL: [libjvm.dylib+0x73e2dc], sa_mask[0]=11111111011111110111111111111111, sa_flags=SA_RESTART|SA_SIGINFO
SIGUSR2: [libjvm.dylib+0x5f1e3c], sa_mask[0]=00100000000000000000000000000000, sa_flags=SA_RESTART|SA_SIGINFO
SIGHUP: [libjvm.dylib+0x5f0679], sa_mask[0]=11111111011111110111111111111111, sa_flags=SA_RESTART|SA_SIGINFO
SIGINT: [libjvm.dylib+0x5f0679], sa_mask[0]=11111111011111110111111111111111, sa_flags=SA_RESTART|SA_SIGINFO
SIGTERM: [libjvm.dylib+0x5f0679], sa_mask[0]=11111111011111110111111111111111, sa_flags=SA_RESTART|SA_SIGINFO
SIGQUIT: [libjvm.dylib+0x5f0679], sa_mask[0]=11111111011111110111111111111111, sa_flags=SA_RESTART|SA_SIGINFO


---------------  S Y S T E M  ---------------

OS:uname:Darwin 18.2.0 Darwin Kernel Version 18.2.0: Thu Dec 20 20:46:53 PST 2018; root:xnu-4903.241.1~1/RELEASE_X86_64 x86_64
rlimit: STACK 8192k, CORE 0k, NPROC 709, NOFILE 10240, AS infinity
load average:1.49 1.82 2.06

CPU:total 8 (initial active 8) (4 cores per cpu, 2 threads per core) family 6 model 58 stepping 9, cmov, cx8, fxsr, mmx, sse, sse2, sse3, ssse3, sse4.1, sse4.2, popcnt, avx, aes, clmul, erms, ht, tsc, tscinvbit, tscinv

Memory: 4k page, physical 8388608k(73516k free)

vm_info: Java HotSpot(TM) 64-Bit Server VM (9.0.1+11) for bsd-amd64 JRE (9.0.1+11), built on Sep 28 2017 03:49:57 by "mach5one" with gcc 4.2.1 Compatible Apple LLVM 6.1.0 (clang-602.0.49)

END.
