#
# A fatal error has been detected by the Java Runtime Environment:
#
#  SIGSEGV (0xb) at pc=0x00000001318610cc, pid=83069, tid=775
#
# JRE version: Java(TM) SE Runtime Environment (9.0+11) (build 9.0.1+11)
# Java VM: Java HotSpot(TM) 64-Bit Server VM (9.0.1+11, mixed mode, tiered, compressed oops, g1 gc, bsd-amd64)
# Problematic frame:
# C  [libosxapp.dylib+0x20cc]  -[NSApplicationAWT sendEvent:]+0x179
#
# No core dump will be written. Core dumps have been disabled. To enable core dumping, try "ulimit -c unlimited" before starting Java again
#
# If you would like to submit a bug report, please visit:
#   http://bugreport.java.com/bugreport/crash.jsp
# The crash happened outside the Java Virtual Machine in native code.
# See problematic frame for where to report the bug.
#

---------------  S U M M A R Y ------------

Command Line: -Djava.security.policy=java.policy.applet -Dfile.encoding=UTF-8 sun.applet.AppletViewer demos.EarthquakeCityMapDemo1552008228997.html

Host: MacBookPro10,1 x86_64 2300 MHz, 8 cores, 8G, Darwin 18.2.0
Time: Thu Mar  7 17:24:01 2019 PST elapsed time: 12 seconds (0d 0h 0m 12s)

---------------  T H R E A D  ---------------

Current thread (0x00007f819c038800):  JavaThread "AppKit Thread" daemon [_thread_in_native, id=775, stack(0x00007ffee1f96000,0x00007ffee2796000)]

Stack: [0x00007ffee1f96000,0x00007ffee2796000],  sp=0x00007ffee2793540,  free space=8181k
Native frames: (J=compiled Java code, A=aot compiled Java code, j=interpreted, Vv=VM code, C=native code)
C  [libosxapp.dylib+0x20cc]  -[NSApplicationAWT sendEvent:]+0x179
C  [AppKit+0x1419d]  -[NSApplication run]+0x2f3
C  [libosxapp.dylib+0x1d3a]  +[NSApplicationAWT runAWTLoopWithApp:]+0x9d
C  [libawt_lwawt.dylib+0x3a544]  +[AWTStarter starter:headless:]+0x342
C  [JavaNativeFoundation+0x6f3c]  +[JNFRunLoop _performCopiedBlock:]+0x11
C  [Foundation+0xb1bab]  __NSThreadPerformPerform+0x147
C  [CoreFoundation+0x580f9]  __CFRUNLOOP_IS_CALLING_OUT_TO_A_SOURCE0_PERFORM_FUNCTION__+0x11
C  [CoreFoundation+0x5809f]  __CFRunLoopDoSource0+0x6c
C  [CoreFoundation+0x3bf4c]  __CFRunLoopDoSources0+0xc3
C  [CoreFoundation+0x3b4f3]  __CFRunLoopRun+0x4ca
C  [CoreFoundation+0x3add6]  CFRunLoopRunSpecific+0x1d3
C  [java+0x6b2e]  CreateExecutionEnvironment+0x35c
C  [java+0x2c65]  JLI_Launch+0x5a9
C  [java+0x1b62]  main+0x186
C  [java+0x19d4]  start+0x34
C  0x0000000000000007


siginfo: si_signo: 11 (SIGSEGV), si_code: 1 (SEGV_MAPERR), si_addr: 0x0000000000000010

Register to memory mapping:

RAX=0x0000000000000000 is an unknown value
RBX=0x0000000000000000 is an unknown value
RCX=0x000000000021e000 is an unknown value
RDX=0x00000035ee7de0fe is an unknown value
RSP=0x00007ffee2793540 is pointing into the stack for thread: 0x00007f819c038800
RBP=0x00007ffee2793570 is pointing into the stack for thread: 0x00007f819c038800
RSI=0x00007fff4a5ec125: GCC_except_table7+0xf7e9 in /System/Library/Frameworks/AppKit.framework/Versions/C/AppKit at 0x00007fff499d7000
RDI=0x0000000000000000 is an unknown value
R8 =0x00000000000000ff is an unknown value
R9 =0x00007f819dc94be0 is an unknown value
R10=0x0000000000000025 is an unknown value
R11=0x00007fff49b70668: -[NSEvent data1]+0 in /System/Library/Frameworks/AppKit.framework/Versions/C/AppKit at 0x00007fff499d7000
R12=0x00007fff786c3580: objc_msgSend+0 in /usr/lib/libobjc.A.dylib at 0x00007fff786bc000
R13=0x0000000000000001 is an unknown value
R14=0x00007fff786c3580: objc_msgSend+0 in /usr/lib/libobjc.A.dylib at 0x00007fff786bc000
R15=0x00007f8197e44a80 is an unknown value


Registers:
RAX=0x0000000000000000, RBX=0x0000000000000000, RCX=0x000000000021e000, RDX=0x00000035ee7de0fe
RSP=0x00007ffee2793540, RBP=0x00007ffee2793570, RSI=0x00007fff4a5ec125, RDI=0x0000000000000000
R8 =0x00000000000000ff, R9 =0x00007f819dc94be0, R10=0x0000000000000025, R11=0x00007fff49b70668
R12=0x00007fff786c3580, R13=0x0000000000000001, R14=0x00007fff786c3580, R15=0x00007f8197e44a80
RIP=0x00000001318610cc, EFLAGS=0x0000000000010246, ERR=0x0000000000000004
  TRAPNO=0x000000000000000e

Top of Stack: (sp=0x00007ffee2793540)
0x00007ffee2793540:   00007ffee2793560 ffff807e6236b420
0x00007ffee2793550:   00007f8197c75690 00007f819dc94be0
0x00007ffee2793560:   00007f819a20c5c0 00007f8197e44a80
0x00007ffee2793570:   00007ffee2793640 00007fff499eb19d
0x00007ffee2793580:   0000000000000000 00007fff4a5e9994
0x00007ffee2793590:   00007fff4a5dd47b 00007fff4a5dd151
0x00007ffee27935a0:   0000000000000010 00007fff4a5dce56
0x00007ffee27935b0:   00007fff4a5ebc46 00007fff4a5dccfe
0x00007ffee27935c0:   00007fff4a5dd16b 00007fffa4d3def8
0x00007ffee27935d0:   00007fff4a5dd197 00007fff4a5dd181
0x00007ffee27935e0:   00007fff4a5e3d83 00007fff4a5ebc79
0x00007ffee27935f0:   00007fff4a5dd16b 00007fff4a5dd197
0x00007ffee2793600:   00007fff4a5dd275 0000000000000062
0x00007ffee2793610:   00007fff4a5ddc4f 00007f819a20c5c0
0x00007ffee2793620:   00007fff786c3580 0000000131865690
0x00007ffee2793630:   00007fff4a5e4f32 00000001318656b0
0x00007ffee2793640:   00007ffee2793680 0000000131860d3a
0x00007ffee2793650:   0000000000000000 00007f8197d7b5e0
0x00007ffee2793660:   00007fff786c3580 00007f819a20c5c0
0x00007ffee2793670:   00007f8197e1e460 0000000000000000
0x00007ffee2793680:   00007ffee27936d0 00000001317d9544
0x00007ffee2793690:   00007f819a20c5c0 0000000000000000
0x00007ffee27936a0:   00007f8197e1e460 00007f819a103ed0
0x00007ffee27936b0:   0000000000000000 00007fff4a5dccfe
0x00007ffee27936c0:   00007f819a104100 00007f819a103660
0x00007ffee27936d0:   00007ffee27936f0 00007fff50697f3c
0x00007ffee27936e0:   0000000000000018 00007f8197d0d120
0x00007ffee27936f0:   00007ffee2793770 00007fff4e8c7bab
0x00007ffee2793700:   00007f8198800038 00007fff4a5dcdd2
0x00007ffee2793710:   00007f819a103660 00007f8197d0d120
0x00007ffee2793720:   00007fff4a5e2ef0 00007fff4a635ac7
0x00007ffee2793730:   00007fff4a5e2ef5 00007fff4a5dce56 

Instructions: (pc=0x00000001318610cc)
0x00000001318610ac:   41 5f 5d c3 48 8b 35 51 58 00 00 4c 8b 35 ca 3f
0x00000001318610bc:   00 00 48 89 df 41 ff d6 48 89 c3 31 c0 48 89 df
0x00000001318610cc:   ff 53 10 48 8b 35 1a 56 00 00 48 89 df 4c 89 f0
0x00000001318610dc:   48 83 c4 18 5b 41 5e 41 5f 5d ff e0 55 48 89 e5 


---------------  P R O C E S S  ---------------

Java Threads: ( => current thread )
  0x00007f81982fa800 JavaThread "AppletCloser" [_thread_blocked, id=73751, stack(0x0000700009333000,0x0000700009433000)]
  0x00007f8198320000 JavaThread "Keep-Alive-Timer" daemon [_thread_blocked, id=68883, stack(0x0000700009230000,0x0000700009330000)]
  0x00007f819c057000 JavaThread "AWT-EventQueue-1" [_thread_in_Java, id=62487, stack(0x0000700009ad4000,0x0000700009bd4000)]
  0x00007f8198010800 JavaThread "DestroyJavaVM" [_thread_blocked, id=9731, stack(0x0000700006fca000,0x00007000070ca000)]
  0x00007f819b1e0800 JavaThread "AWT-EventQueue-0" [_thread_blocked, id=61699, stack(0x00007000098ce000,0x00007000099ce000)]
  0x00007f819b8cd000 JavaThread "thread applet-demos.EarthquakeCityMapDemo.class" [_thread_in_Java, id=56863, stack(0x00007000097cb000,0x00007000098cb000)]
  0x00007f819a872800 JavaThread "Java2D Disposer" daemon [_thread_blocked, id=71443, stack(0x00007000096c8000,0x00007000097c8000)]
  0x00007f8198149000 JavaThread "Java2D Queue Flusher" daemon [_thread_blocked, id=55563, stack(0x00007000095c5000,0x00007000096c5000)]
  0x00007f81981d8000 JavaThread "AWT-Shutdown" [_thread_blocked, id=31527, stack(0x000070000912d000,0x000070000922d000)]
=>0x00007f819c038800 JavaThread "AppKit Thread" daemon [_thread_in_native, id=775, stack(0x00007ffee1f96000,0x00007ffee2796000)]
  0x00007f819b028800 JavaThread "Service Thread" daemon [_thread_blocked, id=39939, stack(0x0000700008f27000,0x0000700009027000)]
  0x00007f8198056800 JavaThread "Common-Cleaner" daemon [_thread_blocked, id=40195, stack(0x0000700008e24000,0x0000700008f24000)]
  0x00007f819b007000 JavaThread "Sweeper thread" daemon [_thread_blocked, id=40451, stack(0x0000700008d21000,0x0000700008e21000)]
  0x00007f819b006800 JavaThread "C1 CompilerThread3" daemon [_thread_blocked, id=25091, stack(0x0000700008c1e000,0x0000700008d1e000)]
  0x00007f819b005800 JavaThread "C2 CompilerThread2" daemon [_thread_in_native, id=24835, stack(0x0000700008b1b000,0x0000700008c1b000)]
  0x00007f819b004800 JavaThread "C2 CompilerThread1" daemon [_thread_blocked, id=24579, stack(0x0000700008a18000,0x0000700008b18000)]
  0x00007f819b003800 JavaThread "C2 CompilerThread0" daemon [_thread_blocked, id=24067, stack(0x0000700008915000,0x0000700008a15000)]
  0x00007f8198844000 JavaThread "Signal Dispatcher" daemon [_thread_blocked, id=41475, stack(0x0000700008812000,0x0000700008912000)]
  0x00007f8199880800 JavaThread "Finalizer" daemon [_thread_blocked, id=22019, stack(0x000070000870f000,0x000070000880f000)]
  0x00007f8198053000 JavaThread "Reference Handler" daemon [_thread_blocked, id=42755, stack(0x000070000860c000,0x000070000870c000)]

Other Threads:
  0x00007f8199846000 VMThread "VM Thread" [stack: 0x0000700008509000,0x0000700008609000] [id=43267]
  0x00007f8198057000 WatcherThread [stack: 0x000070000902a000,0x000070000912a000] [id=39427]
  0x00007f8198801800 GCTaskThread "GC Thread#0" [stack: 0x00007000070cd000,0x00007000071cd000] [id=11011]
  0x00007f819880a000 GCTaskThread "GC Thread#1" [stack: 0x00007000071d0000,0x00007000072d0000] [id=11523]
  0x00007f8199800000 GCTaskThread "GC Thread#2" [stack: 0x00007000072d3000,0x00007000073d3000] [id=12035]
  0x00007f8199810000 GCTaskThread "GC Thread#3" [stack: 0x00007000073d6000,0x00007000074d6000] [id=20995]
  0x00007f8199811000 GCTaskThread "GC Thread#4" [stack: 0x00007000074d9000,0x00007000075d9000] [id=12291]
  0x00007f8199811800 GCTaskThread "GC Thread#5" [stack: 0x00007000075dc000,0x00007000076dc000] [id=20483]
  0x00007f8199812000 GCTaskThread "GC Thread#6" [stack: 0x00007000076df000,0x00007000077df000] [id=20227]
  0x00007f8199812800 GCTaskThread "GC Thread#7" [stack: 0x00007000077e2000,0x00007000078e2000] [id=19971]
  0x00007f8198830800 ConcurrentGCThread "G1 Main Marker" [stack: 0x0000700008200000,0x0000700008300000] [id=16643]
  0x00007f8198831800 ConcurrentGCThread "G1 Marker#0" [stack: 0x0000700008303000,0x0000700008403000] [id=15363]
  0x00007f8198832000 ConcurrentGCThread "G1 Marker#1" [stack: 0x0000700008406000,0x0000700008506000] [id=15875]
  0x00007f819880b000 ConcurrentGCThread "G1 Refine#0" [stack: 0x0000700007ffa000,0x00007000080fa000] [id=17667]
  0x00007f819b003000 ConcurrentGCThread "G1 Refine#1" [stack: 0x0000700007ef7000,0x0000700007ff7000] [id=14851]
  0x00007f819b002000 ConcurrentGCThread "G1 Refine#2" [stack: 0x0000700007df4000,0x0000700007ef4000] [id=18179]
  0x00007f819b001800 ConcurrentGCThread "G1 Refine#3" [stack: 0x0000700007cf1000,0x0000700007df1000] [id=14339]
  0x00007f8198803000 ConcurrentGCThread "G1 Refine#4" [stack: 0x0000700007bee000,0x0000700007cee000] [id=18947]
  0x00007f819b000800 ConcurrentGCThread "G1 Refine#5" [stack: 0x0000700007aeb000,0x0000700007beb000] [id=19203]
  0x00007f8199814000 ConcurrentGCThread "G1 Refine#6" [stack: 0x00007000079e8000,0x0000700007ae8000] [id=13827]
  0x00007f8199813800 ConcurrentGCThread "G1 Refine#7" [stack: 0x00007000078e5000,0x00007000079e5000] [id=19715]
  0x00007f819880b800 ConcurrentGCThread "G1 Young RemSet Sampling" [stack: 0x00007000080fd000,0x00007000081fd000] [id=17155]

Threads with active compile tasks:
C2 CompilerThread22695       4       java.util.HashMap::get (23 bytes)

VM state:not at safepoint (normal execution)

VM Mutex/Monitor currently owned by a thread: None

Heap address: 0x0000000740000000, size: 2048 MB, Compressed Oops mode: Zero based, Oop shift amount: 3
Narrow klass base: 0x0000000000000000, Narrow klass shift: 3
Compressed class space size: 1073741824 Address: 0x00000007c0000000

Heap:
 garbage-first heap   total 131072K, used 17075K [0x0000000740000000, 0x0000000740100400, 0x00000007c0000000)
  region size 1024K, 6 young (6144K), 4 survivors (4096K)
 Metaspace       used 24853K, capacity 26003K, committed 26240K, reserved 1073152K
  class space    used 2346K, capacity 2594K, committed 2688K, reserved 1048576K
Heap Regions: E=young(eden), S=young(survivor), O=old, HS=humongous(starts), HC=humongous(continues), CS=collection set, F=free, A=archive, TS=gc time stamp, AC=allocation context, TAMS=top-at-mark-start (previous, next)
|   0|0x0000000740000000, 0x0000000740100000, 0x0000000740100000|100%| O|  |TS  1|AC  0|TAMS 0x0000000740000000, 0x0000000740000000|
|   1|0x0000000740100000, 0x0000000740200000, 0x0000000740200000|100%| O|  |TS  0|AC  0|TAMS 0x0000000740200000, 0x0000000740200000|
|   2|0x0000000740200000, 0x0000000740300000, 0x0000000740300000|100%| O|  |TS  0|AC  0|TAMS 0x0000000740300000, 0x0000000740300000|
|   3|0x0000000740300000, 0x0000000740400000, 0x0000000740400000|100%|HS|  |TS  0|AC  0|TAMS 0x0000000740300000, 0x0000000740300000|
|   4|0x0000000740400000, 0x0000000740500000, 0x0000000740500000|100%|HC|  |TS  0|AC  0|TAMS 0x0000000740400000, 0x0000000740400000|
|   5|0x0000000740500000, 0x0000000740600000, 0x0000000740600000|100%|HC|  |TS  0|AC  0|TAMS 0x0000000740500000, 0x0000000740500000|
|   6|0x0000000740600000, 0x0000000740700000, 0x0000000740700000|100%|HS|  |TS  0|AC  0|TAMS 0x0000000740600000, 0x0000000740600000|
|   7|0x0000000740700000, 0x0000000740800000, 0x0000000740800000|100%|HC|  |TS  0|AC  0|TAMS 0x0000000740700000, 0x0000000740700000|
|   8|0x0000000740800000, 0x0000000740900000, 0x0000000740900000|100%|HC|  |TS  0|AC  0|TAMS 0x0000000740800000, 0x0000000740800000|
|   9|0x0000000740900000, 0x0000000740a00000, 0x0000000740a00000|100%| O|  |TS  1|AC  0|TAMS 0x0000000740900000, 0x0000000740900000|
|  10|0x0000000740a00000, 0x0000000740b00000, 0x0000000740b00000|100%| O|  |TS  1|AC  0|TAMS 0x0000000740a00000, 0x0000000740a00000|
|  11|0x0000000740b00000, 0x0000000740bace00, 0x0000000740c00000| 67%| O|  |TS  1|AC  0|TAMS 0x0000000740b00000, 0x0000000740b00000|
|  12|0x0000000740c00000, 0x0000000740c00000, 0x0000000740d00000|  0%| F|  |TS  0|AC  0|TAMS 0x0000000740c00000, 0x0000000740c00000|
|  13|0x0000000740d00000, 0x0000000740d00000, 0x0000000740e00000|  0%| F|  |TS  0|AC  0|TAMS 0x0000000740d00000, 0x0000000740d00000|
|  14|0x0000000740e00000, 0x0000000740e00000, 0x0000000740f00000|  0%| F|  |TS  0|AC  0|TAMS 0x0000000740e00000, 0x0000000740e00000|
|  15|0x0000000740f00000, 0x0000000740f00000, 0x0000000741000000|  0%| F|  |TS  0|AC  0|TAMS 0x0000000740f00000, 0x0000000740f00000|
|  16|0x0000000741000000, 0x0000000741000000, 0x0000000741100000|  0%| F|  |TS  0|AC  0|TAMS 0x0000000741000000, 0x0000000741000000|
|  17|0x0000000741100000, 0x0000000741100000, 0x0000000741200000|  0%| F|  |TS  0|AC  0|TAMS 0x0000000741100000, 0x0000000741100000|
|  18|0x0000000741200000, 0x0000000741200000, 0x0000000741300000|  0%| F|  |TS  0|AC  0|TAMS 0x0000000741200000, 0x0000000741200000|
|  19|0x0000000741300000, 0x0000000741300000, 0x0000000741400000|  0%| F|  |TS  0|AC  0|TAMS 0x0000000741300000, 0x0000000741300000|
|  20|0x0000000741400000, 0x0000000741400000, 0x0000000741500000|  0%| F|  |TS  0|AC  0|TAMS 0x0000000741400000, 0x0000000741400000|
|  21|0x0000000741500000, 0x0000000741500000, 0x0000000741600000|  0%| F|  |TS  0|AC  0|TAMS 0x0000000741500000, 0x0000000741500000|
|  22|0x0000000741600000, 0x0000000741600000, 0x0000000741700000|  0%| F|  |TS  0|AC  0|TAMS 0x0000000741600000, 0x0000000741600000|
|  23|0x0000000741700000, 0x0000000741700000, 0x0000000741800000|  0%| F|  |TS  0|AC  0|TAMS 0x0000000741700000, 0x0000000741700000|
|  24|0x0000000741800000, 0x0000000741800000, 0x0000000741900000|  0%| F|  |TS  0|AC  0|TAMS 0x0000000741800000, 0x0000000741800000|
|  25|0x0000000741900000, 0x0000000741900000, 0x0000000741a00000|  0%| F|  |TS  0|AC  0|TAMS 0x0000000741900000, 0x0000000741900000|
|  26|0x0000000741a00000, 0x0000000741a00000, 0x0000000741b00000|  0%| F|  |TS  0|AC  0|TAMS 0x0000000741a00000, 0x0000000741a00000|
|  27|0x0000000741b00000, 0x0000000741b00000, 0x0000000741c00000|  0%| F|  |TS  0|AC  0|TAMS 0x0000000741b00000, 0x0000000741b00000|
|  28|0x0000000741c00000, 0x0000000741c00000, 0x0000000741d00000|  0%| F|  |TS  0|AC  0|TAMS 0x0000000741c00000, 0x0000000741c00000|
|  29|0x0000000741d00000, 0x0000000741d00000, 0x0000000741e00000|  0%| F|  |TS  0|AC  0|TAMS 0x0000000741d00000, 0x0000000741d00000|
|  30|0x0000000741e00000, 0x0000000741e00000, 0x0000000741f00000|  0%| F|  |TS  0|AC  0|TAMS 0x0000000741e00000, 0x0000000741e00000|
|  31|0x0000000741f00000, 0x0000000741f00000, 0x0000000742000000|  0%| F|  |TS  0|AC  0|TAMS 0x0000000741f00000, 0x0000000741f00000|
|  32|0x0000000742000000, 0x0000000742000000, 0x0000000742100000|  0%| F|  |TS  0|AC  0|TAMS 0x0000000742000000, 0x0000000742000000|
|  33|0x0000000742100000, 0x0000000742100000, 0x0000000742200000|  0%| F|  |TS  0|AC  0|TAMS 0x0000000742100000, 0x0000000742100000|
|  34|0x0000000742200000, 0x0000000742200000, 0x0000000742300000|  0%| F|  |TS  0|AC  0|TAMS 0x0000000742200000, 0x0000000742200000|
|  35|0x0000000742300000, 0x0000000742300000, 0x0000000742400000|  0%| F|  |TS  0|AC  0|TAMS 0x0000000742300000, 0x0000000742300000|
|  36|0x0000000742400000, 0x0000000742400000, 0x0000000742500000|  0%| F|  |TS  0|AC  0|TAMS 0x0000000742400000, 0x0000000742400000|
|  37|0x0000000742500000, 0x0000000742500000, 0x0000000742600000|  0%| F|  |TS  0|AC  0|TAMS 0x0000000742500000, 0x0000000742500000|
|  38|0x0000000742600000, 0x0000000742600000, 0x0000000742700000|  0%| F|  |TS  0|AC  0|TAMS 0x0000000742600000, 0x0000000742600000|
|  39|0x0000000742700000, 0x0000000742700000, 0x0000000742800000|  0%| F|  |TS  0|AC  0|TAMS 0x0000000742700000, 0x0000000742700000|
|  40|0x0000000742800000, 0x0000000742800000, 0x0000000742900000|  0%| F|  |TS  0|AC  0|TAMS 0x0000000742800000, 0x0000000742800000|
|  41|0x0000000742900000, 0x0000000742900000, 0x0000000742a00000|  0%| F|  |TS  0|AC  0|TAMS 0x0000000742900000, 0x0000000742900000|
|  42|0x0000000742a00000, 0x0000000742a00000, 0x0000000742b00000|  0%| F|  |TS  0|AC  0|TAMS 0x0000000742a00000, 0x0000000742a00000|
|  43|0x0000000742b00000, 0x0000000742b00000, 0x0000000742c00000|  0%| F|  |TS  0|AC  0|TAMS 0x0000000742b00000, 0x0000000742b00000|
|  44|0x0000000742c00000, 0x0000000742c00000, 0x0000000742d00000|  0%| F|  |TS  0|AC  0|TAMS 0x0000000742c00000, 0x0000000742c00000|
|  45|0x0000000742d00000, 0x0000000742d00000, 0x0000000742e00000|  0%| F|  |TS  0|AC  0|TAMS 0x0000000742d00000, 0x0000000742d00000|
|  46|0x0000000742e00000, 0x0000000742e00000, 0x0000000742f00000|  0%| F|  |TS  0|AC  0|TAMS 0x0000000742e00000, 0x0000000742e00000|
|  47|0x0000000742f00000, 0x0000000742f00000, 0x0000000743000000|  0%| F|  |TS  0|AC  0|TAMS 0x0000000742f00000, 0x0000000742f00000|
|  48|0x0000000743000000, 0x0000000743000000, 0x0000000743100000|  0%| F|  |TS  0|AC  0|TAMS 0x0000000743000000, 0x0000000743000000|
|  49|0x0000000743100000, 0x0000000743100000, 0x0000000743200000|  0%| F|  |TS  0|AC  0|TAMS 0x0000000743100000, 0x0000000743100000|
|  50|0x0000000743200000, 0x0000000743200000, 0x0000000743300000|  0%| F|  |TS  0|AC  0|TAMS 0x0000000743200000, 0x0000000743200000|
|  51|0x0000000743300000, 0x0000000743300000, 0x0000000743400000|  0%| F|  |TS  0|AC  0|TAMS 0x0000000743300000, 0x0000000743300000|
|  52|0x0000000743400000, 0x0000000743400000, 0x0000000743500000|  0%| F|  |TS  0|AC  0|TAMS 0x0000000743400000, 0x0000000743400000|
|  53|0x0000000743500000, 0x0000000743500000, 0x0000000743600000|  0%| F|  |TS  0|AC  0|TAMS 0x0000000743500000, 0x0000000743500000|
|  54|0x0000000743600000, 0x0000000743600000, 0x0000000743700000|  0%| F|  |TS  0|AC  0|TAMS 0x0000000743600000, 0x0000000743600000|
|  55|0x0000000743700000, 0x0000000743700000, 0x0000000743800000|  0%| F|  |TS  0|AC  0|TAMS 0x0000000743700000, 0x0000000743700000|
|  56|0x0000000743800000, 0x0000000743800000, 0x0000000743900000|  0%| F|  |TS  0|AC  0|TAMS 0x0000000743800000, 0x0000000743800000|
|  57|0x0000000743900000, 0x0000000743900000, 0x0000000743a00000|  0%| F|  |TS  0|AC  0|TAMS 0x0000000743900000, 0x0000000743900000|
|  58|0x0000000743a00000, 0x0000000743a00000, 0x0000000743b00000|  0%| F|  |TS  0|AC  0|TAMS 0x0000000743a00000, 0x0000000743a00000|
|  59|0x0000000743b00000, 0x0000000743b00000, 0x0000000743c00000|  0%| F|  |TS  0|AC  0|TAMS 0x0000000743b00000, 0x0000000743b00000|
|  60|0x0000000743c00000, 0x0000000743c00000, 0x0000000743d00000|  0%| F|  |TS  0|AC  0|TAMS 0x0000000743c00000, 0x0000000743c00000|
|  61|0x0000000743d00000, 0x0000000743d00000, 0x0000000743e00000|  0%| F|  |TS  0|AC  0|TAMS 0x0000000743d00000, 0x0000000743d00000|
|  62|0x0000000743e00000, 0x0000000743e00000, 0x0000000743f00000|  0%| F|  |TS  0|AC  0|TAMS 0x0000000743e00000, 0x0000000743e00000|
|  63|0x0000000743f00000, 0x0000000743f00000, 0x0000000744000000|  0%| F|  |TS  0|AC  0|TAMS 0x0000000743f00000, 0x0000000743f00000|
|  64|0x0000000744000000, 0x0000000744000000, 0x0000000744100000|  0%| F|  |TS  0|AC  0|TAMS 0x0000000744000000, 0x0000000744000000|
|  65|0x0000000744100000, 0x0000000744100000, 0x0000000744200000|  0%| F|  |TS  0|AC  0|TAMS 0x0000000744100000, 0x0000000744100000|
|  66|0x0000000744200000, 0x0000000744200000, 0x0000000744300000|  0%| F|  |TS  0|AC  0|TAMS 0x0000000744200000, 0x0000000744200000|
|  67|0x0000000744300000, 0x0000000744300000, 0x0000000744400000|  0%| F|  |TS  0|AC  0|TAMS 0x0000000744300000, 0x0000000744300000|
|  68|0x0000000744400000, 0x0000000744400000, 0x0000000744500000|  0%| F|  |TS  0|AC  0|TAMS 0x0000000744400000, 0x0000000744400000|
|  69|0x0000000744500000, 0x0000000744500000, 0x0000000744600000|  0%| F|  |TS  0|AC  0|TAMS 0x0000000744500000, 0x0000000744500000|
|  70|0x0000000744600000, 0x0000000744600000, 0x0000000744700000|  0%| F|  |TS  0|AC  0|TAMS 0x0000000744600000, 0x0000000744600000|
|  71|0x0000000744700000, 0x0000000744700000, 0x0000000744800000|  0%| F|  |TS  0|AC  0|TAMS 0x0000000744700000, 0x0000000744700000|
|  72|0x0000000744800000, 0x0000000744800000, 0x0000000744900000|  0%| F|  |TS  0|AC  0|TAMS 0x0000000744800000, 0x0000000744800000|
|  73|0x0000000744900000, 0x0000000744900000, 0x0000000744a00000|  0%| F|  |TS  0|AC  0|TAMS 0x0000000744900000, 0x0000000744900000|
|  74|0x0000000744a00000, 0x0000000744a00000, 0x0000000744b00000|  0%| F|  |TS  0|AC  0|TAMS 0x0000000744a00000, 0x0000000744a00000|
|  75|0x0000000744b00000, 0x0000000744b00000, 0x0000000744c00000|  0%| F|  |TS  0|AC  0|TAMS 0x0000000744b00000, 0x0000000744b00000|
|  76|0x0000000744c00000, 0x0000000744c00000, 0x0000000744d00000|  0%| F|  |TS  0|AC  0|TAMS 0x0000000744c00000, 0x0000000744c00000|
|  77|0x0000000744d00000, 0x0000000744d00000, 0x0000000744e00000|  0%| F|  |TS  0|AC  0|TAMS 0x0000000744d00000, 0x0000000744d00000|
|  78|0x0000000744e00000, 0x0000000744e00000, 0x0000000744f00000|  0%| F|  |TS  0|AC  0|TAMS 0x0000000744e00000, 0x0000000744e00000|
|  79|0x0000000744f00000, 0x0000000744f00000, 0x0000000745000000|  0%| F|  |TS  0|AC  0|TAMS 0x0000000744f00000, 0x0000000744f00000|
|  80|0x0000000745000000, 0x0000000745000000, 0x0000000745100000|  0%| F|  |TS  0|AC  0|TAMS 0x0000000745000000, 0x0000000745000000|
|  81|0x0000000745100000, 0x0000000745100000, 0x0000000745200000|  0%| F|  |TS  0|AC  0|TAMS 0x0000000745100000, 0x0000000745100000|
|  82|0x0000000745200000, 0x0000000745200000, 0x0000000745300000|  0%| F|  |TS  0|AC  0|TAMS 0x0000000745200000, 0x0000000745200000|
|  83|0x0000000745300000, 0x0000000745300000, 0x0000000745400000|  0%| F|  |TS  0|AC  0|TAMS 0x0000000745300000, 0x0000000745300000|
|  84|0x0000000745400000, 0x0000000745400000, 0x0000000745500000|  0%| F|  |TS  0|AC  0|TAMS 0x0000000745400000, 0x0000000745400000|
|  85|0x0000000745500000, 0x0000000745500000, 0x0000000745600000|  0%| F|  |TS  0|AC  0|TAMS 0x0000000745500000, 0x0000000745500000|
|  86|0x0000000745600000, 0x0000000745600000, 0x0000000745700000|  0%| F|  |TS  0|AC  0|TAMS 0x0000000745600000, 0x0000000745600000|
|  87|0x0000000745700000, 0x0000000745700000, 0x0000000745800000|  0%| F|  |TS  0|AC  0|TAMS 0x0000000745700000, 0x0000000745700000|
|  88|0x0000000745800000, 0x0000000745800000, 0x0000000745900000|  0%| F|  |TS  0|AC  0|TAMS 0x0000000745800000, 0x0000000745800000|
|  89|0x0000000745900000, 0x0000000745900000, 0x0000000745a00000|  0%| F|  |TS  0|AC  0|TAMS 0x0000000745900000, 0x0000000745900000|
|  90|0x0000000745a00000, 0x0000000745a00000, 0x0000000745b00000|  0%| F|  |TS  0|AC  0|TAMS 0x0000000745a00000, 0x0000000745a00000|
|  91|0x0000000745b00000, 0x0000000745b00000, 0x0000000745c00000|  0%| F|  |TS  0|AC  0|TAMS 0x0000000745b00000, 0x0000000745b00000|
|  92|0x0000000745c00000, 0x0000000745c00000, 0x0000000745d00000|  0%| F|  |TS  0|AC  0|TAMS 0x0000000745c00000, 0x0000000745c00000|
|  93|0x0000000745d00000, 0x0000000745d00000, 0x0000000745e00000|  0%| F|  |TS  0|AC  0|TAMS 0x0000000745d00000, 0x0000000745d00000|
|  94|0x0000000745e00000, 0x0000000745e00000, 0x0000000745f00000|  0%| F|  |TS  0|AC  0|TAMS 0x0000000745e00000, 0x0000000745e00000|
|  95|0x0000000745f00000, 0x0000000746000000, 0x0000000746000000|100%| S|CS|TS  1|AC  0|TAMS 0x0000000745f00000, 0x0000000745f00000|
|  96|0x0000000746000000, 0x0000000746100000, 0x0000000746100000|100%| S|CS|TS  1|AC  0|TAMS 0x0000000746000000, 0x0000000746000000|
|  97|0x0000000746100000, 0x0000000746200000, 0x0000000746200000|100%| S|CS|TS  1|AC  0|TAMS 0x0000000746100000, 0x0000000746100000|
|  98|0x0000000746200000, 0x0000000746300000, 0x0000000746300000|100%| S|CS|TS  1|AC  0|TAMS 0x0000000746200000, 0x0000000746200000|
|  99|0x0000000746300000, 0x0000000746300000, 0x0000000746400000|  0%| F|  |TS  1|AC  0|TAMS 0x0000000746300000, 0x0000000746300000|
| 100|0x0000000746400000, 0x0000000746400000, 0x0000000746500000|  0%| F|  |TS  1|AC  0|TAMS 0x0000000746400000, 0x0000000746400000|
| 101|0x0000000746500000, 0x0000000746500000, 0x0000000746600000|  0%| F|  |TS  1|AC  0|TAMS 0x0000000746500000, 0x0000000746500000|
| 102|0x0000000746600000, 0x0000000746600000, 0x0000000746700000|  0%| F|  |TS  1|AC  0|TAMS 0x0000000746600000, 0x0000000746600000|
| 103|0x0000000746700000, 0x0000000746700000, 0x0000000746800000|  0%| F|  |TS  1|AC  0|TAMS 0x0000000746700000, 0x0000000746700000|
| 104|0x0000000746800000, 0x0000000746800000, 0x0000000746900000|  0%| F|  |TS  1|AC  0|TAMS 0x0000000746800000, 0x0000000746800000|
| 105|0x0000000746900000, 0x0000000746900000, 0x0000000746a00000|  0%| F|  |TS  1|AC  0|TAMS 0x0000000746900000, 0x0000000746900000|
| 106|0x0000000746a00000, 0x0000000746a00000, 0x0000000746b00000|  0%| F|  |TS  1|AC  0|TAMS 0x0000000746a00000, 0x0000000746a00000|
| 107|0x0000000746b00000, 0x0000000746b00000, 0x0000000746c00000|  0%| F|  |TS  1|AC  0|TAMS 0x0000000746b00000, 0x0000000746b00000|
| 108|0x0000000746c00000, 0x0000000746c00000, 0x0000000746d00000|  0%| F|  |TS  1|AC  0|TAMS 0x0000000746c00000, 0x0000000746c00000|
| 109|0x0000000746d00000, 0x0000000746d00000, 0x0000000746e00000|  0%| F|  |TS  1|AC  0|TAMS 0x0000000746d00000, 0x0000000746d00000|
| 110|0x0000000746e00000, 0x0000000746e00000, 0x0000000746f00000|  0%| F|  |TS  1|AC  0|TAMS 0x0000000746e00000, 0x0000000746e00000|
| 111|0x0000000746f00000, 0x0000000746f00000, 0x0000000747000000|  0%| F|  |TS  1|AC  0|TAMS 0x0000000746f00000, 0x0000000746f00000|
| 112|0x0000000747000000, 0x0000000747000000, 0x0000000747100000|  0%| F|  |TS  1|AC  0|TAMS 0x0000000747000000, 0x0000000747000000|
| 113|0x0000000747100000, 0x0000000747100000, 0x0000000747200000|  0%| F|  |TS  1|AC  0|TAMS 0x0000000747100000, 0x0000000747100000|
| 114|0x0000000747200000, 0x0000000747200000, 0x0000000747300000|  0%| F|  |TS  1|AC  0|TAMS 0x0000000747200000, 0x0000000747200000|
| 115|0x0000000747300000, 0x0000000747300000, 0x0000000747400000|  0%| F|  |TS  1|AC  0|TAMS 0x0000000747300000, 0x0000000747300000|
| 116|0x0000000747400000, 0x0000000747400000, 0x0000000747500000|  0%| F|  |TS  1|AC  0|TAMS 0x0000000747400000, 0x0000000747400000|
| 117|0x0000000747500000, 0x0000000747500000, 0x0000000747600000|  0%| F|  |TS  1|AC  0|TAMS 0x0000000747500000, 0x0000000747500000|
| 118|0x0000000747600000, 0x0000000747600000, 0x0000000747700000|  0%| F|  |TS  1|AC  0|TAMS 0x0000000747600000, 0x0000000747600000|
| 119|0x0000000747700000, 0x0000000747700000, 0x0000000747800000|  0%| F|  |TS  1|AC  0|TAMS 0x0000000747700000, 0x0000000747700000|
| 120|0x0000000747800000, 0x0000000747800000, 0x0000000747900000|  0%| F|  |TS  1|AC  0|TAMS 0x0000000747800000, 0x0000000747800000|
| 121|0x0000000747900000, 0x0000000747900000, 0x0000000747a00000|  0%| F|  |TS  1|AC  0|TAMS 0x0000000747900000, 0x0000000747900000|
| 122|0x0000000747a00000, 0x0000000747a00000, 0x0000000747b00000|  0%| F|  |TS  1|AC  0|TAMS 0x0000000747a00000, 0x0000000747a00000|
| 123|0x0000000747b00000, 0x0000000747b00000, 0x0000000747c00000|  0%| F|  |TS  1|AC  0|TAMS 0x0000000747b00000, 0x0000000747b00000|
| 124|0x0000000747c00000, 0x0000000747c00000, 0x0000000747d00000|  0%| F|  |TS  1|AC  0|TAMS 0x0000000747c00000, 0x0000000747c00000|
| 125|0x0000000747d00000, 0x0000000747d5aa60, 0x0000000747e00000| 35%| E|  |TS  1|AC  0|TAMS 0x0000000747d00000, 0x0000000747d00000|
| 126|0x0000000747e00000, 0x0000000747f00000, 0x0000000747f00000|100%| E|CS|TS  1|AC  0|TAMS 0x0000000747e00000, 0x0000000747e00000|
| 127|0x0000000747f00000, 0x0000000748000000, 0x0000000748000000|100%| E|CS|TS  1|AC  0|TAMS 0x0000000747f00000, 0x0000000747f00000|

Card table byte_map: [0x0000000129cfb000,0x000000012a0fb000] byte_map_base: 0x00000001262fb000

Marking Bits (Prev, Next): (CMBitMap*) 0x00007f819882fea8, (CMBitMap*) 0x00007f819882fe70
 Prev Bits: [0x000000012c4fb000, 0x000000012e4fb000)
 Next Bits: [0x000000012a4fb000, 0x000000012c4fb000)

Polling page: 0x000000010d4d5000

CodeHeap 'non-profiled nmethods': size=120032Kb used=1005Kb max_used=1005Kb free=119026Kb
 bounds [0x00000001217c3000, 0x0000000121a33000, 0x0000000128cfb000]
CodeHeap 'profiled nmethods': size=120028Kb used=6138Kb max_used=6138Kb free=113889Kb
 bounds [0x000000011a28c000, 0x000000011a88c000, 0x00000001217c3000]
CodeHeap 'non-nmethods': size=5700Kb used=1584Kb max_used=1609Kb free=4115Kb
 bounds [0x0000000119cfb000, 0x0000000119f6b000, 0x000000011a28c000]
 total_blobs=4219 nmethods=2698 adapters=888
 compilation: enabled

Compilation events (10 events):
Event: 12.349 Thread 0x00007f819b006800 2690       3       jdk.internal.misc.Unsafe::weakCompareAndSetInt (11 bytes)
Event: 12.349 Thread 0x00007f819b006800 nmethod 2690 0x000000011a888c10 code [0x000000011a888dc0, 0x000000011a888f30]
Event: 12.350 Thread 0x00007f819b006800 2691   !   3       sun.lwawt.LWComponentPeer::isShowing (49 bytes)
Event: 12.350 Thread 0x00007f819b006800 nmethod 2691 0x000000011a889010 code [0x000000011a889200, 0x000000011a889b08]
Event: 12.383 Thread 0x00007f819b006800 2692       1       sun.java2d.SurfaceData::isValid (5 bytes)
Event: 12.383 Thread 0x00007f819b006800 nmethod 2692 0x00000001218bd410 code [0x00000001218bd5c0, 0x00000001218bd6d0]
Event: 12.383 Thread 0x00007f819b006800 2693       3       sun.java2d.pipe.RenderBuffer::putFloat (26 bytes)
Event: 12.383 Thread 0x00007f819b006800 nmethod 2693 0x000000011a889d10 code [0x000000011a889ec0, 0x000000011a88a130]
Event: 12.383 Thread 0x00007f819b006800 2694       3       jdk.internal.misc.Unsafe::putFloat (8 bytes)
Event: 12.383 Thread 0x00007f819b006800 nmethod 2694 0x000000011a88a210 code [0x000000011a88a3c0, 0x000000011a88a530]

GC Heap History (6 events):
Event: 5.078 GC heap before
{Heap before GC invocations=0 (full 0):
 garbage-first heap   total 131072K, used 25600K [0x0000000740000000, 0x0000000740100400, 0x00000007c0000000)
  region size 1024K, 24 young (24576K), 0 survivors (0K)
 Metaspace       used 18184K, capacity 19237K, committed 19584K, reserved 1067008K
  class space    used 1818K, capacity 2057K, committed 2176K, reserved 1048576K
}
Event: 5.090 GC heap after
{Heap after GC invocations=1 (full 0):
 garbage-first heap   total 131072K, used 6758K [0x0000000740000000, 0x0000000740100400, 0x00000007c0000000)
  region size 1024K, 3 young (3072K), 3 survivors (3072K)
 Metaspace       used 18184K, capacity 19237K, committed 19584K, reserved 1067008K
  class space    used 1818K, capacity 2057K, committed 2176K, reserved 1048576K
}
Event: 5.181 GC heap before
{Heap before GC invocations=1 (full 0):
 garbage-first heap   total 131072K, used 8806K [0x0000000740000000, 0x0000000740100400, 0x00000007c0000000)
  region size 1024K, 6 young (6144K), 3 survivors (3072K)
 Metaspace       used 20127K, capacity 21141K, committed 21296K, reserved 1069056K
  class space    used 1890K, capacity 2114K, committed 2176K, reserved 1048576K
}
Event: 5.188 GC heap after
{Heap after GC invocations=2 (full 0):
 garbage-first heap   total 131072K, used 6331K [0x0000000740000000, 0x0000000740100400, 0x00000007c0000000)
  region size 1024K, 4 young (4096K), 4 survivors (4096K)
 Metaspace       used 20127K, capacity 21141K, committed 21296K, reserved 1069056K
  class space    used 1890K, capacity 2114K, committed 2176K, reserved 1048576K
}
Event: 12.273 GC heap before
{Heap before GC invocations=3 (full 0):
 garbage-first heap   total 131072K, used 37461K [0x0000000740000000, 0x0000000740100400, 0x00000007c0000000)
  region size 1024K, 29 young (29696K), 4 survivors (4096K)
 Metaspace       used 24790K, capacity 25937K, committed 26240K, reserved 1073152K
  class space    used 2335K, capacity 2593K, committed 2688K, reserved 1048576K
}
Event: 12.285 GC heap after
{Heap after GC invocations=4 (full 0):
 garbage-first heap   total 131072K, used 16051K [0x0000000740000000, 0x0000000740100400, 0x00000007c0000000)
  region size 1024K, 4 young (4096K), 4 survivors (4096K)
 Metaspace       used 24790K, capacity 25937K, committed 26240K, reserved 1073152K
  class space    used 2335K, capacity 2593K, committed 2688K, reserved 1048576K
}

Deoptimization events (10 events):
Event: 4.940 Thread 0x00007f8198327000 Uncommon trap: reason=class_check action=maybe_recompile pc=0x0000000121812270 method=java.util.HashMap.putVal(ILjava/lang/Object;Ljava/lang/Object;ZZ)Ljava/lang/Object; @ 253 c2
Event: 6.045 Thread 0x00007f8198327000 Uncommon trap: reason=unstable_if action=reinterpret pc=0x00000001218102ac method=java.lang.ref.ReferenceQueue.poll()Ljava/lang/ref/Reference; @ 4 c2
Event: 6.172 Thread 0x00007f819c057000 Uncommon trap: reason=unstable_if action=reinterpret pc=0x000000012181688c method=java.lang.invoke.InvokerBytecodeGenerator.isStaticallyNameable(Ljava/lang/Class;)Z @ 12 c2
Event: 6.175 Thread 0x00007f819c057000 Uncommon trap: reason=unstable_if action=reinterpret pc=0x00000001218503cc method=java.util.HashMap.getNode(ILjava/lang/Object;)Ljava/util/HashMap$Node; @ 62 c2
Event: 6.175 Thread 0x00007f819c057000 Uncommon trap: reason=unstable_if action=reinterpret pc=0x0000000121839090 method=java.util.HashMap.putVal(ILjava/lang/Object;Ljava/lang/Object;ZZ)Ljava/lang/Object; @ 81 c2
Event: 6.175 Thread 0x00007f819c057000 Uncommon trap: reason=unstable_if action=reinterpret pc=0x000000012183780c method=java.util.HashMap.getNode(ILjava/lang/Object;)Ljava/util/HashMap$Node; @ 62 c2
Event: 6.180 Thread 0x00007f819c057000 Uncommon trap: reason=unstable_if action=reinterpret pc=0x000000012180a044 method=java.util.concurrent.ConcurrentHashMap.get(Ljava/lang/Object;)Ljava/lang/Object; @ 76 c2
Event: 6.184 Thread 0x00007f819c057000 Uncommon trap: reason=unstable_if action=reinterpret pc=0x0000000121807c70 method=java.lang.AbstractStringBuilder.append(Ljava/lang/String;)Ljava/lang/AbstractStringBuilder; @ 1 c2
Event: 6.195 Thread 0x00007f819c057000 Uncommon trap: reason=unstable_if action=reinterpret pc=0x0000000121840cf0 method=java.util.concurrent.ConcurrentHashMap.putVal(Ljava/lang/Object;Ljava/lang/Object;Z)Ljava/lang/Object; @ 148 c2
Event: 6.380 Thread 0x00007f819c057000 Uncommon trap: reason=unstable_if action=reinterpret pc=0x0000000121854f3c method=com.jogamp.common.util.IntIntHashMap.get(I)I @ 28 c2

Classes redefined (0 events):
No events

Internal exceptions (10 events):
Event: 4.965 Thread 0x00007f8198327000 Exception <a 'java/lang/UnsatisfiedLinkError'{0x0000000746b767d0}: com.jogamp.common.util.JarUtil.fixNativeLibAttribs(Ljava/lang/String;)Z> (0x0000000746b767d0) thrown at [/scratch/mesos/slaves/5af44a71-976a-41b7-81de-5773b84ec572-S38393/frameworks/1735e8
Event: 5.093 Thread 0x00007f8199880800 Exception <a 'java/lang/NullPointerException'{0x0000000747e00000}> (0x0000000747e00000) thrown at [/scratch/mesos/slaves/5af44a71-976a-41b7-81de-5773b84ec572-S38393/frameworks/1735e8a2-a1db-478c-8104-60c8b0af87dd-0196/executors/8b855640-c399-41ea-b65f-522
Event: 6.172 Thread 0x00007f819c057000 Exception <a 'java/lang/NoSuchMethodError'{0x000000074732aa18}: java.lang.Object.of([Ljava/lang/Object;)Ljava/util/stream/Stream;> (0x000000074732aa18) thrown at [/scratch/mesos/slaves/5af44a71-976a-41b7-81de-5773b84ec572-S38393/frameworks/1735e8a2-a1db-4
Event: 6.183 Thread 0x00007f819c057000 Exception <a 'java/io/FileNotFoundException'{0x0000000747362c98}> (0x0000000747362c98) thrown at [/scratch/mesos/slaves/5af44a71-976a-41b7-81de-5773b84ec572-S38393/frameworks/1735e8a2-a1db-478c-8104-60c8b0af87dd-0196/executors/8b855640-c399-41ea-b65f-5227
Event: 6.184 Thread 0x00007f819c057000 Exception <a 'java/io/FileNotFoundException'{0x000000074736b880}> (0x000000074736b880) thrown at [/scratch/mesos/slaves/5af44a71-976a-41b7-81de-5773b84ec572-S38393/frameworks/1735e8a2-a1db-478c-8104-60c8b0af87dd-0196/executors/8b855640-c399-41ea-b65f-5227
Event: 6.184 Thread 0x00007f819c057000 Implicit null exception at 0x00000001218076f4 to 0x0000000121807c59
Event: 6.842 Thread 0x00007f8199bed000 Exception <a 'java/security/PrivilegedActionException'{0x00000007471ee658}> (0x00000007471ee658) thrown at [/scratch/mesos/slaves/5af44a71-976a-41b7-81de-5773b84ec572-S38393/frameworks/1735e8a2-a1db-478c-8104-60c8b0af87dd-0196/executors/8b855640-c399-41ea
Event: 6.848 Thread 0x00007f8198a8e000 Exception <a 'java/security/PrivilegedActionException'{0x0000000746de9410}> (0x0000000746de9410) thrown at [/scratch/mesos/slaves/5af44a71-976a-41b7-81de-5773b84ec572-S38393/frameworks/1735e8a2-a1db-478c-8104-60c8b0af87dd-0196/executors/8b855640-c399-41ea
Event: 6.991 Thread 0x00007f819b346800 Exception <a 'java/security/PrivilegedActionException'{0x00000007470ba200}> (0x00000007470ba200) thrown at [/scratch/mesos/slaves/5af44a71-976a-41b7-81de-5773b84ec572-S38393/frameworks/1735e8a2-a1db-478c-8104-60c8b0af87dd-0196/executors/8b855640-c399-41ea
Event: 7.075 Thread 0x00007f8199cd4000 Exception <a 'java/security/PrivilegedActionException'{0x0000000747197e18}> (0x0000000747197e18) thrown at [/scratch/mesos/slaves/5af44a71-976a-41b7-81de-5773b84ec572-S38393/frameworks/1735e8a2-a1db-478c-8104-60c8b0af87dd-0196/executors/8b855640-c399-41ea

Events (10 events):
Event: 12.350 loading class sun/awt/SunToolkit$1 done
Event: 12.367 Executing VM operation: RevokeBias
Event: 12.367 Executing VM operation: RevokeBias done
Event: 12.367 Thread 0x00007f8198327000 Thread exited: 0x00007f8198327000
Event: 12.382 loading class sun/applet/AppletPanel$5
Event: 12.382 loading class sun/applet/AppletPanel$5 done
Event: 12.383 Executing VM operation: RevokeBias
Event: 12.383 Executing VM operation: RevokeBias done
Event: 12.383 loading class jogamp/opengl/macosx/cgl/MacOSXCGLContext$NSOpenGLImpl$DetachGLLayerCmd
Event: 12.383 loading class jogamp/opengl/macosx/cgl/MacOSXCGLContext$NSOpenGLImpl$DetachGLLayerCmd done


Dynamic libraries:
0x00007fff4bc43000 	/System/Library/Frameworks/Cocoa.framework/Versions/A/Cocoa
0x00007fff57f30000 	/System/Library/Frameworks/Security.framework/Versions/A/Security
0x00007fff4a84a000 	/System/Library/Frameworks/ApplicationServices.framework/Versions/A/ApplicationServices
0x00007fff79597000 	/usr/lib/libz.1.dylib
0x00007fff76b94000 	/usr/lib/libSystem.B.dylib
0x00007fff4c473000 	/System/Library/Frameworks/CoreFoundation.framework/Versions/A/CoreFoundation
0x00007fff4e816000 	/System/Library/Frameworks/Foundation.framework/Versions/C/Foundation
0x00007fff786bc000 	/usr/lib/libobjc.A.dylib
0x00007fff499d7000 	/System/Library/Frameworks/AppKit.framework/Versions/C/AppKit
0x00007fff4bfda000 	/System/Library/Frameworks/CoreData.framework/Versions/A/CoreData
0x00007fff6fd62000 	/System/Library/PrivateFrameworks/RemoteViewServices.framework/Versions/A/RemoteViewServices
0x00007fff74862000 	/System/Library/PrivateFrameworks/UIFoundation.framework/Versions/A/UIFoundation
0x00007fff7601a000 	/System/Library/PrivateFrameworks/XCTTargetBootstrap.framework/Versions/A/XCTTargetBootstrap
0x00007fff6a865000 	/System/Library/PrivateFrameworks/IconServices.framework/Versions/A/IconServices
0x00007fff510e3000 	/System/Library/Frameworks/Metal.framework/Versions/A/Metal
0x00007fff61a67000 	/System/Library/PrivateFrameworks/DesktopServicesPriv.framework/Versions/A/DesktopServicesPriv
0x00007fff779cf000 	/usr/lib/libenergytrace.dylib
0x00007fff725d3000 	/System/Library/PrivateFrameworks/SkyLight.framework/Versions/A/SkyLight
0x00007fff4c8c3000 	/System/Library/Frameworks/CoreGraphics.framework/Versions/A/CoreGraphics
0x00007fff485a9000 	/System/Library/Frameworks/Accelerate.framework/Versions/A/Accelerate
0x00007fff4efa0000 	/System/Library/Frameworks/IOSurface.framework/Versions/A/IOSurface
0x00007fff618c9000 	/System/Library/PrivateFrameworks/DFRFoundation.framework/Versions/A/DFRFoundation
0x00007fff4ad4f000 	/System/Library/Frameworks/AudioToolbox.framework/Versions/A/AudioToolbox
0x00007fff4afee000 	/System/Library/Frameworks/AudioUnit.framework/Versions/A/AudioUnit
0x00007fff61960000 	/System/Library/PrivateFrameworks/DataDetectorsCore.framework/Versions/A/DataDetectorsCore
0x00007fff4b72d000 	/System/Library/Frameworks/Carbon.framework/Versions/A/Frameworks/HIToolbox.framework/Versions/A/HIToolbox
0x00007fff77b2a000 	/usr/lib/libicucore.A.dylib
0x00007fff57483000 	/System/Library/Frameworks/QuartzCore.framework/Versions/A/QuartzCore
0x00007fff4bb14000 	/System/Library/Frameworks/Carbon.framework/Versions/A/Frameworks/SpeechRecognition.framework/Versions/A/SpeechRecognition
0x00007fff76d77000 	/usr/lib/libauto.dylib
0x00007fff7948a000 	/usr/lib/libxml2.2.dylib
0x00007fff614c8000 	/System/Library/PrivateFrameworks/CoreUI.framework/Versions/A/CoreUI
0x00007fff4beb8000 	/System/Library/Frameworks/CoreAudio.framework/Versions/A/CoreAudio
0x00007fff4e648000 	/System/Library/Frameworks/DiskArbitration.framework/Versions/A/DiskArbitration
0x00007fff77dda000 	/usr/lib/liblangid.dylib
0x00007fff6bd15000 	/System/Library/PrivateFrameworks/MultitouchSupport.framework/Versions/A/MultitouchSupport
0x00007fff4ef0b000 	/System/Library/Frameworks/IOKit.framework/Versions/A/IOKit
0x00007fff767e2000 	/usr/lib/libDiagnosticMessagesClient.dylib
0x00007fff4d74e000 	/System/Library/Frameworks/CoreServices.framework/Versions/A/CoreServices
0x00007fff6da4b000 	/System/Library/PrivateFrameworks/PerformanceAnalysis.framework/Versions/A/PerformanceAnalysis
0x00007fff56618000 	/System/Library/Frameworks/OpenGL.framework/Versions/A/OpenGL
0x00007fff4bc51000 	/System/Library/Frameworks/ColorSync.framework/Versions/A/ColorSync
0x00007fff4cf6f000 	/System/Library/Frameworks/CoreImage.framework/Versions/A/CoreImage
0x00007fff4e191000 	/System/Library/Frameworks/CoreText.framework/Versions/A/CoreText
0x00007fff4f001000 	/System/Library/Frameworks/ImageIO.framework/Versions/A/ImageIO
0x00007fff5db03000 	/System/Library/PrivateFrameworks/Backup.framework/Versions/A/Backup
0x00007fff76c4a000 	/usr/lib/libarchive.2.dylib
0x00007fff4b352000 	/System/Library/Frameworks/CFNetwork.framework/Versions/A/CFNetwork
0x00007fff586db000 	/System/Library/Frameworks/SystemConfiguration.framework/Versions/A/SystemConfiguration
0x00007fff7670b000 	/usr/lib/libCRFSuite.dylib
0x00007fff76e6e000 	/usr/lib/libc++.1.dylib
0x00007fff76ec6000 	/usr/lib/libc++abi.dylib
0x00007fff7961a000 	/usr/lib/system/libcache.dylib
0x00007fff7961f000 	/usr/lib/system/libcommonCrypto.dylib
0x00007fff7962a000 	/usr/lib/system/libcompiler_rt.dylib
0x00007fff79632000 	/usr/lib/system/libcopyfile.dylib
0x00007fff7963c000 	/usr/lib/system/libcorecrypto.dylib
0x00007fff79747000 	/usr/lib/system/libdispatch.dylib
0x00007fff79782000 	/usr/lib/system/libdyld.dylib
0x00007fff797b2000 	/usr/lib/system/libkeymgr.dylib
0x00007fff797c0000 	/usr/lib/system/liblaunch.dylib
0x00007fff797c1000 	/usr/lib/system/libmacho.dylib
0x00007fff797c7000 	/usr/lib/system/libquarantine.dylib
0x00007fff797ca000 	/usr/lib/system/libremovefile.dylib
0x00007fff797cc000 	/usr/lib/system/libsystem_asl.dylib
0x00007fff797e4000 	/usr/lib/system/libsystem_blocks.dylib
0x00007fff797e5000 	/usr/lib/system/libsystem_c.dylib
0x00007fff7986e000 	/usr/lib/system/libsystem_configuration.dylib
0x00007fff79872000 	/usr/lib/system/libsystem_coreservices.dylib
0x00007fff79876000 	/usr/lib/system/libsystem_darwin.dylib
0x00007fff7987d000 	/usr/lib/system/libsystem_dnssd.dylib
0x00007fff79884000 	/usr/lib/system/libsystem_info.dylib
0x00007fff798fa000 	/usr/lib/system/libsystem_m.dylib
0x00007fff79946000 	/usr/lib/system/libsystem_malloc.dylib
0x00007fff7996b000 	/usr/lib/system/libsystem_networkextension.dylib
0x00007fff79977000 	/usr/lib/system/libsystem_notify.dylib
0x00007fff79994000 	/usr/lib/system/libsystem_sandbox.dylib
0x00007fff79998000 	/usr/lib/system/libsystem_secinit.dylib
0x00007fff798d1000 	/usr/lib/system/libsystem_kernel.dylib
0x00007fff7997f000 	/usr/lib/system/libsystem_platform.dylib
0x00007fff79989000 	/usr/lib/system/libsystem_pthread.dylib
0x00007fff7999b000 	/usr/lib/system/libsystem_symptoms.dylib
0x00007fff799a3000 	/usr/lib/system/libsystem_trace.dylib
0x00007fff799ba000 	/usr/lib/system/libunwind.dylib
0x00007fff799c0000 	/usr/lib/system/libxpc.dylib
0x00007fff76e4e000 	/usr/lib/libbsm.0.dylib
0x00007fff797b3000 	/usr/lib/system/libkxld.dylib
0x00007fff5cdb0000 	/System/Library/PrivateFrameworks/AppleFSCompression.framework/Versions/A/AppleFSCompression
0x00007fff76a53000 	/usr/lib/libOpenScriptingUtil.dylib
0x00007fff771b1000 	/usr/lib/libcoretls.dylib
0x00007fff771c8000 	/usr/lib/libcoretls_cfhelpers.dylib
0x00007fff78e58000 	/usr/lib/libpam.2.dylib
0x00007fff7901b000 	/usr/lib/libsqlite3.dylib
0x00007fff79478000 	/usr/lib/libxar.1.dylib
0x00007fff76e5f000 	/usr/lib/libbz2.1.0.dylib
0x00007fff77ddc000 	/usr/lib/liblzma.5.dylib
0x00007fff782d2000 	/usr/lib/libnetwork.dylib
0x00007fff76c33000 	/usr/lib/libapple_nghttp2.dylib
0x00007fff78e5f000 	/usr/lib/libpcap.A.dylib
0x00007fff4daf2000 	/System/Library/Frameworks/CoreServices.framework/Versions/A/Frameworks/FSEvents.framework/Versions/A/FSEvents
0x00007fff4d7ce000 	/System/Library/Frameworks/CoreServices.framework/Versions/A/Frameworks/CarbonCore.framework/Versions/A/CarbonCore
0x00007fff4dcc7000 	/System/Library/Frameworks/CoreServices.framework/Versions/A/Frameworks/Metadata.framework/Versions/A/Metadata
0x00007fff4dd6a000 	/System/Library/Frameworks/CoreServices.framework/Versions/A/Frameworks/OSServices.framework/Versions/A/OSServices
0x00007fff4ddb6000 	/System/Library/Frameworks/CoreServices.framework/Versions/A/Frameworks/SearchKit.framework/Versions/A/SearchKit
0x00007fff4d74f000 	/System/Library/Frameworks/CoreServices.framework/Versions/A/Frameworks/AE.framework/Versions/A/AE
0x00007fff4dafb000 	/System/Library/Frameworks/CoreServices.framework/Versions/A/Frameworks/LaunchServices.framework/Versions/A/LaunchServices
0x00007fff4daa7000 	/System/Library/Frameworks/CoreServices.framework/Versions/A/Frameworks/DictionaryServices.framework/Versions/A/DictionaryServices
0x00007fff4de25000 	/System/Library/Frameworks/CoreServices.framework/Versions/A/Frameworks/SharedFileList.framework/Versions/A/SharedFileList
0x00007fff525a9000 	/System/Library/Frameworks/NetFS.framework/Versions/A/NetFS
0x00007fff6bfb2000 	/System/Library/PrivateFrameworks/NetAuth.framework/Versions/A/NetAuth
0x00007fff7644e000 	/System/Library/PrivateFrameworks/login.framework/Versions/A/Frameworks/loginsupport.framework/Versions/A/loginsupport
0x00007fff7445a000 	/System/Library/PrivateFrameworks/TCC.framework/Versions/A/TCC
0x00007fff60ad0000 	/System/Library/PrivateFrameworks/CoreNLP.framework/Versions/A/CoreNLP
0x00007fff6ba06000 	/System/Library/PrivateFrameworks/MetadataUtilities.framework/Versions/A/MetadataUtilities
0x00007fff77ebd000 	/usr/lib/libmecabra.dylib
0x00007fff4a84b000 	/System/Library/Frameworks/ApplicationServices.framework/Versions/A/Frameworks/ATS.framework/Versions/A/ATS
0x00007fff4abb6000 	/System/Library/Frameworks/ApplicationServices.framework/Versions/A/Frameworks/ColorSyncLegacy.framework/Versions/A/ColorSyncLegacy
0x00007fff4ac57000 	/System/Library/Frameworks/ApplicationServices.framework/Versions/A/Frameworks/HIServices.framework/Versions/A/HIServices
0x00007fff4acaa000 	/System/Library/Frameworks/ApplicationServices.framework/Versions/A/Frameworks/LangAnalysis.framework/Versions/A/LangAnalysis
0x00007fff4acb9000 	/System/Library/Frameworks/ApplicationServices.framework/Versions/A/Frameworks/PrintCore.framework/Versions/A/PrintCore
0x00007fff4ad06000 	/System/Library/Frameworks/ApplicationServices.framework/Versions/A/Frameworks/QD.framework/Versions/A/QD
0x00007fff4ad42000 	/System/Library/Frameworks/ApplicationServices.framework/Versions/A/Frameworks/SpeechSynthesis.framework/Versions/A/SpeechSynthesis
0x00007fff76eee000 	/usr/lib/libcompression.dylib
0x00007fff4c389000 	/System/Library/Frameworks/CoreDisplay.framework/Versions/A/CoreDisplay
0x00007fff513ab000 	/System/Library/Frameworks/MetalPerformanceShaders.framework/Versions/A/MetalPerformanceShaders
0x00007fff485c1000 	/System/Library/Frameworks/Accelerate.framework/Versions/A/Frameworks/vImage.framework/Versions/A/vImage
0x00007fff49826000 	/System/Library/Frameworks/Accelerate.framework/Versions/A/Frameworks/vecLib.framework/Versions/A/vecLib
0x00007fff496ae000 	/System/Library/Frameworks/Accelerate.framework/Versions/A/Frameworks/vecLib.framework/Versions/A/libvMisc.dylib
0x00007fff4950f000 	/System/Library/Frameworks/Accelerate.framework/Versions/A/Frameworks/vecLib.framework/Versions/A/libvDSP.dylib
0x00007fff48eb6000 	/System/Library/Frameworks/Accelerate.framework/Versions/A/Frameworks/vecLib.framework/Versions/A/libBLAS.dylib
0x00007fff490a8000 	/System/Library/Frameworks/Accelerate.framework/Versions/A/Frameworks/vecLib.framework/Versions/A/libLAPACK.dylib
0x00007fff49462000 	/System/Library/Frameworks/Accelerate.framework/Versions/A/Frameworks/vecLib.framework/Versions/A/libLinearAlgebra.dylib
0x00007fff494fc000 	/System/Library/Frameworks/Accelerate.framework/Versions/A/Frameworks/vecLib.framework/Versions/A/libSparseBLAS.dylib
0x00007fff49478000 	/System/Library/Frameworks/Accelerate.framework/Versions/A/Frameworks/vecLib.framework/Versions/A/libQuadrature.dylib
0x00007fff49062000 	/System/Library/Frameworks/Accelerate.framework/Versions/A/Frameworks/vecLib.framework/Versions/A/libBNNS.dylib
0x00007fff4947e000 	/System/Library/Frameworks/Accelerate.framework/Versions/A/Frameworks/vecLib.framework/Versions/A/libSparse.dylib
0x00007fff67ff7000 	/System/Library/PrivateFrameworks/GPUWrangler.framework/Versions/A/GPUWrangler
0x00007fff6a42c000 	/System/Library/PrivateFrameworks/IOAccelerator.framework/Versions/A/IOAccelerator
0x00007fff6a437000 	/System/Library/PrivateFrameworks/IOPresentment.framework/Versions/A/IOPresentment
0x00007fff618d9000 	/System/Library/PrivateFrameworks/DSExternalDisplay.framework/Versions/A/DSExternalDisplay
0x00007fff55a5d000 	/System/Library/Frameworks/OpenGL.framework/Versions/A/Libraries/libCoreFSCache.dylib
0x00007fff51193000 	/System/Library/Frameworks/MetalPerformanceShaders.framework/Frameworks/MPSCore.framework/Versions/A/MPSCore
0x00007fff511b4000 	/System/Library/Frameworks/MetalPerformanceShaders.framework/Frameworks/MPSImage.framework/Versions/A/MPSImage
0x00007fff5125c000 	/System/Library/Frameworks/MetalPerformanceShaders.framework/Frameworks/MPSNeuralNetwork.framework/Versions/A/MPSNeuralNetwork
0x00007fff51233000 	/System/Library/Frameworks/MetalPerformanceShaders.framework/Frameworks/MPSMatrix.framework/Versions/A/MPSMatrix
0x00007fff5138f000 	/System/Library/Frameworks/MetalPerformanceShaders.framework/Frameworks/MPSRayIntersector.framework/Versions/A/MPSRayIntersector
0x00007fff6ba2f000 	/System/Library/PrivateFrameworks/MetalTools.framework/Versions/A/MetalTools
0x00007fff5c4aa000 	/System/Library/PrivateFrameworks/AggregateDictionary.framework/Versions/A/AggregateDictionary
0x00007fff76a33000 	/usr/lib/libMobileGestalt.dylib
0x00007fff4e2f7000 	/System/Library/Frameworks/CoreVideo.framework/Versions/A/CoreVideo
0x00007fff68e67000 	/System/Library/PrivateFrameworks/GraphVisualizer.framework/Versions/A/GraphVisualizer
0x00007fff62c02000 	/System/Library/PrivateFrameworks/FaceCore.framework/Versions/A/FaceCore
0x00007fff55075000 	/System/Library/Frameworks/OpenCL.framework/Versions/A/OpenCL
0x00007fff7681a000 	/usr/lib/libFosl_dynamic.dylib
0x00007fff6c88a000 	/System/Library/PrivateFrameworks/OTSVG.framework/Versions/A/OTSVG
0x00007fff4a94f000 	/System/Library/Frameworks/ApplicationServices.framework/Versions/A/Frameworks/ATS.framework/Versions/A/Resources/libFontParser.dylib
0x00007fff4aa6f000 	/System/Library/Frameworks/ApplicationServices.framework/Versions/A/Frameworks/ATS.framework/Versions/A/Resources/libFontRegistry.dylib
0x00007fff4f28e000 	/System/Library/Frameworks/ImageIO.framework/Versions/A/Resources/libJPEG.dylib
0x00007fff4f5b1000 	/System/Library/Frameworks/ImageIO.framework/Versions/A/Resources/libTIFF.dylib
0x00007fff4f587000 	/System/Library/Frameworks/ImageIO.framework/Versions/A/Resources/libPng.dylib
0x00007fff4f1a3000 	/System/Library/Frameworks/ImageIO.framework/Versions/A/Resources/libGIF.dylib
0x00007fff4f1a8000 	/System/Library/Frameworks/ImageIO.framework/Versions/A/Resources/libJP2.dylib
0x00007fff4f5ae000 	/System/Library/Frameworks/ImageIO.framework/Versions/A/Resources/libRadiance.dylib
0x00007fff5cf09000 	/System/Library/PrivateFrameworks/AppleJPEG.framework/Versions/A/AppleJPEG
0x00007fff55a68000 	/System/Library/Frameworks/OpenGL.framework/Versions/A/Libraries/libGFXShared.dylib
0x00007fff55c2b000 	/System/Library/Frameworks/OpenGL.framework/Versions/A/Libraries/libGLU.dylib
0x00007fff55a71000 	/System/Library/Frameworks/OpenGL.framework/Versions/A/Libraries/libGL.dylib
0x00007fff55a7d000 	/System/Library/Frameworks/OpenGL.framework/Versions/A/Libraries/libGLImage.dylib
0x00007fff55a5a000 	/System/Library/Frameworks/OpenGL.framework/Versions/A/Libraries/libCVMSPluginSupport.dylib
0x00007fff55a63000 	/System/Library/Frameworks/OpenGL.framework/Versions/A/Libraries/libCoreVMClient.dylib
0x00007fff77840000 	/usr/lib/libcups.2.dylib
0x00007fff506a8000 	/System/Library/Frameworks/Kerberos.framework/Versions/A/Kerberos
0x00007fff4ec55000 	/System/Library/Frameworks/GSS.framework/Versions/A/GSS
0x00007fff78faf000 	/usr/lib/libresolv.9.dylib
0x00007fff77a38000 	/usr/lib/libiconv.2.dylib
0x00007fff68fc7000 	/System/Library/PrivateFrameworks/Heimdal.framework/Versions/A/Heimdal
0x00007fff77a07000 	/usr/lib/libheimdal-asn1.dylib
0x00007fff550eb000 	/System/Library/Frameworks/OpenDirectory.framework/Versions/A/OpenDirectory
0x00007fff5f7cc000 	/System/Library/PrivateFrameworks/CommonAuth.framework/Versions/A/CommonAuth
0x00007fff550ce000 	/System/Library/Frameworks/OpenDirectory.framework/Versions/A/Frameworks/CFOpenDirectory.framework/Versions/A/CFOpenDirectory
0x00007fff58259000 	/System/Library/Frameworks/SecurityFoundation.framework/Versions/A/SecurityFoundation
0x00007fff5b9b9000 	/System/Library/PrivateFrameworks/APFS.framework/Versions/A/APFS
0x00007fff79474000 	/usr/lib/libutil.dylib
0x00007fff76edc000 	/usr/lib/libcharset.1.dylib
0x00007fff5d1a5000 	/System/Library/PrivateFrameworks/AppleSauce.framework/Versions/A/AppleSauce
0x00007fff5d333000 	/System/Library/PrivateFrameworks/AssertionServices.framework/Versions/A/AssertionServices
0x00007fff5dba6000 	/System/Library/PrivateFrameworks/BaseBoard.framework/Versions/A/BaseBoard
0x00007fff77e0c000 	/usr/lib/libmecab.1.0.0.dylib
0x00007fff77a01000 	/usr/lib/libgermantok.dylib
0x00007fff76c1f000 	/usr/lib/libThaiTokenizer.dylib
0x00007fff76746000 	/usr/lib/libChineseTokenizer.dylib
0x00007fff6ab63000 	/System/Library/PrivateFrameworks/LanguageModeling.framework/Versions/A/LanguageModeling
0x00007fff604e6000 	/System/Library/PrivateFrameworks/CoreEmoji.framework/Versions/A/CoreEmoji
0x00007fff6ac5b000 	/System/Library/PrivateFrameworks/Lexicon.framework/Versions/A/Lexicon
0x00007fff6aca3000 	/System/Library/PrivateFrameworks/LinguisticData.framework/Versions/A/LinguisticData
0x00007fff76edd000 	/usr/lib/libcmph.dylib
0x00007fff5831a000 	/System/Library/Frameworks/ServiceManagement.framework/Versions/A/ServiceManagement
0x00007fff5daf9000 	/System/Library/PrivateFrameworks/BackgroundTaskManagement.framework/Versions/A/BackgroundTaskManagement
0x00007fff7956e000 	/usr/lib/libxslt.1.dylib
0x00007fff4ba3f000 	/System/Library/Frameworks/Carbon.framework/Versions/A/Frameworks/Ink.framework/Versions/A/Ink
0x00007fff746da000 	/System/Library/PrivateFrameworks/TextureIO.framework/Versions/A/TextureIO
0x00007fff76c74000 	/usr/lib/libate.dylib
0x00007fff61835000 	/System/Library/PrivateFrameworks/CrashReporterSupport.framework/Versions/A/CrashReporterSupport
0x00007fff716fb000 	/System/Library/PrivateFrameworks/Sharing.framework/Versions/A/Sharing
0x00007fff5d685000 	/System/Library/PrivateFrameworks/AuthKit.framework/Versions/A/AuthKit
0x00007fff5caa8000 	/System/Library/PrivateFrameworks/Apple80211.framework/Versions/A/Apple80211
0x00007fff615f5000 	/System/Library/PrivateFrameworks/CoreUtils.framework/Versions/A/CoreUtils
0x00007fff4e335000 	/System/Library/Frameworks/CoreWLAN.framework/Versions/A/CoreWLAN
0x00007fff4ed9f000 	/System/Library/Frameworks/IOBluetooth.framework/Versions/A/IOBluetooth
0x00007fff6fa19000 	/System/Library/PrivateFrameworks/ProtocolBuffer.framework/Versions/A/ProtocolBuffer
0x00007fff6bc6c000 	/System/Library/PrivateFrameworks/MobileKeyBag.framework/Versions/A/MobileKeyBag
0x00007fff60e0d000 	/System/Library/PrivateFrameworks/CorePhoneNumbers.framework/Versions/A/CorePhoneNumbers
0x00007fff5cebd000 	/System/Library/PrivateFrameworks/AppleIDAuthSupport.framework/Versions/A/AppleIDAuthSupport
0x00007fff6ab34000 	/System/Library/PrivateFrameworks/KeychainCircle.framework/Versions/A/KeychainCircle
0x00007fff6fbe6000 	/System/Library/PrivateFrameworks/ROCKit.framework/Versions/A/ROCKit
0x00007fff617d1000 	/System/Library/PrivateFrameworks/CoreWiFi.framework/Versions/A/CoreWiFi
0x00007fff4bfae000 	/System/Library/Frameworks/CoreBluetooth.framework/Versions/A/CoreBluetooth
0x00007fff61a25000 	/System/Library/PrivateFrameworks/DebugSymbols.framework/Versions/A/DebugSymbols
0x00007fff613aa000 	/System/Library/PrivateFrameworks/CoreSymbolication.framework/Versions/A/CoreSymbolication
0x00007fff73ec4000 	/System/Library/PrivateFrameworks/Symbolication.framework/Versions/A/Symbolication
0x00007fff73056000 	/System/Library/PrivateFrameworks/SpeechRecognitionCore.framework/Versions/A/SpeechRecognitionCore
0x000000010e600000 	/Library/Java/JavaVirtualMachines/jdk-9.0.1.jdk/Contents/Home/lib/server/libjvm.dylib
0x00007fff79338000 	/usr/lib/libstdc++.6.dylib
0x000000010d493000 	/Library/Java/JavaVirtualMachines/jdk-9.0.1.jdk/Contents/Home/lib/libverify.dylib
0x000000010d4a0000 	/Library/Java/JavaVirtualMachines/jdk-9.0.1.jdk/Contents/Home/lib/libjava.dylib
0x000000010d51e000 	/Library/Java/JavaVirtualMachines/jdk-9.0.1.jdk/Contents/Home/lib/libzip.dylib
0x000000010d526000 	/Library/Java/JavaVirtualMachines/jdk-9.0.1.jdk/Contents/Home/lib/libjimage.dylib
0x000000010d5b7000 	/Library/Java/JavaVirtualMachines/jdk-9.0.1.jdk/Contents/Home/lib/libnio.dylib
0x000000010d5c7000 	/Library/Java/JavaVirtualMachines/jdk-9.0.1.jdk/Contents/Home/lib/./libnet.dylib
0x000000013168c000 	/Library/Java/JavaVirtualMachines/jdk-9.0.1.jdk/Contents/Home/lib/libawt.dylib
0x0000000131731000 	/Library/Java/JavaVirtualMachines/jdk-9.0.1.jdk/Contents/Home/lib/./libmlib_image.dylib
0x00007fff50691000 	/System/Library/Frameworks/JavaVM.framework/Versions/A/Frameworks/JavaNativeFoundation.framework/Versions/A/JavaNativeFoundation
0x00007fff5069a000 	/System/Library/Frameworks/JavaVM.framework/Versions/A/Frameworks/JavaRuntimeSupport.framework/Versions/A/JavaRuntimeSupport
0x00007fff506a3000 	/System/Library/Frameworks/JavaVM.framework/Versions/A/JavaVM
0x00007fff6aa4b000 	/System/Library/PrivateFrameworks/JavaLaunching.framework/Versions/A/JavaLaunching
0x00007fff4b728000 	/System/Library/Frameworks/Carbon.framework/Versions/A/Carbon
0x00007fff4b729000 	/System/Library/Frameworks/Carbon.framework/Versions/A/Frameworks/CommonPanels.framework/Versions/A/CommonPanels
0x00007fff4ba35000 	/System/Library/Frameworks/Carbon.framework/Versions/A/Frameworks/Help.framework/Versions/A/Help
0x00007fff4ba39000 	/System/Library/Frameworks/Carbon.framework/Versions/A/Frameworks/ImageCapture.framework/Versions/A/ImageCapture
0x00007fff4bad4000 	/System/Library/Frameworks/Carbon.framework/Versions/A/Frameworks/OpenScripting.framework/Versions/A/OpenScripting
0x00007fff4bb0f000 	/System/Library/Frameworks/Carbon.framework/Versions/A/Frameworks/Print.framework/Versions/A/Print
0x00007fff4bb11000 	/System/Library/Frameworks/Carbon.framework/Versions/A/Frameworks/SecurityHI.framework/Versions/A/SecurityHI
0x000000013179f000 	/Library/Java/JavaVirtualMachines/jdk-9.0.1.jdk/Contents/Home/lib/libawt_lwawt.dylib
0x000000013185f000 	/Library/Java/JavaVirtualMachines/jdk-9.0.1.jdk/Contents/Home/lib/./libosxapp.dylib
0x00007fff4e7ee000 	/System/Library/Frameworks/ExceptionHandling.framework/Versions/A/ExceptionHandling
0x0000000131b15000 	/Library/Java/JavaVirtualMachines/jdk-9.0.1.jdk/Contents/Home/lib/libfontmanager.dylib
0x00007fff60fa4000 	/System/Library/PrivateFrameworks/CoreServicesInternal.framework/Versions/A/CoreServicesInternal
0x00007fff42112000 	/System/Library/CoreServices/RawCamera.bundle/Contents/MacOS/RawCamera
0x00007fff6bad6000 	/System/Library/PrivateFrameworks/MobileAsset.framework/Versions/A/MobileAsset
0x00007fff73748000 	/System/Library/PrivateFrameworks/StreamingZip.framework/Versions/A/StreamingZip
0x00007fff50a43000 	/System/Library/Frameworks/MediaToolbox.framework/Versions/A/MediaToolbox
0x00007fff6006b000 	/System/Library/PrivateFrameworks/CoreAVCHD.framework/Versions/A/CoreAVCHD
0x00007fff5097f000 	/System/Library/Frameworks/MediaAccessibility.framework/Versions/A/MediaAccessibility
0x00007fff6b508000 	/System/Library/PrivateFrameworks/Mangrove.framework/Versions/A/Mangrove
0x00007fff4d5e9000 	/System/Library/Frameworks/CoreMedia.framework/Versions/A/CoreMedia
0x00007fff589ac000 	/System/Library/Frameworks/VideoToolbox.framework/Versions/A/VideoToolbox
0x00007fff5fc93000 	/System/Library/PrivateFrameworks/CoreAUC.framework/Versions/A/CoreAUC
0x00007fff79019000 	/usr/lib/libspindump.dylib
0x00007fff5d298000 	/System/Library/PrivateFrameworks/AppleVA.framework/Versions/A/AppleVA
0x00007fff485aa000 	/System/Library/Frameworks/Accelerate.framework/Versions/A/Frameworks/vImage.framework/Versions/A/Libraries/libCGInterfaces.dylib
0x00007fff4ab19000 	/System/Library/Frameworks/ApplicationServices.framework/Versions/A/Frameworks/ATS.framework/Versions/A/Resources/libTrueTypeScaler.dylib
0x00007fff44437000 	/System/Library/Extensions/AppleIntelHD4000GraphicsMTLDriver.bundle/Contents/MacOS/AppleIntelHD4000GraphicsMTLDriver
0x00007fff48031000 	/System/Library/Extensions/GeForceMTLDriver.bundle/Contents/MacOS/GeForceMTLDriver
0x00007fff6694c000 	/System/Library/PrivateFrameworks/GPUCompiler.framework/Versions/3902/Libraries/libmetal_timestamp.dylib
0x00007fff7570b000 	/System/Library/PrivateFrameworks/ViewBridge.framework/Versions/A/ViewBridge
0x00007fff56628000 	/System/Library/Frameworks/OpenGL.framework/Versions/A/Resources/GLEngine.bundle/GLEngine
0x00007fff55ab8000 	/System/Library/Frameworks/OpenGL.framework/Versions/A/Libraries/libGLProgrammability.dylib
0x00007fff43f15000 	/System/Library/Extensions/AppleIntelHD4000GraphicsGLDriver.bundle/Contents/MacOS/AppleIntelHD4000GraphicsGLDriver
0x00007fff67feb000 	/System/Library/PrivateFrameworks/GPUSupport.framework/Versions/A/Libraries/libGPUSupportMercury.dylib
0x00007fff47022000 	/System/Library/Extensions/GeForceGLDriver.bundle/Contents/MacOS/GeForceGLDriver
0x00007fff47954000 	/System/Library/Extensions/GeForceGLDriver.bundle/Contents/MacOS/libclh.dylib
0x00007fff567bf000 	/System/Library/Frameworks/OpenGL.framework/Versions/A/Resources/GLRendererFloat.bundle/GLRendererFloat
0x00007fff5506c000 	/System/Library/Frameworks/OpenCL.framework/Versions/A/Libraries/libcldcpuengine.dylib
0x00007fff77368000 	/usr/lib/libcrypto.35.dylib
0x00007fff7485b000 	/System/Library/PrivateFrameworks/TrustEvaluationAgent.framework/Versions/A/TrustEvaluationAgent
0x0000000136aca000 	/usr/lib/libobjc-trampolines.dylib
0x000000013572d000 	/Library/Java/JavaVirtualMachines/jdk-9.0.1.jdk/Contents/Home/lib/libosxui.dylib
0x0000000179d31000 	/private/var/folders/l3/sl61647n317g9v3_d9jdnvjw0000gq/T/jogamp_0000/file_cache/jln5441867399361501614/jln953814408938622688/libgluegen-rt.jnilib
0x0000000179d35000 	/private/var/folders/l3/sl61647n317g9v3_d9jdnvjw0000gq/T/jogamp_0000/file_cache/jln5441867399361501614/jln953814408938622688/libnativewindow_awt.jnilib
0x0000000179d38000 	/Library/Java/JavaVirtualMachines/jdk-9.0.1.jdk/Contents/Home/lib/libjawt.dylib
0x000000017a4cc000 	/private/var/folders/l3/sl61647n317g9v3_d9jdnvjw0000gq/T/jogamp_0000/file_cache/jln5441867399361501614/jln953814408938622688/libnativewindow_macosx.jnilib
0x0000000135dcb000 	/private/var/folders/l3/sl61647n317g9v3_d9jdnvjw0000gq/T/jogamp_0000/file_cache/jln5441867399361501614/jln953814408938622688/libjogl_desktop.jnilib

VM Arguments:
jvm_args: -Djava.security.policy=java.policy.applet -Dfile.encoding=UTF-8 
java_command: sun.applet.AppletViewer demos.EarthquakeCityMapDemo1552008228997.html
java_class_path (initial): /Users/margo/Development/Eclipse/UCSDUnfoldingMaps/build:/Users/margo/Development/Eclipse/UCSDUnfoldingMaps/lib/core.jar:/Users/margo/Development/Eclipse/UCSDUnfoldingMaps/lib/gluegen-rt.jar:/Users/margo/Development/Eclipse/UCSDUnfoldingMaps/lib/jogl-all.jar:/Users/margo/Development/Eclipse/UCSDUnfoldingMaps/lib/log4j-1.2.15.jar:/Users/margo/Development/Eclipse/UCSDUnfoldingMaps/lib/sqlite-jdbc-3.7.2.jar:/Users/margo/Development/Eclipse/UCSDUnfoldingMaps/lib/json4processing.jar:/Users/margo/Development/Eclipse/UCSDUnfoldingMaps/lib/libTUIO.jar:/Users/margo/Development/Eclipse/UCSDUnfoldingMaps/lib/unfolding.0.9.7-uscd.jar
Launcher Type: SUN_STANDARD

Logging:
Log output configuration:
#0: stdout all=warning uptime,level,tags
#1: stderr all=off uptime,level,tags

Environment Variables:
PATH=/usr/bin:/bin:/usr/sbin:/sbin
SHELL=/bin/bash

Signal Handlers:
SIGSEGV: [libjvm.dylib+0x73e2dc], sa_mask[0]=11111111011111110111111111111111, sa_flags=SA_ONSTACK|SA_RESTART|SA_SIGINFO
SIGBUS: [libjvm.dylib+0x73e2dc], sa_mask[0]=11111111011111110111111111111111, sa_flags=SA_RESTART|SA_SIGINFO
SIGFPE: [libjvm.dylib+0x73e2dc], sa_mask[0]=11111111011111110111111111111111, sa_flags=SA_RESTART|SA_SIGINFO
SIGPIPE: [libjvm.dylib+0x5f15ac], sa_mask[0]=11111111011111110111111111111111, sa_flags=SA_RESTART|SA_SIGINFO
SIGXFSZ: [libjvm.dylib+0x5f15ac], sa_mask[0]=11111111011111110111111111111111, sa_flags=SA_RESTART|SA_SIGINFO
SIGILL: [libjvm.dylib+0x73e2dc], sa_mask[0]=11111111011111110111111111111111, sa_flags=SA_RESTART|SA_SIGINFO
SIGUSR2: [libjvm.dylib+0x5f1e3c], sa_mask[0]=00100000000000000000000000000000, sa_flags=SA_RESTART|SA_SIGINFO
SIGHUP: [libjvm.dylib+0x5f0679], sa_mask[0]=11111111011111110111111111111111, sa_flags=SA_RESTART|SA_SIGINFO
SIGINT: [libjvm.dylib+0x5f0679], sa_mask[0]=11111111011111110111111111111111, sa_flags=SA_RESTART|SA_SIGINFO
SIGTERM: [libjvm.dylib+0x5f0679], sa_mask[0]=11111111011111110111111111111111, sa_flags=SA_RESTART|SA_SIGINFO
SIGQUIT: [libjvm.dylib+0x5f0679], sa_mask[0]=11111111011111110111111111111111, sa_flags=SA_RESTART|SA_SIGINFO


---------------  S Y S T E M  ---------------

OS:uname:Darwin 18.2.0 Darwin Kernel Version 18.2.0: Thu Dec 20 20:46:53 PST 2018; root:xnu-4903.241.1~1/RELEASE_X86_64 x86_64
rlimit: STACK 8192k, CORE 0k, NPROC 709, NOFILE 10240, AS infinity
load average:1.79 1.89 1.96

CPU:total 8 (initial active 8) (4 cores per cpu, 2 threads per core) family 6 model 58 stepping 9, cmov, cx8, fxsr, mmx, sse, sse2, sse3, ssse3, sse4.1, sse4.2, popcnt, avx, aes, clmul, erms, ht, tsc, tscinvbit, tscinv

Memory: 4k page, physical 8388608k(30840k free)

vm_info: Java HotSpot(TM) 64-Bit Server VM (9.0.1+11) for bsd-amd64 JRE (9.0.1+11), built on Sep 28 2017 03:49:57 by "mach5one" with gcc 4.2.1 Compatible Apple LLVM 6.1.0 (clang-602.0.49)

END.
