#
# A fatal error has been detected by the Java Runtime Environment:
#
#  SIGSEGV (0xb) at pc=0x000000011179e0cc, pid=82783, tid=775
#
# JRE version: Java(TM) SE Runtime Environment (9.0+11) (build 9.0.1+11)
# Java VM: Java HotSpot(TM) 64-Bit Server VM (9.0.1+11, mixed mode, tiered, compressed oops, g1 gc, bsd-amd64)
# Problematic frame:
# C  [libosxapp.dylib+0x20cc]  -[NSApplicationAWT sendEvent:]+0x179
#
# No core dump will be written. Core dumps have been disabled. To enable core dumping, try "ulimit -c unlimited" before starting Java again
#
# If you would like to submit a bug report, please visit:
#   http://bugreport.java.com/bugreport/crash.jsp
# The crash happened outside the Java Virtual Machine in native code.
# See problematic frame for where to report the bug.
#

---------------  S U M M A R Y ------------

Command Line: -Djava.security.policy=java.policy.applet -Dfile.encoding=UTF-8 sun.applet.AppletViewer module3.EarthquakeCityMap1551999566831.html

Host: MacBookPro10,1 x86_64 2300 MHz, 8 cores, 8G, Darwin 18.2.0
Time: Thu Mar  7 14:59:47 2019 PST elapsed time: 20 seconds (0d 0h 0m 20s)

---------------  T H R E A D  ---------------

Current thread (0x00007fdaae10d000):  JavaThread "AppKit Thread" daemon [_thread_in_native, id=775, stack(0x00007ffeecf8d000,0x00007ffeed78d000)]

Stack: [0x00007ffeecf8d000,0x00007ffeed78d000],  sp=0x00007ffeed78a540,  free space=8181k
Native frames: (J=compiled Java code, A=aot compiled Java code, j=interpreted, Vv=VM code, C=native code)
C  [libosxapp.dylib+0x20cc]  -[NSApplicationAWT sendEvent:]+0x179
C  [AppKit+0x1419d]  -[NSApplication run]+0x2f3
C  [libosxapp.dylib+0x1d3a]  +[NSApplicationAWT runAWTLoopWithApp:]+0x9d
C  [libawt_lwawt.dylib+0x3a544]  +[AWTStarter starter:headless:]+0x342
C  [JavaNativeFoundation+0x6f3c]  +[JNFRunLoop _performCopiedBlock:]+0x11
C  [Foundation+0xb1bab]  __NSThreadPerformPerform+0x147
C  [CoreFoundation+0x580f9]  __CFRUNLOOP_IS_CALLING_OUT_TO_A_SOURCE0_PERFORM_FUNCTION__+0x11
C  [CoreFoundation+0x5809f]  __CFRunLoopDoSource0+0x6c
C  [CoreFoundation+0x3bf4c]  __CFRunLoopDoSources0+0xc3
C  [CoreFoundation+0x3b4f3]  __CFRunLoopRun+0x4ca
C  [CoreFoundation+0x3add6]  CFRunLoopRunSpecific+0x1d3
C  [java+0x6b2e]  CreateExecutionEnvironment+0x35c
C  [java+0x2c65]  JLI_Launch+0x5a9
C  [java+0x1b62]  main+0x186
C  [java+0x19d4]  start+0x34
C  0x0000000000000007


siginfo: si_signo: 11 (SIGSEGV), si_code: 1 (SEGV_MAPERR), si_addr: 0x0000000000000010

Register to memory mapping:

RAX=0x0000000000000000 is an unknown value
RBX=0x0000000000000000 is an unknown value
RCX=0x000000000021e000 is an unknown value
RDX=0x00000035ee7de0fe is an unknown value
RSP=0x00007ffeed78a540 is pointing into the stack for thread: 0x00007fdaae10d000
RBP=0x00007ffeed78a570 is pointing into the stack for thread: 0x00007fdaae10d000
RSI=0x00007fff4a5ec125: GCC_except_table7+0xf7e9 in /System/Library/Frameworks/AppKit.framework/Versions/C/AppKit at 0x00007fff499d7000
RDI=0x0000000000000000 is an unknown value
R8 =0x00000000000000ff is an unknown value
R9 =0x00007fdaaac0fec0 is an unknown value
R10=0x0000000000000025 is an unknown value
R11=0x00007fff49b70668: -[NSEvent data1]+0 in /System/Library/Frameworks/AppKit.framework/Versions/C/AppKit at 0x00007fff499d7000
R12=0x00007fff786c3580: objc_msgSend+0 in /usr/lib/libobjc.A.dylib at 0x00007fff786bc000
R13=0x0000000000000001 is an unknown value
R14=0x00007fff786c3580: objc_msgSend+0 in /usr/lib/libobjc.A.dylib at 0x00007fff786bc000
R15=0x00007fdaac08e1e0 is an unknown value


Registers:
RAX=0x0000000000000000, RBX=0x0000000000000000, RCX=0x000000000021e000, RDX=0x00000035ee7de0fe
RSP=0x00007ffeed78a540, RBP=0x00007ffeed78a570, RSI=0x00007fff4a5ec125, RDI=0x0000000000000000
R8 =0x00000000000000ff, R9 =0x00007fdaaac0fec0, R10=0x0000000000000025, R11=0x00007fff49b70668
R12=0x00007fff786c3580, R13=0x0000000000000001, R14=0x00007fff786c3580, R15=0x00007fdaac08e1e0
RIP=0x000000011179e0cc, EFLAGS=0x0000000000010246, ERR=0x0000000000000004
  TRAPNO=0x000000000000000e

Top of Stack: (sp=0x00007ffeed78a540)
0x00007ffeed78a540:   00007ffeed78a560 ffff8025553f0140
0x00007ffeed78a550:   00007fdab0c16e60 00007fdaaac0fec0
0x00007ffeed78a560:   00007fdaac303f10 00007fdaac08e1e0
0x00007ffeed78a570:   00007ffeed78a640 00007fff499eb19d
0x00007ffeed78a580:   0000000000000000 00007fff4a5e9994
0x00007ffeed78a590:   00007fff4a5dd47b 00007fff4a5dd151
0x00007ffeed78a5a0:   0000000000000010 00007fff4a5dce56
0x00007ffeed78a5b0:   00007fff4a5ebc46 00007fff4a5dccfe
0x00007ffeed78a5c0:   00007fff4a5dd16b 00007fffa4d3def8
0x00007ffeed78a5d0:   00007fff4a5dd197 00007fff4a5dd181
0x00007ffeed78a5e0:   00007fff4a5e3d83 00007fff4a5ebc79
0x00007ffeed78a5f0:   00007fff4a5dd16b 00007fff4a5dd197
0x00007ffeed78a600:   00007fff4a5dd275 0000000000000062
0x00007ffeed78a610:   00007fff4a5ddc4f 00007fdaac303f10
0x00007ffeed78a620:   00007fff786c3580 00000001117a2690
0x00007ffeed78a630:   00007fff4a5e4f32 00000001117a26b0
0x00007ffeed78a640:   00007ffeed78a680 000000011179dd3a
0x00007ffeed78a650:   0000000000000000 00007fdaaae509e0
0x00007ffeed78a660:   00007fff786c3580 00007fdaac303f10
0x00007ffeed78a670:   00007fdaaad10f60 0000000000000000
0x00007ffeed78a680:   00007ffeed78a6d0 0000000111716544
0x00007ffeed78a690:   00007fdaac303f10 0000000000000000
0x00007ffeed78a6a0:   00007fdaaad10f60 00007fdaaae3f1e0
0x00007ffeed78a6b0:   0000000000000000 00007fff4a5dccfe
0x00007ffeed78a6c0:   00007fdaaae3f410 00007fdaaae3f6d0
0x00007ffeed78a6d0:   00007ffeed78a6f0 00007fff50697f3c
0x00007ffeed78a6e0:   0000000000000018 00007fdaaad0d120
0x00007ffeed78a6f0:   00007ffeed78a770 00007fff4e8c7bab
0x00007ffeed78a700:   00007fdaab800038 00007fff4a5dcdd2
0x00007ffeed78a710:   00007fdaaae3f6d0 00007fdaaad0d120
0x00007ffeed78a720:   00007fff4a5e2ef0 00007fff4a635ac7
0x00007ffeed78a730:   00007fff4a5e2ef5 00007fff4a5dce56 

Instructions: (pc=0x000000011179e0cc)
0x000000011179e0ac:   41 5f 5d c3 48 8b 35 51 58 00 00 4c 8b 35 ca 3f
0x000000011179e0bc:   00 00 48 89 df 41 ff d6 48 89 c3 31 c0 48 89 df
0x000000011179e0cc:   ff 53 10 48 8b 35 1a 56 00 00 48 89 df 4c 89 f0
0x000000011179e0dc:   48 83 c4 18 5b 41 5e 41 5f 5d ff e0 55 48 89 e5 


---------------  P R O C E S S  ---------------

Java Threads: ( => current thread )
  0x00007fdaadd7a000 JavaThread "AppletCloser" [_thread_blocked, id=33851, stack(0x00007000063d0000,0x00007000064d0000)]
  0x00007fdaab4a3000 JavaThread "AWT-EventQueue-1" [_thread_in_vm, id=61467, stack(0x0000700006c74000,0x0000700006d74000)]
  0x00007fdab1076000 JavaThread "DestroyJavaVM" [_thread_blocked, id=5891, stack(0x000070000416a000,0x000070000426a000)]
  0x00007fdaabaa3800 JavaThread "AWT-EventQueue-0" [_thread_blocked, id=68099, stack(0x0000700006a6e000,0x0000700006b6e000)]
  0x00007fdaad275000 JavaThread "thread applet-module3.EarthquakeCityMap.class" [_thread_blocked, id=58907, stack(0x000070000696b000,0x0000700006a6b000)]
  0x00007fdaaf0e9800 JavaThread "Java2D Disposer" daemon [_thread_blocked, id=55819, stack(0x0000700006868000,0x0000700006968000)]
  0x00007fdaab0d8000 JavaThread "Java2D Queue Flusher" daemon [_thread_blocked, id=51811, stack(0x0000700006765000,0x0000700006865000)]
  0x00007fdaab91e800 JavaThread "AWT-Shutdown" [_thread_blocked, id=32551, stack(0x00007000062cd000,0x00007000063cd000)]
=>0x00007fdaae10d000 JavaThread "AppKit Thread" daemon [_thread_in_native, id=775, stack(0x00007ffeecf8d000,0x00007ffeed78d000)]
  0x00007fdaad0dc000 JavaThread "Service Thread" daemon [_thread_blocked, id=25859, stack(0x00007000060c7000,0x00007000061c7000)]
  0x00007fdaae802000 JavaThread "Common-Cleaner" daemon [_thread_blocked, id=39939, stack(0x0000700005fc4000,0x00007000060c4000)]
  0x00007fdaad0c5800 JavaThread "Sweeper thread" daemon [_thread_blocked, id=40451, stack(0x0000700005ec1000,0x0000700005fc1000)]
  0x00007fdaad0bc800 JavaThread "C1 CompilerThread3" daemon [_thread_blocked, id=40963, stack(0x0000700005dbe000,0x0000700005ebe000)]
  0x00007fdaad0bb800 JavaThread "C2 CompilerThread2" daemon [_thread_blocked, id=25347, stack(0x0000700005cbb000,0x0000700005dbb000)]
  0x00007fdaad0ba800 JavaThread "C2 CompilerThread1" daemon [_thread_blocked, id=25091, stack(0x0000700005bb8000,0x0000700005cb8000)]
  0x00007fdaad0ba000 JavaThread "C2 CompilerThread0" daemon [_thread_blocked, id=41987, stack(0x0000700005ab5000,0x0000700005bb5000)]
  0x00007fdaaf000000 JavaThread "Signal Dispatcher" daemon [_thread_blocked, id=42243, stack(0x00007000059b2000,0x0000700005ab2000)]
  0x00007fdaab81a800 JavaThread "Finalizer" daemon [_thread_blocked, id=22275, stack(0x00007000058af000,0x00007000059af000)]
  0x00007fdaad076000 JavaThread "Reference Handler" daemon [_thread_blocked, id=43011, stack(0x00007000057ac000,0x00007000058ac000)]

Other Threads:
  0x00007fdaad80e800 VMThread "VM Thread" [stack: 0x00007000056a9000,0x00007000057a9000] [id=22019]
  0x00007fdaab007800 WatcherThread [stack: 0x00007000061ca000,0x00007000062ca000] [id=26371]
  0x00007fdaad814000 GCTaskThread "GC Thread#0" [stack: 0x000070000426d000,0x000070000436d000] [id=21507]
  0x00007fdaab811000 GCTaskThread "GC Thread#1" [stack: 0x0000700004370000,0x0000700004470000] [id=11523]
  0x00007fdaab812000 GCTaskThread "GC Thread#2" [stack: 0x0000700004473000,0x0000700004573000] [id=21251]
  0x00007fdaad815000 GCTaskThread "GC Thread#3" [stack: 0x0000700004576000,0x0000700004676000] [id=12035]
  0x00007fdaad815800 GCTaskThread "GC Thread#4" [stack: 0x0000700004679000,0x0000700004779000] [id=20739]
  0x00007fdaad816000 GCTaskThread "GC Thread#5" [stack: 0x000070000477c000,0x000070000487c000] [id=20483]
  0x00007fdaad816800 GCTaskThread "GC Thread#6" [stack: 0x000070000487f000,0x000070000497f000] [id=19971]
  0x00007fdaad817800 GCTaskThread "GC Thread#7" [stack: 0x0000700004982000,0x0000700004a82000] [id=13059]
  0x00007fdaad843000 ConcurrentGCThread "G1 Main Marker" [stack: 0x00007000053a0000,0x00007000054a0000] [id=15619]
  0x00007fdaae000000 ConcurrentGCThread "G1 Marker#0" [stack: 0x00007000054a3000,0x00007000055a3000] [id=17155]
  0x00007fdaad844000 ConcurrentGCThread "G1 Marker#1" [stack: 0x00007000055a6000,0x00007000056a6000] [id=16643]
  0x00007fdaad81e000 ConcurrentGCThread "G1 Refine#0" [stack: 0x000070000519a000,0x000070000529a000] [id=17923]
  0x00007fdaad81c800 ConcurrentGCThread "G1 Refine#1" [stack: 0x0000700005097000,0x0000700005197000] [id=14851]
  0x00007fdaad81b800 ConcurrentGCThread "G1 Refine#2" [stack: 0x0000700004f94000,0x0000700005094000] [id=18179]
  0x00007fdaad81b000 ConcurrentGCThread "G1 Refine#3" [stack: 0x0000700004e91000,0x0000700004f91000] [id=14339]
  0x00007fdaad81a000 ConcurrentGCThread "G1 Refine#4" [stack: 0x0000700004d8e000,0x0000700004e8e000] [id=14083]
  0x00007fdaad819800 ConcurrentGCThread "G1 Refine#5" [stack: 0x0000700004c8b000,0x0000700004d8b000] [id=18947]
  0x00007fdaad818800 ConcurrentGCThread "G1 Refine#6" [stack: 0x0000700004b88000,0x0000700004c88000] [id=19203]
  0x00007fdaad818000 ConcurrentGCThread "G1 Refine#7" [stack: 0x0000700004a85000,0x0000700004b85000] [id=13315]
  0x00007fdaad81e800 ConcurrentGCThread "G1 Young RemSet Sampling" [stack: 0x000070000529d000,0x000070000539d000] [id=17667]

Threads with active compile tasks:
C1 CompilerThread34050   !   3       java.awt.DefaultKeyboardFocusManager::dispatchEvent (1611 bytes)

VM state:not at safepoint (normal execution)

VM Mutex/Monitor currently owned by a thread: None

Heap address: 0x0000000740000000, size: 2048 MB, Compressed Oops mode: Zero based, Oop shift amount: 3
Narrow klass base: 0x0000000000000000, Narrow klass shift: 3
Compressed class space size: 1073741824 Address: 0x00000007c0000000

Heap:
 garbage-first heap   total 131072K, used 82690K [0x0000000740000000, 0x0000000740100400, 0x00000007c0000000)
  region size 1024K, 10 young (10240K), 4 survivors (4096K)
 Metaspace       used 33491K, capacity 34767K, committed 35200K, reserved 1081344K
  class space    used 2573K, capacity 2842K, committed 2944K, reserved 1048576K
Heap Regions: E=young(eden), S=young(survivor), O=old, HS=humongous(starts), HC=humongous(continues), CS=collection set, F=free, A=archive, TS=gc time stamp, AC=allocation context, TAMS=top-at-mark-start (previous, next)
|   0|0x0000000740000000, 0x0000000740100000, 0x0000000740100000|100%| O|  |TS  0|AC  0|TAMS 0x0000000740100000, 0x0000000740100000|
|   1|0x0000000740100000, 0x0000000740200000, 0x0000000740200000|100%| O|  |TS  0|AC  0|TAMS 0x0000000740200000, 0x0000000740200000|
|   2|0x0000000740200000, 0x0000000740300000, 0x0000000740300000|100%| O|  |TS  0|AC  0|TAMS 0x0000000740300000, 0x0000000740300000|
|   3|0x0000000740300000, 0x0000000740400000, 0x0000000740400000|100%|HS|  |TS  0|AC  0|TAMS 0x0000000740400000, 0x0000000740400000|
|   4|0x0000000740400000, 0x0000000740500000, 0x0000000740500000|100%|HC|  |TS  0|AC  0|TAMS 0x0000000740500000, 0x0000000740500000|
|   5|0x0000000740500000, 0x0000000740600000, 0x0000000740600000|100%|HC|  |TS  0|AC  0|TAMS 0x0000000740600000, 0x0000000740600000|
|   6|0x0000000740600000, 0x0000000740700000, 0x0000000740700000|100%|HS|  |TS  0|AC  0|TAMS 0x0000000740700000, 0x0000000740700000|
|   7|0x0000000740700000, 0x0000000740800000, 0x0000000740800000|100%|HC|  |TS  0|AC  0|TAMS 0x0000000740800000, 0x0000000740800000|
|   8|0x0000000740800000, 0x0000000740900000, 0x0000000740900000|100%|HC|  |TS  0|AC  0|TAMS 0x0000000740900000, 0x0000000740900000|
|   9|0x0000000740900000, 0x0000000740a00000, 0x0000000740a00000|100%| O|  |TS  0|AC  0|TAMS 0x0000000740a00000, 0x0000000740a00000|
|  10|0x0000000740a00000, 0x0000000740b00000, 0x0000000740b00000|100%| O|  |TS  0|AC  0|TAMS 0x0000000740b00000, 0x0000000740b00000|
|  11|0x0000000740b00000, 0x0000000740c00000, 0x0000000740c00000|100%| O|  |TS  0|AC  0|TAMS 0x0000000740c00000, 0x0000000740c00000|
|  12|0x0000000740c00000, 0x0000000740d00000, 0x0000000740d00000|100%| O|  |TS  0|AC  0|TAMS 0x0000000740d00000, 0x0000000740d00000|
|  13|0x0000000740d00000, 0x0000000740e00000, 0x0000000740e00000|100%| O|  |TS  0|AC  0|TAMS 0x0000000740e00000, 0x0000000740e00000|
|  14|0x0000000740e00000, 0x0000000740f00000, 0x0000000740f00000|100%| O|  |TS  0|AC  0|TAMS 0x0000000740f00000, 0x0000000740f00000|
|  15|0x0000000740f00000, 0x0000000741000000, 0x0000000741000000|100%| O|  |TS  0|AC  0|TAMS 0x0000000741000000, 0x0000000741000000|
|  16|0x0000000741000000, 0x0000000741100000, 0x0000000741100000|100%| O|  |TS  0|AC  0|TAMS 0x0000000741100000, 0x0000000741100000|
|  17|0x0000000741100000, 0x0000000741200000, 0x0000000741200000|100%| O|  |TS  0|AC  0|TAMS 0x0000000741200000, 0x0000000741200000|
|  18|0x0000000741200000, 0x0000000741300000, 0x0000000741300000|100%| O|  |TS  0|AC  0|TAMS 0x0000000741300000, 0x0000000741300000|
|  19|0x0000000741300000, 0x0000000741400000, 0x0000000741400000|100%| O|  |TS  0|AC  0|TAMS 0x0000000741400000, 0x0000000741400000|
|  20|0x0000000741400000, 0x0000000741500000, 0x0000000741500000|100%|HS|  |TS  0|AC  0|TAMS 0x0000000741500000, 0x0000000741500000|
|  21|0x0000000741500000, 0x0000000741600000, 0x0000000741600000|100%|HS|  |TS  0|AC  0|TAMS 0x0000000741600000, 0x0000000741600000|
|  22|0x0000000741600000, 0x0000000741700000, 0x0000000741700000|100%| O|  |TS  0|AC  0|TAMS 0x0000000741700000, 0x0000000741700000|
|  23|0x0000000741700000, 0x0000000741800000, 0x0000000741800000|100%| O|  |TS  0|AC  0|TAMS 0x0000000741800000, 0x0000000741800000|
|  24|0x0000000741800000, 0x0000000741900000, 0x0000000741900000|100%| O|  |TS  0|AC  0|TAMS 0x0000000741900000, 0x0000000741900000|
|  25|0x0000000741900000, 0x0000000741a00000, 0x0000000741a00000|100%| O|  |TS  0|AC  0|TAMS 0x0000000741a00000, 0x0000000741a00000|
|  26|0x0000000741a00000, 0x0000000741b00000, 0x0000000741b00000|100%| O|  |TS  0|AC  0|TAMS 0x0000000741b00000, 0x0000000741b00000|
|  27|0x0000000741b00000, 0x0000000741c00000, 0x0000000741c00000|100%| O|  |TS  0|AC  0|TAMS 0x0000000741c00000, 0x0000000741c00000|
|  28|0x0000000741c00000, 0x0000000741d00000, 0x0000000741d00000|100%| O|  |TS  0|AC  0|TAMS 0x0000000741d00000, 0x0000000741d00000|
|  29|0x0000000741d00000, 0x0000000741e00000, 0x0000000741e00000|100%| O|  |TS  0|AC  0|TAMS 0x0000000741e00000, 0x0000000741e00000|
|  30|0x0000000741e00000, 0x0000000741f00000, 0x0000000741f00000|100%| O|  |TS  0|AC  0|TAMS 0x0000000741f00000, 0x0000000741f00000|
|  31|0x0000000741f00000, 0x0000000742000000, 0x0000000742000000|100%| O|  |TS  0|AC  0|TAMS 0x0000000742000000, 0x0000000742000000|
|  32|0x0000000742000000, 0x0000000742100000, 0x0000000742100000|100%| O|  |TS  0|AC  0|TAMS 0x0000000742100000, 0x0000000742100000|
|  33|0x0000000742100000, 0x0000000742200000, 0x0000000742200000|100%| O|  |TS  0|AC  0|TAMS 0x0000000742200000, 0x0000000742200000|
|  34|0x0000000742200000, 0x0000000742300000, 0x0000000742300000|100%| O|  |TS  0|AC  0|TAMS 0x0000000742300000, 0x0000000742300000|
|  35|0x0000000742300000, 0x0000000742400000, 0x0000000742400000|100%| O|  |TS  0|AC  0|TAMS 0x0000000742400000, 0x0000000742400000|
|  36|0x0000000742400000, 0x0000000742500000, 0x0000000742500000|100%| O|  |TS  0|AC  0|TAMS 0x0000000742500000, 0x0000000742500000|
|  37|0x0000000742500000, 0x0000000742600000, 0x0000000742600000|100%| O|  |TS  0|AC  0|TAMS 0x0000000742600000, 0x0000000742600000|
|  38|0x0000000742600000, 0x0000000742700000, 0x0000000742700000|100%| O|  |TS  0|AC  0|TAMS 0x0000000742700000, 0x0000000742700000|
|  39|0x0000000742700000, 0x0000000742800000, 0x0000000742800000|100%| O|  |TS  0|AC  0|TAMS 0x0000000742800000, 0x0000000742800000|
|  40|0x0000000742800000, 0x0000000742900000, 0x0000000742900000|100%| O|  |TS  0|AC  0|TAMS 0x0000000742900000, 0x0000000742900000|
|  41|0x0000000742900000, 0x0000000742a00000, 0x0000000742a00000|100%| O|  |TS  0|AC  0|TAMS 0x0000000742a00000, 0x0000000742a00000|
|  42|0x0000000742a00000, 0x0000000742b00000, 0x0000000742b00000|100%| O|  |TS  0|AC  0|TAMS 0x0000000742b00000, 0x0000000742b00000|
|  43|0x0000000742b00000, 0x0000000742c00000, 0x0000000742c00000|100%| O|  |TS  0|AC  0|TAMS 0x0000000742c00000, 0x0000000742c00000|
|  44|0x0000000742c00000, 0x0000000742d00000, 0x0000000742d00000|100%| O|  |TS  0|AC  0|TAMS 0x0000000742d00000, 0x0000000742d00000|
|  45|0x0000000742d00000, 0x0000000742e00000, 0x0000000742e00000|100%| O|  |TS  0|AC  0|TAMS 0x0000000742e00000, 0x0000000742e00000|
|  46|0x0000000742e00000, 0x0000000742f00000, 0x0000000742f00000|100%| O|  |TS  0|AC  0|TAMS 0x0000000742f00000, 0x0000000742f00000|
|  47|0x0000000742f00000, 0x0000000743000000, 0x0000000743000000|100%| O|  |TS  0|AC  0|TAMS 0x0000000743000000, 0x0000000743000000|
|  48|0x0000000743000000, 0x0000000743100000, 0x0000000743100000|100%| O|  |TS  0|AC  0|TAMS 0x0000000743100000, 0x0000000743100000|
|  49|0x0000000743100000, 0x0000000743200000, 0x0000000743200000|100%| O|  |TS  0|AC  0|TAMS 0x0000000743200000, 0x0000000743200000|
|  50|0x0000000743200000, 0x0000000743300000, 0x0000000743300000|100%| O|  |TS  0|AC  0|TAMS 0x0000000743300000, 0x0000000743300000|
|  51|0x0000000743300000, 0x0000000743400000, 0x0000000743400000|100%| O|  |TS  0|AC  0|TAMS 0x0000000743400000, 0x0000000743400000|
|  52|0x0000000743400000, 0x0000000743500000, 0x0000000743500000|100%| O|  |TS  0|AC  0|TAMS 0x0000000743500000, 0x0000000743500000|
|  53|0x0000000743500000, 0x0000000743600000, 0x0000000743600000|100%| O|  |TS  0|AC  0|TAMS 0x0000000743600000, 0x0000000743600000|
|  54|0x0000000743600000, 0x0000000743700000, 0x0000000743700000|100%| O|  |TS  0|AC  0|TAMS 0x0000000743700000, 0x0000000743700000|
|  55|0x0000000743700000, 0x0000000743800000, 0x0000000743800000|100%| O|  |TS  0|AC  0|TAMS 0x0000000743800000, 0x0000000743800000|
|  56|0x0000000743800000, 0x0000000743900000, 0x0000000743900000|100%| O|  |TS  0|AC  0|TAMS 0x0000000743900000, 0x0000000743900000|
|  57|0x0000000743900000, 0x0000000743a00000, 0x0000000743a00000|100%| O|  |TS  0|AC  0|TAMS 0x0000000743a00000, 0x0000000743a00000|
|  58|0x0000000743a00000, 0x0000000743b00000, 0x0000000743b00000|100%| O|  |TS  0|AC  0|TAMS 0x0000000743b00000, 0x0000000743b00000|
|  59|0x0000000743b00000, 0x0000000743c00000, 0x0000000743c00000|100%| O|  |TS  0|AC  0|TAMS 0x0000000743c00000, 0x0000000743c00000|
|  60|0x0000000743c00000, 0x0000000743d00000, 0x0000000743d00000|100%| O|  |TS  0|AC  0|TAMS 0x0000000743d00000, 0x0000000743d00000|
|  61|0x0000000743d00000, 0x0000000743e00000, 0x0000000743e00000|100%| O|  |TS  0|AC  0|TAMS 0x0000000743e00000, 0x0000000743e00000|
|  62|0x0000000743e00000, 0x0000000743f00000, 0x0000000743f00000|100%| O|  |TS  0|AC  0|TAMS 0x0000000743f00000, 0x0000000743f00000|
|  63|0x0000000743f00000, 0x0000000744000000, 0x0000000744000000|100%| O|  |TS  0|AC  0|TAMS 0x0000000744000000, 0x0000000744000000|
|  64|0x0000000744000000, 0x0000000744100000, 0x0000000744100000|100%| O|  |TS  0|AC  0|TAMS 0x0000000744100000, 0x0000000744100000|
|  65|0x0000000744100000, 0x0000000744200000, 0x0000000744200000|100%| O|  |TS  0|AC  0|TAMS 0x0000000744200000, 0x0000000744200000|
|  66|0x0000000744200000, 0x0000000744300000, 0x0000000744300000|100%| O|  |TS  0|AC  0|TAMS 0x0000000744300000, 0x0000000744300000|
|  67|0x0000000744300000, 0x0000000744400000, 0x0000000744400000|100%| O|  |TS  0|AC  0|TAMS 0x0000000744400000, 0x0000000744400000|
|  68|0x0000000744400000, 0x0000000744500000, 0x0000000744500000|100%| O|  |TS  0|AC  0|TAMS 0x0000000744500000, 0x0000000744500000|
|  69|0x0000000744500000, 0x0000000744600000, 0x0000000744600000|100%| O|  |TS  0|AC  0|TAMS 0x0000000744600000, 0x0000000744600000|
|  70|0x0000000744600000, 0x0000000744700000, 0x0000000744700000|100%| O|  |TS  0|AC  0|TAMS 0x0000000744700000, 0x0000000744700000|
|  71|0x0000000744700000, 0x00000007447c0a00, 0x0000000744800000| 75%| O|  |TS  0|AC  0|TAMS 0x00000007447c0a00, 0x00000007447c0a00|
|  72|0x0000000744800000, 0x0000000744800000, 0x0000000744900000|  0%| F|  |TS  0|AC  0|TAMS 0x0000000744800000, 0x0000000744800000|
|  73|0x0000000744900000, 0x0000000744900000, 0x0000000744a00000|  0%| F|  |TS  0|AC  0|TAMS 0x0000000744900000, 0x0000000744900000|
|  74|0x0000000744a00000, 0x0000000744a00000, 0x0000000744b00000|  0%| F|  |TS  0|AC  0|TAMS 0x0000000744a00000, 0x0000000744a00000|
|  75|0x0000000744b00000, 0x0000000744b00000, 0x0000000744c00000|  0%| F|  |TS  0|AC  0|TAMS 0x0000000744b00000, 0x0000000744b00000|
|  76|0x0000000744c00000, 0x0000000744c00000, 0x0000000744d00000|  0%| F|  |TS  0|AC  0|TAMS 0x0000000744c00000, 0x0000000744c00000|
|  77|0x0000000744d00000, 0x0000000744d00000, 0x0000000744e00000|  0%| F|  |TS  0|AC  0|TAMS 0x0000000744d00000, 0x0000000744d00000|
|  78|0x0000000744e00000, 0x0000000744e00000, 0x0000000744f00000|  0%| F|  |TS  0|AC  0|TAMS 0x0000000744e00000, 0x0000000744e00000|
|  79|0x0000000744f00000, 0x0000000744f00000, 0x0000000745000000|  0%| F|  |TS  0|AC  0|TAMS 0x0000000744f00000, 0x0000000744f00000|
|  80|0x0000000745000000, 0x0000000745000000, 0x0000000745100000|  0%| F|  |TS  0|AC  0|TAMS 0x0000000745000000, 0x0000000745000000|
|  81|0x0000000745100000, 0x0000000745100000, 0x0000000745200000|  0%| F|  |TS  0|AC  0|TAMS 0x0000000745100000, 0x0000000745100000|
|  82|0x0000000745200000, 0x0000000745200000, 0x0000000745300000|  0%| F|  |TS  0|AC  0|TAMS 0x0000000745200000, 0x0000000745200000|
|  83|0x0000000745300000, 0x0000000745300000, 0x0000000745400000|  0%| F|  |TS  0|AC  0|TAMS 0x0000000745300000, 0x0000000745300000|
|  84|0x0000000745400000, 0x0000000745400000, 0x0000000745500000|  0%| F|  |TS  0|AC  0|TAMS 0x0000000745400000, 0x0000000745400000|
|  85|0x0000000745500000, 0x0000000745500000, 0x0000000745600000|  0%| F|  |TS  0|AC  0|TAMS 0x0000000745500000, 0x0000000745500000|
|  86|0x0000000745600000, 0x0000000745600000, 0x0000000745700000|  0%| F|  |TS  0|AC  0|TAMS 0x0000000745600000, 0x0000000745600000|
|  87|0x0000000745700000, 0x0000000745700000, 0x0000000745800000|  0%| F|  |TS  0|AC  0|TAMS 0x0000000745700000, 0x0000000745700000|
|  88|0x0000000745800000, 0x0000000745800000, 0x0000000745900000|  0%| F|  |TS  0|AC  0|TAMS 0x0000000745800000, 0x0000000745800000|
|  89|0x0000000745900000, 0x0000000745900000, 0x0000000745a00000|  0%| F|  |TS  0|AC  0|TAMS 0x0000000745900000, 0x0000000745900000|
|  90|0x0000000745a00000, 0x0000000745a00000, 0x0000000745b00000|  0%| F|  |TS  0|AC  0|TAMS 0x0000000745a00000, 0x0000000745a00000|
|  91|0x0000000745b00000, 0x0000000745b00000, 0x0000000745c00000|  0%| F|  |TS  0|AC  0|TAMS 0x0000000745b00000, 0x0000000745b00000|
|  92|0x0000000745c00000, 0x0000000745c00000, 0x0000000745d00000|  0%| F|  |TS  0|AC  0|TAMS 0x0000000745c00000, 0x0000000745c00000|
|  93|0x0000000745d00000, 0x0000000745d00000, 0x0000000745e00000|  0%| F|  |TS  0|AC  0|TAMS 0x0000000745d00000, 0x0000000745d00000|
|  94|0x0000000745e00000, 0x0000000745e00000, 0x0000000745f00000|  0%| F|  |TS  0|AC  0|TAMS 0x0000000745e00000, 0x0000000745e00000|
|  95|0x0000000745f00000, 0x0000000745f00000, 0x0000000746000000|  0%| F|  |TS  0|AC  0|TAMS 0x0000000745f00000, 0x0000000745f00000|
|  96|0x0000000746000000, 0x0000000746000000, 0x0000000746100000|  0%| F|  |TS  0|AC  0|TAMS 0x0000000746000000, 0x0000000746000000|
|  97|0x0000000746100000, 0x0000000746100000, 0x0000000746200000|  0%| F|  |TS  0|AC  0|TAMS 0x0000000746100000, 0x0000000746100000|
|  98|0x0000000746200000, 0x0000000746200000, 0x0000000746300000|  0%| F|  |TS  0|AC  0|TAMS 0x0000000746200000, 0x0000000746200000|
|  99|0x0000000746300000, 0x0000000746300000, 0x0000000746400000|  0%| F|  |TS  0|AC  0|TAMS 0x0000000746300000, 0x0000000746300000|
| 100|0x0000000746400000, 0x0000000746400000, 0x0000000746500000|  0%| F|  |TS  0|AC  0|TAMS 0x0000000746400000, 0x0000000746400000|
| 101|0x0000000746500000, 0x0000000746600000, 0x0000000746600000|100%| S|CS|TS  0|AC  0|TAMS 0x0000000746500000, 0x0000000746500000|
| 102|0x0000000746600000, 0x0000000746700000, 0x0000000746700000|100%| S|CS|TS  0|AC  0|TAMS 0x0000000746600000, 0x0000000746600000|
| 103|0x0000000746700000, 0x0000000746800000, 0x0000000746800000|100%| S|CS|TS  0|AC  0|TAMS 0x0000000746700000, 0x0000000746700000|
| 104|0x0000000746800000, 0x0000000746900000, 0x0000000746900000|100%| S|CS|TS  0|AC  0|TAMS 0x0000000746800000, 0x0000000746800000|
| 105|0x0000000746900000, 0x0000000746900000, 0x0000000746a00000|  0%| F|  |TS  0|AC  0|TAMS 0x0000000746900000, 0x0000000746900000|
| 106|0x0000000746a00000, 0x0000000746a00000, 0x0000000746b00000|  0%| F|  |TS  0|AC  0|TAMS 0x0000000746a00000, 0x0000000746a00000|
| 107|0x0000000746b00000, 0x0000000746b00000, 0x0000000746c00000|  0%| F|  |TS  0|AC  0|TAMS 0x0000000746b00000, 0x0000000746b00000|
| 108|0x0000000746c00000, 0x0000000746c00000, 0x0000000746d00000|  0%| F|  |TS  0|AC  0|TAMS 0x0000000746c00000, 0x0000000746c00000|
| 109|0x0000000746d00000, 0x0000000746d00000, 0x0000000746e00000|  0%| F|  |TS  0|AC  0|TAMS 0x0000000746d00000, 0x0000000746d00000|
| 110|0x0000000746e00000, 0x0000000746e00000, 0x0000000746f00000|  0%| F|  |TS  0|AC  0|TAMS 0x0000000746e00000, 0x0000000746e00000|
| 111|0x0000000746f00000, 0x0000000746f00000, 0x0000000747000000|  0%| F|  |TS  0|AC  0|TAMS 0x0000000746f00000, 0x0000000746f00000|
| 112|0x0000000747000000, 0x0000000747000000, 0x0000000747100000|  0%| F|  |TS  0|AC  0|TAMS 0x0000000747000000, 0x0000000747000000|
| 113|0x0000000747100000, 0x0000000747100000, 0x0000000747200000|  0%| F|  |TS  0|AC  0|TAMS 0x0000000747100000, 0x0000000747100000|
| 114|0x0000000747200000, 0x0000000747200000, 0x0000000747300000|  0%| F|  |TS  0|AC  0|TAMS 0x0000000747200000, 0x0000000747200000|
| 115|0x0000000747300000, 0x0000000747300000, 0x0000000747400000|  0%| F|  |TS  0|AC  0|TAMS 0x0000000747300000, 0x0000000747300000|
| 116|0x0000000747400000, 0x0000000747400000, 0x0000000747500000|  0%| F|  |TS  0|AC  0|TAMS 0x0000000747400000, 0x0000000747400000|
| 117|0x0000000747500000, 0x0000000747500000, 0x0000000747600000|  0%| F|  |TS  0|AC  0|TAMS 0x0000000747500000, 0x0000000747500000|
| 118|0x0000000747600000, 0x0000000747600000, 0x0000000747700000|  0%| F|  |TS  0|AC  0|TAMS 0x0000000747600000, 0x0000000747600000|
| 119|0x0000000747700000, 0x0000000747700000, 0x0000000747800000|  0%| F|  |TS  0|AC  0|TAMS 0x0000000747700000, 0x0000000747700000|
| 120|0x0000000747800000, 0x0000000747800000, 0x0000000747900000|  0%| F|  |TS  0|AC  0|TAMS 0x0000000747800000, 0x0000000747800000|
| 121|0x0000000747900000, 0x0000000747900000, 0x0000000747a00000|  0%| F|  |TS  0|AC  0|TAMS 0x0000000747900000, 0x0000000747900000|
| 122|0x0000000747a00000, 0x0000000747a93d38, 0x0000000747b00000| 57%| E|  |TS  0|AC  0|TAMS 0x0000000747a00000, 0x0000000747a00000|
| 123|0x0000000747b00000, 0x0000000747c00000, 0x0000000747c00000|100%| E|CS|TS  0|AC  0|TAMS 0x0000000747b00000, 0x0000000747b00000|
| 124|0x0000000747c00000, 0x0000000747d00000, 0x0000000747d00000|100%| E|CS|TS  0|AC  0|TAMS 0x0000000747c00000, 0x0000000747c00000|
| 125|0x0000000747d00000, 0x0000000747e00000, 0x0000000747e00000|100%| E|CS|TS  0|AC  0|TAMS 0x0000000747d00000, 0x0000000747d00000|
| 126|0x0000000747e00000, 0x0000000747f00000, 0x0000000747f00000|100%| E|CS|TS  0|AC  0|TAMS 0x0000000747e00000, 0x0000000747e00000|
| 127|0x0000000747f00000, 0x0000000748000000, 0x0000000748000000|100%| E|CS|TS  0|AC  0|TAMS 0x0000000747f00000, 0x0000000747f00000|

Card table byte_map: [0x000000010fbce000,0x000000010ffce000] byte_map_base: 0x000000010c1ce000

Marking Bits (Prev, Next): (CMBitMap*) 0x00007fdaad842670, (CMBitMap*) 0x00007fdaad8426a8
 Prev Bits: [0x0000000120ce9000, 0x0000000122ce9000)
 Next Bits: [0x0000000122ce9000, 0x0000000124ce9000)

Polling page: 0x00000001024de000

CodeHeap 'non-profiled nmethods': size=120032Kb used=2301Kb max_used=2301Kb free=117730Kb
 bounds [0x00000001197b1000, 0x0000000119a21000, 0x0000000120ce9000]
CodeHeap 'profiled nmethods': size=120028Kb used=12077Kb max_used=12077Kb free=107950Kb
 bounds [0x000000011227a000, 0x0000000112e4a000, 0x00000001197b1000]
CodeHeap 'non-nmethods': size=5700Kb used=1591Kb max_used=1630Kb free=4108Kb
 bounds [0x0000000111ce9000, 0x0000000111f59000, 0x000000011227a000]
 total_blobs=6109 nmethods=3921 adapters=902
 compilation: enabled

Compilation events (10 events):
Event: 20.187 Thread 0x00007fdaad0bc800 4045       3       sun.awt.SunToolkit::awtUnlock (7 bytes)
Event: 20.187 Thread 0x00007fdaad0bc800 nmethod 4045 0x0000000112e3fb90 code [0x0000000112e3fd60, 0x0000000112e40048]
Event: 20.188 Thread 0x00007fdaad0bc800 4046       3       java.awt.Component::dispatchEventImpl (739 bytes)
Event: 20.193 Thread 0x00007fdaad0bc800 nmethod 4046 0x0000000112e40190 code [0x0000000112e409e0, 0x0000000112e46cc8]
Event: 20.193 Thread 0x00007fdaad0bc800 4048       3       sun.java2d.pipe.RenderBuffer::putFloat (26 bytes)
Event: 20.193 Thread 0x00007fdaad0bc800 nmethod 4048 0x0000000112e47f90 code [0x0000000112e48140, 0x0000000112e483b0]
Event: 20.193 Thread 0x00007fdaad0bc800 4047       3       java.awt.EventQueue::setCurrentEventAndMostRecentTime (8 bytes)
Event: 20.194 Thread 0x00007fdaad0bc800 nmethod 4047 0x0000000112e48490 code [0x0000000112e486e0, 0x0000000112e490e8]
Event: 20.194 Thread 0x00007fdaad0bc800 4049       1       sun.java2d.SurfaceData::isValid (5 bytes)
Event: 20.194 Thread 0x00007fdaad0bc800 nmethod 4049 0x00000001199f0810 code [0x00000001199f09c0, 0x00000001199f0ad0]

GC Heap History (10 events):
Event: 15.194 GC heap before
{Heap before GC invocations=5 (full 0):
 garbage-first heap   total 131072K, used 74468K [0x0000000740000000, 0x0000000740100400, 0x00000007c0000000)
  region size 1024K, 51 young (52224K), 7 survivors (7168K)
 Metaspace       used 32859K, capacity 34161K, committed 34432K, reserved 1081344K
  class space    used 2583K, capacity 2873K, committed 2944K, reserved 1048576K
}
Event: 15.198 GC heap after
{Heap after GC invocations=6 (full 0):
 garbage-first heap   total 131072K, used 33945K [0x0000000740000000, 0x0000000740100400, 0x00000007c0000000)
  region size 1024K, 5 young (5120K), 5 survivors (5120K)
 Metaspace       used 32859K, capacity 34161K, committed 34432K, reserved 1081344K
  class space    used 2583K, capacity 2873K, committed 2944K, reserved 1048576K
}
Event: 15.428 GC heap before
{Heap before GC invocations=6 (full 0):
 garbage-first heap   total 131072K, used 79001K [0x0000000740000000, 0x0000000740100400, 0x00000007c0000000)
  region size 1024K, 49 young (50176K), 5 survivors (5120K)
 Metaspace       used 33010K, capacity 34353K, committed 34432K, reserved 1081344K
  class space    used 2583K, capacity 2873K, committed 2944K, reserved 1048576K
}
Event: 15.433 GC heap after
{Heap after GC invocations=7 (full 0):
 garbage-first heap   total 131072K, used 41728K [0x0000000740000000, 0x0000000740100400, 0x00000007c0000000)
  region size 1024K, 7 young (7168K), 7 survivors (7168K)
 Metaspace       used 33010K, capacity 34353K, committed 34432K, reserved 1081344K
  class space    used 2583K, capacity 2873K, committed 2944K, reserved 1048576K
}
Event: 17.035 GC heap before
{Heap before GC invocations=7 (full 0):
 garbage-first heap   total 131072K, used 85760K [0x0000000740000000, 0x0000000740100400, 0x00000007c0000000)
  region size 1024K, 50 young (51200K), 7 survivors (7168K)
 Metaspace       used 33311K, capacity 34673K, committed 34944K, reserved 1081344K
  class space    used 2583K, capacity 2873K, committed 2944K, reserved 1048576K
}
Event: 17.043 GC heap after
{Heap after GC invocations=8 (full 0):
 garbage-first heap   total 131072K, used 57094K [0x0000000740000000, 0x0000000740100400, 0x00000007c0000000)
  region size 1024K, 7 young (7168K), 7 survivors (7168K)
 Metaspace       used 33311K, capacity 34673K, committed 34944K, reserved 1081344K
  class space    used 2583K, capacity 2873K, committed 2944K, reserved 1048576K
}
Event: 17.515 GC heap before
{Heap before GC invocations=8 (full 0):
 garbage-first heap   total 131072K, used 88838K [0x0000000740000000, 0x0000000740100400, 0x00000007c0000000)
  region size 1024K, 38 young (38912K), 7 survivors (7168K)
 Metaspace       used 33435K, capacity 34737K, committed 34944K, reserved 1081344K
  class space    used 2583K, capacity 2873K, committed 2944K, reserved 1048576K
}
Event: 17.523 GC heap after
{Heap after GC invocations=9 (full 0):
 garbage-first heap   total 131072K, used 71430K [0x0000000740000000, 0x0000000740100400, 0x00000007c0000000)
  region size 1024K, 5 young (5120K), 5 survivors (5120K)
 Metaspace       used 33435K, capacity 34737K, committed 34944K, reserved 1081344K
  class space    used 2583K, capacity 2873K, committed 2944K, reserved 1048576K
}
Event: 19.328 GC heap before
{Heap before GC invocations=9 (full 0):
 garbage-first heap   total 131072K, used 94982K [0x0000000740000000, 0x0000000740100400, 0x00000007c0000000)
  region size 1024K, 28 young (28672K), 5 survivors (5120K)
 Metaspace       used 33486K, capacity 34865K, committed 34944K, reserved 1081344K
  class space    used 2583K, capacity 2873K, committed 2944K, reserved 1048576K
}
Event: 19.332 GC heap after
{Heap after GC invocations=10 (full 0):
 garbage-first heap   total 131072K, used 77570K [0x0000000740000000, 0x0000000740100400, 0x00000007c0000000)
  region size 1024K, 4 young (4096K), 4 survivors (4096K)
 Metaspace       used 33486K, capacity 34865K, committed 34944K, reserved 1081344K
  class space    used 2583K, capacity 2873K, committed 2944K, reserved 1048576K
}

Deoptimization events (10 events):
Event: 15.169 Thread 0x00007fdab5025000 Uncommon trap: reason=unstable_if action=reinterpret pc=0x000000011992a344 method=org.sqlite.SQLite.run_0x12400()V @ 359 c2
Event: 16.702 Thread 0x00007fdaab4a3000 Uncommon trap: reason=unstable_if action=reinterpret pc=0x00000001198a4958 method=jdk.internal.math.FloatingDecimal$BinaryToASCIIBuffer.developLongDigits(IJI)V @ 129 c2
Event: 16.702 Thread 0x00007fdaab4a3000 Uncommon trap: reason=unstable_if action=reinterpret pc=0x00000001198a61cc method=java.text.DigitList.getDataChars(I)[C @ 13 c2
Event: 16.702 Thread 0x00007fdaab4a3000 Uncommon trap: reason=unstable_if action=reinterpret pc=0x00000001198aef24 method=java.text.DecimalFormat.subformat(Ljava/lang/StringBuffer;Ljava/text/Format$FieldDelegate;ZZIIII)Ljava/lang/StringBuffer; @ 753 c2
Event: 16.702 Thread 0x00007fdaab4a3000 Uncommon trap: reason=unstable_if action=reinterpret pc=0x000000011989f640 method=jdk.internal.math.FloatingDecimal$BinaryToASCIIBuffer.developLongDigits(IJI)V @ 129 c2
Event: 16.703 Thread 0x00007fdaab4a3000 Uncommon trap: reason=unstable_if action=reinterpret pc=0x00000001198a1bf4 method=jdk.internal.math.FloatingDecimal$BinaryToASCIIBuffer.getChars([C)I @ 94 c2
Event: 20.186 Thread 0x00007fdaab4a3000 Uncommon trap: reason=unstable_if action=reinterpret pc=0x00000001198e5aa8 method=com.jogamp.common.util.VersionNumber.compareTo(Lcom/jogamp/common/util/VersionNumber;)I @ 21 c2
Event: 20.188 Thread 0x00007fdaad275000 Uncommon trap: reason=unstable_if action=reinterpret pc=0x000000011998e3ac method=java.security.AccessControlContext.combine([Ljava/security/ProtectionDomain;[Ljava/security/ProtectionDomain;)[Ljava/security/ProtectionDomain; @ 151 c2
Event: 20.235 Thread 0x00007fdaad275000 Uncommon trap: reason=class_check action=maybe_recompile pc=0x00000001198cc9fc method=java.util.HashMap.putVal(ILjava/lang/Object;Ljava/lang/Object;ZZ)Ljava/lang/Object; @ 91 c2
Event: 20.235 Thread 0x00007fdaad275000 Uncommon trap: reason=class_check action=maybe_recompile pc=0x00000001198cc9fc method=java.util.HashMap.putVal(ILjava/lang/Object;Ljava/lang/Object;ZZ)Ljava/lang/Object; @ 91 c2

Classes redefined (0 events):
No events

Internal exceptions (10 events):
Event: 2.833 Thread 0x00007fdaab808800 Exception <a 'java/lang/NoSuchMethodError'{0x000000074748cf58}: java.lang.invoke.DirectMethodHandle$Holder.invokeStatic(Ljava/lang/Object;Ljava/lang/Object;Ljava/lang/Object;Ljava/lang/Object;Ljava/lang/Object;Ljava/lang/Object;Ljava/lang/Object;Ljava/lan
Event: 2.836 Thread 0x00007fdaab808800 Exception <a 'java/lang/NoSuchMethodError'{0x00000007474ad950}: java.lang.invoke.DirectMethodHandle$Holder.invokeStatic(Ljava/lang/Object;Ljava/lang/Object;Ljava/lang/Object;Ljava/lang/Object;Ljava/lang/Object;Ljava/lang/Object;Ljava/lang/Object;Ljava/lan
Event: 5.061 Thread 0x00007fdab105b800 Exception <a 'java/lang/NoSuchMethodError'{0x0000000746c91d60}: java.lang.Object.lambda$negate$3(I)Z> (0x0000000746c91d60) thrown at [/scratch/mesos/slaves/5af44a71-976a-41b7-81de-5773b84ec572-S38393/frameworks/1735e8a2-a1db-478c-8104-60c8b0af87dd-0196/ex
Event: 5.063 Thread 0x00007fdab105b800 Exception <a 'java/lang/NoSuchMethodError'{0x0000000746c9c9a0}: java.lang.Object.lambda$union$2(Ljava/util/regex/Pattern$CharPredicate;I)Z> (0x0000000746c9c9a0) thrown at [/scratch/mesos/slaves/5af44a71-976a-41b7-81de-5773b84ec572-S38393/frameworks/1735e8
Event: 5.128 Thread 0x00007fdab105b800 Exception <a 'java/lang/UnsatisfiedLinkError'{0x0000000746bf3800}: com.jogamp.common.util.JarUtil.fixNativeLibAttribs(Ljava/lang/String;)Z> (0x0000000746bf3800) thrown at [/scratch/mesos/slaves/5af44a71-976a-41b7-81de-5773b84ec572-S38393/frameworks/1735e8
Event: 5.235 Thread 0x00007fdaab81a800 Exception <a 'java/lang/NullPointerException'{0x0000000747e00050}> (0x0000000747e00050) thrown at [/scratch/mesos/slaves/5af44a71-976a-41b7-81de-5773b84ec572-S38393/frameworks/1735e8a2-a1db-478c-8104-60c8b0af87dd-0196/executors/8b855640-c399-41ea-b65f-522
Event: 6.351 Thread 0x00007fdaab4a3000 Exception <a 'java/lang/NoSuchMethodError'{0x00000007473461c8}: java.lang.Object.of([Ljava/lang/Object;)Ljava/util/stream/Stream;> (0x00000007473461c8) thrown at [/scratch/mesos/slaves/5af44a71-976a-41b7-81de-5773b84ec572-S38393/frameworks/1735e8a2-a1db-4
Event: 6.362 Thread 0x00007fdaab4a3000 Exception <a 'java/io/FileNotFoundException'{0x000000074737e448}> (0x000000074737e448) thrown at [/scratch/mesos/slaves/5af44a71-976a-41b7-81de-5773b84ec572-S38393/frameworks/1735e8a2-a1db-478c-8104-60c8b0af87dd-0196/executors/8b855640-c399-41ea-b65f-5227
Event: 6.363 Thread 0x00007fdaab4a3000 Exception <a 'java/io/FileNotFoundException'{0x0000000747387030}> (0x0000000747387030) thrown at [/scratch/mesos/slaves/5af44a71-976a-41b7-81de-5773b84ec572-S38393/frameworks/1735e8a2-a1db-478c-8104-60c8b0af87dd-0196/executors/8b855640-c399-41ea-b65f-5227
Event: 6.363 Thread 0x00007fdaab4a3000 Implicit null exception at 0x00000001197f8074 to 0x00000001197f85d9

Events (10 events):
Event: 20.235 Thread 0x00007fdaad275000 DEOPT UNPACKING pc=0x0000000111d36c9f sp=0x0000700006a6a6c0 mode 2
Event: 20.235 Thread 0x00007fdaad275000 Uncommon trap: trap_request=0xffffffde fr.pc=0x00000001198cc9fc relative=0x0000000000000f3c
Event: 20.235 Thread 0x00007fdaad275000 DEOPT PACKING pc=0x00000001198cc9fc sp=0x0000700006a6a720
Event: 20.235 Thread 0x00007fdaad275000 DEOPT UNPACKING pc=0x0000000111d36c9f sp=0x0000700006a6a6c0 mode 2
Event: 20.235 loading class sun/applet/AppletPanel$5
Event: 20.235 loading class sun/applet/AppletPanel$5 done
Event: 20.236 loading class jogamp/opengl/macosx/cgl/MacOSXCGLContext$NSOpenGLImpl$DetachGLLayerCmd
Event: 20.236 loading class jogamp/opengl/macosx/cgl/MacOSXCGLContext$NSOpenGLImpl$DetachGLLayerCmd done
Event: 20.237 loading class jogamp/nativewindow/jawt/macosx/MacOSXJAWTWindow$4
Event: 20.237 loading class jogamp/nativewindow/jawt/macosx/MacOSXJAWTWindow$4 done


Dynamic libraries:
0x00007fff4bc43000 	/System/Library/Frameworks/Cocoa.framework/Versions/A/Cocoa
0x00007fff57f30000 	/System/Library/Frameworks/Security.framework/Versions/A/Security
0x00007fff4a84a000 	/System/Library/Frameworks/ApplicationServices.framework/Versions/A/ApplicationServices
0x00007fff79597000 	/usr/lib/libz.1.dylib
0x00007fff76b94000 	/usr/lib/libSystem.B.dylib
0x00007fff4c473000 	/System/Library/Frameworks/CoreFoundation.framework/Versions/A/CoreFoundation
0x00007fff4e816000 	/System/Library/Frameworks/Foundation.framework/Versions/C/Foundation
0x00007fff786bc000 	/usr/lib/libobjc.A.dylib
0x00007fff499d7000 	/System/Library/Frameworks/AppKit.framework/Versions/C/AppKit
0x00007fff4bfda000 	/System/Library/Frameworks/CoreData.framework/Versions/A/CoreData
0x00007fff6fd62000 	/System/Library/PrivateFrameworks/RemoteViewServices.framework/Versions/A/RemoteViewServices
0x00007fff74862000 	/System/Library/PrivateFrameworks/UIFoundation.framework/Versions/A/UIFoundation
0x00007fff7601a000 	/System/Library/PrivateFrameworks/XCTTargetBootstrap.framework/Versions/A/XCTTargetBootstrap
0x00007fff6a865000 	/System/Library/PrivateFrameworks/IconServices.framework/Versions/A/IconServices
0x00007fff510e3000 	/System/Library/Frameworks/Metal.framework/Versions/A/Metal
0x00007fff61a67000 	/System/Library/PrivateFrameworks/DesktopServicesPriv.framework/Versions/A/DesktopServicesPriv
0x00007fff779cf000 	/usr/lib/libenergytrace.dylib
0x00007fff725d3000 	/System/Library/PrivateFrameworks/SkyLight.framework/Versions/A/SkyLight
0x00007fff4c8c3000 	/System/Library/Frameworks/CoreGraphics.framework/Versions/A/CoreGraphics
0x00007fff485a9000 	/System/Library/Frameworks/Accelerate.framework/Versions/A/Accelerate
0x00007fff4efa0000 	/System/Library/Frameworks/IOSurface.framework/Versions/A/IOSurface
0x00007fff618c9000 	/System/Library/PrivateFrameworks/DFRFoundation.framework/Versions/A/DFRFoundation
0x00007fff4ad4f000 	/System/Library/Frameworks/AudioToolbox.framework/Versions/A/AudioToolbox
0x00007fff4afee000 	/System/Library/Frameworks/AudioUnit.framework/Versions/A/AudioUnit
0x00007fff61960000 	/System/Library/PrivateFrameworks/DataDetectorsCore.framework/Versions/A/DataDetectorsCore
0x00007fff4b72d000 	/System/Library/Frameworks/Carbon.framework/Versions/A/Frameworks/HIToolbox.framework/Versions/A/HIToolbox
0x00007fff77b2a000 	/usr/lib/libicucore.A.dylib
0x00007fff57483000 	/System/Library/Frameworks/QuartzCore.framework/Versions/A/QuartzCore
0x00007fff4bb14000 	/System/Library/Frameworks/Carbon.framework/Versions/A/Frameworks/SpeechRecognition.framework/Versions/A/SpeechRecognition
0x00007fff76d77000 	/usr/lib/libauto.dylib
0x00007fff7948a000 	/usr/lib/libxml2.2.dylib
0x00007fff614c8000 	/System/Library/PrivateFrameworks/CoreUI.framework/Versions/A/CoreUI
0x00007fff4beb8000 	/System/Library/Frameworks/CoreAudio.framework/Versions/A/CoreAudio
0x00007fff4e648000 	/System/Library/Frameworks/DiskArbitration.framework/Versions/A/DiskArbitration
0x00007fff77dda000 	/usr/lib/liblangid.dylib
0x00007fff6bd15000 	/System/Library/PrivateFrameworks/MultitouchSupport.framework/Versions/A/MultitouchSupport
0x00007fff4ef0b000 	/System/Library/Frameworks/IOKit.framework/Versions/A/IOKit
0x00007fff767e2000 	/usr/lib/libDiagnosticMessagesClient.dylib
0x00007fff4d74e000 	/System/Library/Frameworks/CoreServices.framework/Versions/A/CoreServices
0x00007fff6da4b000 	/System/Library/PrivateFrameworks/PerformanceAnalysis.framework/Versions/A/PerformanceAnalysis
0x00007fff56618000 	/System/Library/Frameworks/OpenGL.framework/Versions/A/OpenGL
0x00007fff4bc51000 	/System/Library/Frameworks/ColorSync.framework/Versions/A/ColorSync
0x00007fff4cf6f000 	/System/Library/Frameworks/CoreImage.framework/Versions/A/CoreImage
0x00007fff4e191000 	/System/Library/Frameworks/CoreText.framework/Versions/A/CoreText
0x00007fff4f001000 	/System/Library/Frameworks/ImageIO.framework/Versions/A/ImageIO
0x00007fff5db03000 	/System/Library/PrivateFrameworks/Backup.framework/Versions/A/Backup
0x00007fff76c4a000 	/usr/lib/libarchive.2.dylib
0x00007fff4b352000 	/System/Library/Frameworks/CFNetwork.framework/Versions/A/CFNetwork
0x00007fff586db000 	/System/Library/Frameworks/SystemConfiguration.framework/Versions/A/SystemConfiguration
0x00007fff7670b000 	/usr/lib/libCRFSuite.dylib
0x00007fff76e6e000 	/usr/lib/libc++.1.dylib
0x00007fff76ec6000 	/usr/lib/libc++abi.dylib
0x00007fff7961a000 	/usr/lib/system/libcache.dylib
0x00007fff7961f000 	/usr/lib/system/libcommonCrypto.dylib
0x00007fff7962a000 	/usr/lib/system/libcompiler_rt.dylib
0x00007fff79632000 	/usr/lib/system/libcopyfile.dylib
0x00007fff7963c000 	/usr/lib/system/libcorecrypto.dylib
0x00007fff79747000 	/usr/lib/system/libdispatch.dylib
0x00007fff79782000 	/usr/lib/system/libdyld.dylib
0x00007fff797b2000 	/usr/lib/system/libkeymgr.dylib
0x00007fff797c0000 	/usr/lib/system/liblaunch.dylib
0x00007fff797c1000 	/usr/lib/system/libmacho.dylib
0x00007fff797c7000 	/usr/lib/system/libquarantine.dylib
0x00007fff797ca000 	/usr/lib/system/libremovefile.dylib
0x00007fff797cc000 	/usr/lib/system/libsystem_asl.dylib
0x00007fff797e4000 	/usr/lib/system/libsystem_blocks.dylib
0x00007fff797e5000 	/usr/lib/system/libsystem_c.dylib
0x00007fff7986e000 	/usr/lib/system/libsystem_configuration.dylib
0x00007fff79872000 	/usr/lib/system/libsystem_coreservices.dylib
0x00007fff79876000 	/usr/lib/system/libsystem_darwin.dylib
0x00007fff7987d000 	/usr/lib/system/libsystem_dnssd.dylib
0x00007fff79884000 	/usr/lib/system/libsystem_info.dylib
0x00007fff798fa000 	/usr/lib/system/libsystem_m.dylib
0x00007fff79946000 	/usr/lib/system/libsystem_malloc.dylib
0x00007fff7996b000 	/usr/lib/system/libsystem_networkextension.dylib
0x00007fff79977000 	/usr/lib/system/libsystem_notify.dylib
0x00007fff79994000 	/usr/lib/system/libsystem_sandbox.dylib
0x00007fff79998000 	/usr/lib/system/libsystem_secinit.dylib
0x00007fff798d1000 	/usr/lib/system/libsystem_kernel.dylib
0x00007fff7997f000 	/usr/lib/system/libsystem_platform.dylib
0x00007fff79989000 	/usr/lib/system/libsystem_pthread.dylib
0x00007fff7999b000 	/usr/lib/system/libsystem_symptoms.dylib
0x00007fff799a3000 	/usr/lib/system/libsystem_trace.dylib
0x00007fff799ba000 	/usr/lib/system/libunwind.dylib
0x00007fff799c0000 	/usr/lib/system/libxpc.dylib
0x00007fff76e4e000 	/usr/lib/libbsm.0.dylib
0x00007fff797b3000 	/usr/lib/system/libkxld.dylib
0x00007fff5cdb0000 	/System/Library/PrivateFrameworks/AppleFSCompression.framework/Versions/A/AppleFSCompression
0x00007fff76a53000 	/usr/lib/libOpenScriptingUtil.dylib
0x00007fff771b1000 	/usr/lib/libcoretls.dylib
0x00007fff771c8000 	/usr/lib/libcoretls_cfhelpers.dylib
0x00007fff78e58000 	/usr/lib/libpam.2.dylib
0x00007fff7901b000 	/usr/lib/libsqlite3.dylib
0x00007fff79478000 	/usr/lib/libxar.1.dylib
0x00007fff76e5f000 	/usr/lib/libbz2.1.0.dylib
0x00007fff77ddc000 	/usr/lib/liblzma.5.dylib
0x00007fff782d2000 	/usr/lib/libnetwork.dylib
0x00007fff76c33000 	/usr/lib/libapple_nghttp2.dylib
0x00007fff78e5f000 	/usr/lib/libpcap.A.dylib
0x00007fff4daf2000 	/System/Library/Frameworks/CoreServices.framework/Versions/A/Frameworks/FSEvents.framework/Versions/A/FSEvents
0x00007fff4d7ce000 	/System/Library/Frameworks/CoreServices.framework/Versions/A/Frameworks/CarbonCore.framework/Versions/A/CarbonCore
0x00007fff4dcc7000 	/System/Library/Frameworks/CoreServices.framework/Versions/A/Frameworks/Metadata.framework/Versions/A/Metadata
0x00007fff4dd6a000 	/System/Library/Frameworks/CoreServices.framework/Versions/A/Frameworks/OSServices.framework/Versions/A/OSServices
0x00007fff4ddb6000 	/System/Library/Frameworks/CoreServices.framework/Versions/A/Frameworks/SearchKit.framework/Versions/A/SearchKit
0x00007fff4d74f000 	/System/Library/Frameworks/CoreServices.framework/Versions/A/Frameworks/AE.framework/Versions/A/AE
0x00007fff4dafb000 	/System/Library/Frameworks/CoreServices.framework/Versions/A/Frameworks/LaunchServices.framework/Versions/A/LaunchServices
0x00007fff4daa7000 	/System/Library/Frameworks/CoreServices.framework/Versions/A/Frameworks/DictionaryServices.framework/Versions/A/DictionaryServices
0x00007fff4de25000 	/System/Library/Frameworks/CoreServices.framework/Versions/A/Frameworks/SharedFileList.framework/Versions/A/SharedFileList
0x00007fff525a9000 	/System/Library/Frameworks/NetFS.framework/Versions/A/NetFS
0x00007fff6bfb2000 	/System/Library/PrivateFrameworks/NetAuth.framework/Versions/A/NetAuth
0x00007fff7644e000 	/System/Library/PrivateFrameworks/login.framework/Versions/A/Frameworks/loginsupport.framework/Versions/A/loginsupport
0x00007fff7445a000 	/System/Library/PrivateFrameworks/TCC.framework/Versions/A/TCC
0x00007fff60ad0000 	/System/Library/PrivateFrameworks/CoreNLP.framework/Versions/A/CoreNLP
0x00007fff6ba06000 	/System/Library/PrivateFrameworks/MetadataUtilities.framework/Versions/A/MetadataUtilities
0x00007fff77ebd000 	/usr/lib/libmecabra.dylib
0x00007fff4a84b000 	/System/Library/Frameworks/ApplicationServices.framework/Versions/A/Frameworks/ATS.framework/Versions/A/ATS
0x00007fff4abb6000 	/System/Library/Frameworks/ApplicationServices.framework/Versions/A/Frameworks/ColorSyncLegacy.framework/Versions/A/ColorSyncLegacy
0x00007fff4ac57000 	/System/Library/Frameworks/ApplicationServices.framework/Versions/A/Frameworks/HIServices.framework/Versions/A/HIServices
0x00007fff4acaa000 	/System/Library/Frameworks/ApplicationServices.framework/Versions/A/Frameworks/LangAnalysis.framework/Versions/A/LangAnalysis
0x00007fff4acb9000 	/System/Library/Frameworks/ApplicationServices.framework/Versions/A/Frameworks/PrintCore.framework/Versions/A/PrintCore
0x00007fff4ad06000 	/System/Library/Frameworks/ApplicationServices.framework/Versions/A/Frameworks/QD.framework/Versions/A/QD
0x00007fff4ad42000 	/System/Library/Frameworks/ApplicationServices.framework/Versions/A/Frameworks/SpeechSynthesis.framework/Versions/A/SpeechSynthesis
0x00007fff76eee000 	/usr/lib/libcompression.dylib
0x00007fff4c389000 	/System/Library/Frameworks/CoreDisplay.framework/Versions/A/CoreDisplay
0x00007fff513ab000 	/System/Library/Frameworks/MetalPerformanceShaders.framework/Versions/A/MetalPerformanceShaders
0x00007fff485c1000 	/System/Library/Frameworks/Accelerate.framework/Versions/A/Frameworks/vImage.framework/Versions/A/vImage
0x00007fff49826000 	/System/Library/Frameworks/Accelerate.framework/Versions/A/Frameworks/vecLib.framework/Versions/A/vecLib
0x00007fff496ae000 	/System/Library/Frameworks/Accelerate.framework/Versions/A/Frameworks/vecLib.framework/Versions/A/libvMisc.dylib
0x00007fff4950f000 	/System/Library/Frameworks/Accelerate.framework/Versions/A/Frameworks/vecLib.framework/Versions/A/libvDSP.dylib
0x00007fff48eb6000 	/System/Library/Frameworks/Accelerate.framework/Versions/A/Frameworks/vecLib.framework/Versions/A/libBLAS.dylib
0x00007fff490a8000 	/System/Library/Frameworks/Accelerate.framework/Versions/A/Frameworks/vecLib.framework/Versions/A/libLAPACK.dylib
0x00007fff49462000 	/System/Library/Frameworks/Accelerate.framework/Versions/A/Frameworks/vecLib.framework/Versions/A/libLinearAlgebra.dylib
0x00007fff494fc000 	/System/Library/Frameworks/Accelerate.framework/Versions/A/Frameworks/vecLib.framework/Versions/A/libSparseBLAS.dylib
0x00007fff49478000 	/System/Library/Frameworks/Accelerate.framework/Versions/A/Frameworks/vecLib.framework/Versions/A/libQuadrature.dylib
0x00007fff49062000 	/System/Library/Frameworks/Accelerate.framework/Versions/A/Frameworks/vecLib.framework/Versions/A/libBNNS.dylib
0x00007fff4947e000 	/System/Library/Frameworks/Accelerate.framework/Versions/A/Frameworks/vecLib.framework/Versions/A/libSparse.dylib
0x00007fff67ff7000 	/System/Library/PrivateFrameworks/GPUWrangler.framework/Versions/A/GPUWrangler
0x00007fff6a42c000 	/System/Library/PrivateFrameworks/IOAccelerator.framework/Versions/A/IOAccelerator
0x00007fff6a437000 	/System/Library/PrivateFrameworks/IOPresentment.framework/Versions/A/IOPresentment
0x00007fff618d9000 	/System/Library/PrivateFrameworks/DSExternalDisplay.framework/Versions/A/DSExternalDisplay
0x00007fff55a5d000 	/System/Library/Frameworks/OpenGL.framework/Versions/A/Libraries/libCoreFSCache.dylib
0x00007fff51193000 	/System/Library/Frameworks/MetalPerformanceShaders.framework/Frameworks/MPSCore.framework/Versions/A/MPSCore
0x00007fff511b4000 	/System/Library/Frameworks/MetalPerformanceShaders.framework/Frameworks/MPSImage.framework/Versions/A/MPSImage
0x00007fff5125c000 	/System/Library/Frameworks/MetalPerformanceShaders.framework/Frameworks/MPSNeuralNetwork.framework/Versions/A/MPSNeuralNetwork
0x00007fff51233000 	/System/Library/Frameworks/MetalPerformanceShaders.framework/Frameworks/MPSMatrix.framework/Versions/A/MPSMatrix
0x00007fff5138f000 	/System/Library/Frameworks/MetalPerformanceShaders.framework/Frameworks/MPSRayIntersector.framework/Versions/A/MPSRayIntersector
0x00007fff6ba2f000 	/System/Library/PrivateFrameworks/MetalTools.framework/Versions/A/MetalTools
0x00007fff5c4aa000 	/System/Library/PrivateFrameworks/AggregateDictionary.framework/Versions/A/AggregateDictionary
0x00007fff76a33000 	/usr/lib/libMobileGestalt.dylib
0x00007fff4e2f7000 	/System/Library/Frameworks/CoreVideo.framework/Versions/A/CoreVideo
0x00007fff68e67000 	/System/Library/PrivateFrameworks/GraphVisualizer.framework/Versions/A/GraphVisualizer
0x00007fff62c02000 	/System/Library/PrivateFrameworks/FaceCore.framework/Versions/A/FaceCore
0x00007fff55075000 	/System/Library/Frameworks/OpenCL.framework/Versions/A/OpenCL
0x00007fff7681a000 	/usr/lib/libFosl_dynamic.dylib
0x00007fff6c88a000 	/System/Library/PrivateFrameworks/OTSVG.framework/Versions/A/OTSVG
0x00007fff4a94f000 	/System/Library/Frameworks/ApplicationServices.framework/Versions/A/Frameworks/ATS.framework/Versions/A/Resources/libFontParser.dylib
0x00007fff4aa6f000 	/System/Library/Frameworks/ApplicationServices.framework/Versions/A/Frameworks/ATS.framework/Versions/A/Resources/libFontRegistry.dylib
0x00007fff4f28e000 	/System/Library/Frameworks/ImageIO.framework/Versions/A/Resources/libJPEG.dylib
0x00007fff4f5b1000 	/System/Library/Frameworks/ImageIO.framework/Versions/A/Resources/libTIFF.dylib
0x00007fff4f587000 	/System/Library/Frameworks/ImageIO.framework/Versions/A/Resources/libPng.dylib
0x00007fff4f1a3000 	/System/Library/Frameworks/ImageIO.framework/Versions/A/Resources/libGIF.dylib
0x00007fff4f1a8000 	/System/Library/Frameworks/ImageIO.framework/Versions/A/Resources/libJP2.dylib
0x00007fff4f5ae000 	/System/Library/Frameworks/ImageIO.framework/Versions/A/Resources/libRadiance.dylib
0x00007fff5cf09000 	/System/Library/PrivateFrameworks/AppleJPEG.framework/Versions/A/AppleJPEG
0x00007fff55a68000 	/System/Library/Frameworks/OpenGL.framework/Versions/A/Libraries/libGFXShared.dylib
0x00007fff55c2b000 	/System/Library/Frameworks/OpenGL.framework/Versions/A/Libraries/libGLU.dylib
0x00007fff55a71000 	/System/Library/Frameworks/OpenGL.framework/Versions/A/Libraries/libGL.dylib
0x00007fff55a7d000 	/System/Library/Frameworks/OpenGL.framework/Versions/A/Libraries/libGLImage.dylib
0x00007fff55a5a000 	/System/Library/Frameworks/OpenGL.framework/Versions/A/Libraries/libCVMSPluginSupport.dylib
0x00007fff55a63000 	/System/Library/Frameworks/OpenGL.framework/Versions/A/Libraries/libCoreVMClient.dylib
0x00007fff77840000 	/usr/lib/libcups.2.dylib
0x00007fff506a8000 	/System/Library/Frameworks/Kerberos.framework/Versions/A/Kerberos
0x00007fff4ec55000 	/System/Library/Frameworks/GSS.framework/Versions/A/GSS
0x00007fff78faf000 	/usr/lib/libresolv.9.dylib
0x00007fff77a38000 	/usr/lib/libiconv.2.dylib
0x00007fff68fc7000 	/System/Library/PrivateFrameworks/Heimdal.framework/Versions/A/Heimdal
0x00007fff77a07000 	/usr/lib/libheimdal-asn1.dylib
0x00007fff550eb000 	/System/Library/Frameworks/OpenDirectory.framework/Versions/A/OpenDirectory
0x00007fff5f7cc000 	/System/Library/PrivateFrameworks/CommonAuth.framework/Versions/A/CommonAuth
0x00007fff550ce000 	/System/Library/Frameworks/OpenDirectory.framework/Versions/A/Frameworks/CFOpenDirectory.framework/Versions/A/CFOpenDirectory
0x00007fff58259000 	/System/Library/Frameworks/SecurityFoundation.framework/Versions/A/SecurityFoundation
0x00007fff5b9b9000 	/System/Library/PrivateFrameworks/APFS.framework/Versions/A/APFS
0x00007fff79474000 	/usr/lib/libutil.dylib
0x00007fff76edc000 	/usr/lib/libcharset.1.dylib
0x00007fff5d1a5000 	/System/Library/PrivateFrameworks/AppleSauce.framework/Versions/A/AppleSauce
0x00007fff5d333000 	/System/Library/PrivateFrameworks/AssertionServices.framework/Versions/A/AssertionServices
0x00007fff5dba6000 	/System/Library/PrivateFrameworks/BaseBoard.framework/Versions/A/BaseBoard
0x00007fff77e0c000 	/usr/lib/libmecab.1.0.0.dylib
0x00007fff77a01000 	/usr/lib/libgermantok.dylib
0x00007fff76c1f000 	/usr/lib/libThaiTokenizer.dylib
0x00007fff76746000 	/usr/lib/libChineseTokenizer.dylib
0x00007fff6ab63000 	/System/Library/PrivateFrameworks/LanguageModeling.framework/Versions/A/LanguageModeling
0x00007fff604e6000 	/System/Library/PrivateFrameworks/CoreEmoji.framework/Versions/A/CoreEmoji
0x00007fff6ac5b000 	/System/Library/PrivateFrameworks/Lexicon.framework/Versions/A/Lexicon
0x00007fff6aca3000 	/System/Library/PrivateFrameworks/LinguisticData.framework/Versions/A/LinguisticData
0x00007fff76edd000 	/usr/lib/libcmph.dylib
0x00007fff5831a000 	/System/Library/Frameworks/ServiceManagement.framework/Versions/A/ServiceManagement
0x00007fff5daf9000 	/System/Library/PrivateFrameworks/BackgroundTaskManagement.framework/Versions/A/BackgroundTaskManagement
0x00007fff7956e000 	/usr/lib/libxslt.1.dylib
0x00007fff4ba3f000 	/System/Library/Frameworks/Carbon.framework/Versions/A/Frameworks/Ink.framework/Versions/A/Ink
0x00007fff746da000 	/System/Library/PrivateFrameworks/TextureIO.framework/Versions/A/TextureIO
0x00007fff76c74000 	/usr/lib/libate.dylib
0x00007fff61835000 	/System/Library/PrivateFrameworks/CrashReporterSupport.framework/Versions/A/CrashReporterSupport
0x00007fff716fb000 	/System/Library/PrivateFrameworks/Sharing.framework/Versions/A/Sharing
0x00007fff5d685000 	/System/Library/PrivateFrameworks/AuthKit.framework/Versions/A/AuthKit
0x00007fff5caa8000 	/System/Library/PrivateFrameworks/Apple80211.framework/Versions/A/Apple80211
0x00007fff615f5000 	/System/Library/PrivateFrameworks/CoreUtils.framework/Versions/A/CoreUtils
0x00007fff4e335000 	/System/Library/Frameworks/CoreWLAN.framework/Versions/A/CoreWLAN
0x00007fff4ed9f000 	/System/Library/Frameworks/IOBluetooth.framework/Versions/A/IOBluetooth
0x00007fff6fa19000 	/System/Library/PrivateFrameworks/ProtocolBuffer.framework/Versions/A/ProtocolBuffer
0x00007fff6bc6c000 	/System/Library/PrivateFrameworks/MobileKeyBag.framework/Versions/A/MobileKeyBag
0x00007fff60e0d000 	/System/Library/PrivateFrameworks/CorePhoneNumbers.framework/Versions/A/CorePhoneNumbers
0x00007fff5cebd000 	/System/Library/PrivateFrameworks/AppleIDAuthSupport.framework/Versions/A/AppleIDAuthSupport
0x00007fff6ab34000 	/System/Library/PrivateFrameworks/KeychainCircle.framework/Versions/A/KeychainCircle
0x00007fff6fbe6000 	/System/Library/PrivateFrameworks/ROCKit.framework/Versions/A/ROCKit
0x00007fff617d1000 	/System/Library/PrivateFrameworks/CoreWiFi.framework/Versions/A/CoreWiFi
0x00007fff4bfae000 	/System/Library/Frameworks/CoreBluetooth.framework/Versions/A/CoreBluetooth
0x00007fff61a25000 	/System/Library/PrivateFrameworks/DebugSymbols.framework/Versions/A/DebugSymbols
0x00007fff613aa000 	/System/Library/PrivateFrameworks/CoreSymbolication.framework/Versions/A/CoreSymbolication
0x00007fff73ec4000 	/System/Library/PrivateFrameworks/Symbolication.framework/Versions/A/Symbolication
0x00007fff73056000 	/System/Library/PrivateFrameworks/SpeechRecognitionCore.framework/Versions/A/SpeechRecognitionCore
0x0000000103600000 	/Library/Java/JavaVirtualMachines/jdk-9.0.1.jdk/Contents/Home/lib/server/libjvm.dylib
0x00007fff79338000 	/usr/lib/libstdc++.6.dylib
0x000000010249c000 	/Library/Java/JavaVirtualMachines/jdk-9.0.1.jdk/Contents/Home/lib/libverify.dylib
0x00000001024a9000 	/Library/Java/JavaVirtualMachines/jdk-9.0.1.jdk/Contents/Home/lib/libjava.dylib
0x0000000102527000 	/Library/Java/JavaVirtualMachines/jdk-9.0.1.jdk/Contents/Home/lib/libzip.dylib
0x000000010252f000 	/Library/Java/JavaVirtualMachines/jdk-9.0.1.jdk/Contents/Home/lib/libjimage.dylib
0x00000001025c0000 	/Library/Java/JavaVirtualMachines/jdk-9.0.1.jdk/Contents/Home/lib/libnio.dylib
0x00000001025d0000 	/Library/Java/JavaVirtualMachines/jdk-9.0.1.jdk/Contents/Home/lib/./libnet.dylib
0x00000001115c9000 	/Library/Java/JavaVirtualMachines/jdk-9.0.1.jdk/Contents/Home/lib/libawt.dylib
0x000000011166e000 	/Library/Java/JavaVirtualMachines/jdk-9.0.1.jdk/Contents/Home/lib/./libmlib_image.dylib
0x00007fff50691000 	/System/Library/Frameworks/JavaVM.framework/Versions/A/Frameworks/JavaNativeFoundation.framework/Versions/A/JavaNativeFoundation
0x00007fff5069a000 	/System/Library/Frameworks/JavaVM.framework/Versions/A/Frameworks/JavaRuntimeSupport.framework/Versions/A/JavaRuntimeSupport
0x00007fff506a3000 	/System/Library/Frameworks/JavaVM.framework/Versions/A/JavaVM
0x00007fff6aa4b000 	/System/Library/PrivateFrameworks/JavaLaunching.framework/Versions/A/JavaLaunching
0x00007fff4b728000 	/System/Library/Frameworks/Carbon.framework/Versions/A/Carbon
0x00007fff4b729000 	/System/Library/Frameworks/Carbon.framework/Versions/A/Frameworks/CommonPanels.framework/Versions/A/CommonPanels
0x00007fff4ba35000 	/System/Library/Frameworks/Carbon.framework/Versions/A/Frameworks/Help.framework/Versions/A/Help
0x00007fff4ba39000 	/System/Library/Frameworks/Carbon.framework/Versions/A/Frameworks/ImageCapture.framework/Versions/A/ImageCapture
0x00007fff4bad4000 	/System/Library/Frameworks/Carbon.framework/Versions/A/Frameworks/OpenScripting.framework/Versions/A/OpenScripting
0x00007fff4bb0f000 	/System/Library/Frameworks/Carbon.framework/Versions/A/Frameworks/Print.framework/Versions/A/Print
0x00007fff4bb11000 	/System/Library/Frameworks/Carbon.framework/Versions/A/Frameworks/SecurityHI.framework/Versions/A/SecurityHI
0x00000001116dc000 	/Library/Java/JavaVirtualMachines/jdk-9.0.1.jdk/Contents/Home/lib/libawt_lwawt.dylib
0x000000011179c000 	/Library/Java/JavaVirtualMachines/jdk-9.0.1.jdk/Contents/Home/lib/./libosxapp.dylib
0x00007fff4e7ee000 	/System/Library/Frameworks/ExceptionHandling.framework/Versions/A/ExceptionHandling
0x00000001119de000 	/Library/Java/JavaVirtualMachines/jdk-9.0.1.jdk/Contents/Home/lib/libfontmanager.dylib
0x00007fff60fa4000 	/System/Library/PrivateFrameworks/CoreServicesInternal.framework/Versions/A/CoreServicesInternal
0x00007fff42112000 	/System/Library/CoreServices/RawCamera.bundle/Contents/MacOS/RawCamera
0x00007fff6bad6000 	/System/Library/PrivateFrameworks/MobileAsset.framework/Versions/A/MobileAsset
0x00007fff73748000 	/System/Library/PrivateFrameworks/StreamingZip.framework/Versions/A/StreamingZip
0x00007fff50a43000 	/System/Library/Frameworks/MediaToolbox.framework/Versions/A/MediaToolbox
0x00007fff6006b000 	/System/Library/PrivateFrameworks/CoreAVCHD.framework/Versions/A/CoreAVCHD
0x00007fff5097f000 	/System/Library/Frameworks/MediaAccessibility.framework/Versions/A/MediaAccessibility
0x00007fff6b508000 	/System/Library/PrivateFrameworks/Mangrove.framework/Versions/A/Mangrove
0x00007fff4d5e9000 	/System/Library/Frameworks/CoreMedia.framework/Versions/A/CoreMedia
0x00007fff589ac000 	/System/Library/Frameworks/VideoToolbox.framework/Versions/A/VideoToolbox
0x00007fff5fc93000 	/System/Library/PrivateFrameworks/CoreAUC.framework/Versions/A/CoreAUC
0x00007fff79019000 	/usr/lib/libspindump.dylib
0x00007fff5d298000 	/System/Library/PrivateFrameworks/AppleVA.framework/Versions/A/AppleVA
0x00007fff485aa000 	/System/Library/Frameworks/Accelerate.framework/Versions/A/Frameworks/vImage.framework/Versions/A/Libraries/libCGInterfaces.dylib
0x00007fff4ab19000 	/System/Library/Frameworks/ApplicationServices.framework/Versions/A/Frameworks/ATS.framework/Versions/A/Resources/libTrueTypeScaler.dylib
0x00007fff44437000 	/System/Library/Extensions/AppleIntelHD4000GraphicsMTLDriver.bundle/Contents/MacOS/AppleIntelHD4000GraphicsMTLDriver
0x00007fff48031000 	/System/Library/Extensions/GeForceMTLDriver.bundle/Contents/MacOS/GeForceMTLDriver
0x00007fff6694c000 	/System/Library/PrivateFrameworks/GPUCompiler.framework/Versions/3902/Libraries/libmetal_timestamp.dylib
0x00007fff7570b000 	/System/Library/PrivateFrameworks/ViewBridge.framework/Versions/A/ViewBridge
0x00007fff56628000 	/System/Library/Frameworks/OpenGL.framework/Versions/A/Resources/GLEngine.bundle/GLEngine
0x00007fff55ab8000 	/System/Library/Frameworks/OpenGL.framework/Versions/A/Libraries/libGLProgrammability.dylib
0x00007fff43f15000 	/System/Library/Extensions/AppleIntelHD4000GraphicsGLDriver.bundle/Contents/MacOS/AppleIntelHD4000GraphicsGLDriver
0x00007fff67feb000 	/System/Library/PrivateFrameworks/GPUSupport.framework/Versions/A/Libraries/libGPUSupportMercury.dylib
0x00007fff47022000 	/System/Library/Extensions/GeForceGLDriver.bundle/Contents/MacOS/GeForceGLDriver
0x00007fff47954000 	/System/Library/Extensions/GeForceGLDriver.bundle/Contents/MacOS/libclh.dylib
0x00007fff567bf000 	/System/Library/Frameworks/OpenGL.framework/Versions/A/Resources/GLRendererFloat.bundle/GLRendererFloat
0x00007fff5506c000 	/System/Library/Frameworks/OpenCL.framework/Versions/A/Libraries/libcldcpuengine.dylib
0x00007fff77368000 	/usr/lib/libcrypto.35.dylib
0x00007fff7485b000 	/System/Library/PrivateFrameworks/TrustEvaluationAgent.framework/Versions/A/TrustEvaluationAgent
0x000000012bb05000 	/usr/lib/libobjc-trampolines.dylib
0x000000012ca73000 	/Library/Java/JavaVirtualMachines/jdk-9.0.1.jdk/Contents/Home/lib/libosxui.dylib
0x000000016f400000 	/private/var/folders/l3/sl61647n317g9v3_d9jdnvjw0000gq/T/jogamp_0000/file_cache/jln14740033161081271269/jln8002465006186674733/libgluegen-rt.jnilib
0x000000016f305000 	/private/var/folders/l3/sl61647n317g9v3_d9jdnvjw0000gq/T/jogamp_0000/file_cache/jln14740033161081271269/jln8002465006186674733/libnativewindow_awt.jnilib
0x000000016f404000 	/Library/Java/JavaVirtualMachines/jdk-9.0.1.jdk/Contents/Home/lib/libjawt.dylib
0x000000016f4db000 	/private/var/folders/l3/sl61647n317g9v3_d9jdnvjw0000gq/T/jogamp_0000/file_cache/jln14740033161081271269/jln8002465006186674733/libnativewindow_macosx.jnilib
0x000000012ac5d000 	/private/var/folders/l3/sl61647n317g9v3_d9jdnvjw0000gq/T/jogamp_0000/file_cache/jln14740033161081271269/jln8002465006186674733/libjogl_desktop.jnilib

VM Arguments:
jvm_args: -Djava.security.policy=java.policy.applet -Dfile.encoding=UTF-8 
java_command: sun.applet.AppletViewer module3.EarthquakeCityMap1551999566831.html
java_class_path (initial): /Users/margo/Development/Eclipse/UCSDUnfoldingMaps/build:/Users/margo/Development/Eclipse/UCSDUnfoldingMaps/lib/core.jar:/Users/margo/Development/Eclipse/UCSDUnfoldingMaps/lib/gluegen-rt.jar:/Users/margo/Development/Eclipse/UCSDUnfoldingMaps/lib/jogl-all.jar:/Users/margo/Development/Eclipse/UCSDUnfoldingMaps/lib/log4j-1.2.15.jar:/Users/margo/Development/Eclipse/UCSDUnfoldingMaps/lib/sqlite-jdbc-3.7.2.jar:/Users/margo/Development/Eclipse/UCSDUnfoldingMaps/lib/json4processing.jar:/Users/margo/Development/Eclipse/UCSDUnfoldingMaps/lib/libTUIO.jar:/Users/margo/Development/Eclipse/UCSDUnfoldingMaps/lib/unfolding.0.9.7-uscd.jar
Launcher Type: SUN_STANDARD

Logging:
Log output configuration:
#0: stdout all=warning uptime,level,tags
#1: stderr all=off uptime,level,tags

Environment Variables:
PATH=/usr/bin:/bin:/usr/sbin:/sbin
SHELL=/bin/bash

Signal Handlers:
SIGSEGV: [libjvm.dylib+0x73e2dc], sa_mask[0]=11111111011111110111111111111111, sa_flags=SA_ONSTACK|SA_RESTART|SA_SIGINFO
SIGBUS: [libjvm.dylib+0x73e2dc], sa_mask[0]=11111111011111110111111111111111, sa_flags=SA_RESTART|SA_SIGINFO
SIGFPE: [libjvm.dylib+0x73e2dc], sa_mask[0]=11111111011111110111111111111111, sa_flags=SA_RESTART|SA_SIGINFO
SIGPIPE: [libjvm.dylib+0x5f15ac], sa_mask[0]=11111111011111110111111111111111, sa_flags=SA_RESTART|SA_SIGINFO
SIGXFSZ: [libjvm.dylib+0x5f15ac], sa_mask[0]=11111111011111110111111111111111, sa_flags=SA_RESTART|SA_SIGINFO
SIGILL: [libjvm.dylib+0x73e2dc], sa_mask[0]=11111111011111110111111111111111, sa_flags=SA_RESTART|SA_SIGINFO
SIGUSR2: [libjvm.dylib+0x5f1e3c], sa_mask[0]=00100000000000000000000000000000, sa_flags=SA_RESTART|SA_SIGINFO
SIGHUP: [libjvm.dylib+0x5f0679], sa_mask[0]=11111111011111110111111111111111, sa_flags=SA_RESTART|SA_SIGINFO
SIGINT: [libjvm.dylib+0x5f0679], sa_mask[0]=11111111011111110111111111111111, sa_flags=SA_RESTART|SA_SIGINFO
SIGTERM: [libjvm.dylib+0x5f0679], sa_mask[0]=11111111011111110111111111111111, sa_flags=SA_RESTART|SA_SIGINFO
SIGQUIT: [libjvm.dylib+0x5f0679], sa_mask[0]=11111111011111110111111111111111, sa_flags=SA_RESTART|SA_SIGINFO


---------------  S Y S T E M  ---------------

OS:uname:Darwin 18.2.0 Darwin Kernel Version 18.2.0: Thu Dec 20 20:46:53 PST 2018; root:xnu-4903.241.1~1/RELEASE_X86_64 x86_64
rlimit: STACK 8192k, CORE 0k, NPROC 709, NOFILE 10240, AS infinity
load average:1.97 2.00 2.01

CPU:total 8 (initial active 8) (4 cores per cpu, 2 threads per core) family 6 model 58 stepping 9, cmov, cx8, fxsr, mmx, sse, sse2, sse3, ssse3, sse4.1, sse4.2, popcnt, avx, aes, clmul, erms, ht, tsc, tscinvbit, tscinv

Memory: 4k page, physical 8388608k(25988k free)

vm_info: Java HotSpot(TM) 64-Bit Server VM (9.0.1+11) for bsd-amd64 JRE (9.0.1+11), built on Sep 28 2017 03:49:57 by "mach5one" with gcc 4.2.1 Compatible Apple LLVM 6.1.0 (clang-602.0.49)

END.
