#
# A fatal error has been detected by the Java Runtime Environment:
#
#  SIGSEGV (0xb) at pc=0x0000000130f540cc, pid=10333, tid=775
#
# JRE version: Java(TM) SE Runtime Environment (9.0+11) (build 9.0.1+11)
# Java VM: Java HotSpot(TM) 64-Bit Server VM (9.0.1+11, mixed mode, tiered, compressed oops, g1 gc, bsd-amd64)
# Problematic frame:
# C  [libosxapp.dylib+0x20cc]  -[NSApplicationAWT sendEvent:]+0x179
#
# No core dump will be written. Core dumps have been disabled. To enable core dumping, try "ulimit -c unlimited" before starting Java again
#
# If you would like to submit a bug report, please visit:
#   http://bugreport.java.com/bugreport/crash.jsp
# The crash happened outside the Java Virtual Machine in native code.
# See problematic frame for where to report the bug.
#

---------------  S U M M A R Y ------------

Command Line: -Djava.security.policy=java.policy.applet -Dfile.encoding=UTF-8 sun.applet.AppletViewer module6.AirportMap1552979476857.html

Host: MacBookPro10,1 x86_64 2300 MHz, 8 cores, 8G, Darwin 18.2.0
Time: Tue Mar 19 00:11:51 2019 PDT elapsed time: 34 seconds (0d 0h 0m 34s)

---------------  T H R E A D  ---------------

Current thread (0x00007fa8fe977800):  JavaThread "AppKit Thread" daemon [_thread_in_native, id=775, stack(0x00007ffee28a0000,0x00007ffee30a0000)]

Stack: [0x00007ffee28a0000,0x00007ffee30a0000],  sp=0x00007ffee309d550,  free space=8181k
Native frames: (J=compiled Java code, A=aot compiled Java code, j=interpreted, Vv=VM code, C=native code)
C  [libosxapp.dylib+0x20cc]  -[NSApplicationAWT sendEvent:]+0x179
C  [AppKit+0x1419d]  -[NSApplication run]+0x2f3
C  [libosxapp.dylib+0x1d3a]  +[NSApplicationAWT runAWTLoopWithApp:]+0x9d
C  [libawt_lwawt.dylib+0x3a544]  +[AWTStarter starter:headless:]+0x342
C  [JavaNativeFoundation+0x6f3c]  +[JNFRunLoop _performCopiedBlock:]+0x11
C  [Foundation+0xb1bab]  __NSThreadPerformPerform+0x147
C  [CoreFoundation+0x580f9]  __CFRUNLOOP_IS_CALLING_OUT_TO_A_SOURCE0_PERFORM_FUNCTION__+0x11
C  [CoreFoundation+0x5809f]  __CFRunLoopDoSource0+0x6c
C  [CoreFoundation+0x3bf4c]  __CFRunLoopDoSources0+0xc3
C  [CoreFoundation+0x3b4f3]  __CFRunLoopRun+0x4ca
C  [CoreFoundation+0x3add6]  CFRunLoopRunSpecific+0x1d3
C  [java+0x6b2e]  CreateExecutionEnvironment+0x35c
C  [java+0x2c65]  JLI_Launch+0x5a9
C  [java+0x1b62]  main+0x186
C  [java+0x19d4]  start+0x34
C  0x0000000000000007


siginfo: si_signo: 11 (SIGSEGV), si_code: 1 (SEGV_MAPERR), si_addr: 0x0000000000000010

Register to memory mapping:

RAX=0x0000000000000000 is an unknown value
RBX=0x0000000000000000 is an unknown value
RCX=0x000000000021e000 is an unknown value
RDX=0x00000035ee7de0fe is an unknown value
RSP=0x00007ffee309d550 is pointing into the stack for thread: 0x00007fa8fe977800
RBP=0x00007ffee309d580 is pointing into the stack for thread: 0x00007fa8fe977800
RSI=0x00007fff4a5ec125: GCC_except_table7+0xf7e9 in /System/Library/Frameworks/AppKit.framework/Versions/C/AppKit at 0x00007fff499d7000
RDI=0x0000000000000000 is an unknown value
R8 =0x00000000000001ff is an unknown value
R9 =0x00007fa902475960 is an unknown value
R10=0x0000000000000025 is an unknown value
R11=0x00007fff49b70668: -[NSEvent data1]+0 in /System/Library/Frameworks/AppKit.framework/Versions/C/AppKit at 0x00007fff499d7000
R12=0x00007fff786c3580: objc_msgSend+0 in /usr/lib/libobjc.A.dylib at 0x00007fff786bc000
R13=0x0000000000000001 is an unknown value
R14=0x00007fff786c3580: objc_msgSend+0 in /usr/lib/libobjc.A.dylib at 0x00007fff786bc000
R15=0x00007fa8fb5720e0 is an unknown value


Registers:
RAX=0x0000000000000000, RBX=0x0000000000000000, RCX=0x000000000021e000, RDX=0x00000035ee7de0fe
RSP=0x00007ffee309d550, RBP=0x00007ffee309d580, RSI=0x00007fff4a5ec125, RDI=0x0000000000000000
R8 =0x00000000000001ff, R9 =0x00007fa902475960, R10=0x0000000000000025, R11=0x00007fff49b70668
R12=0x00007fff786c3580, R13=0x0000000000000001, R14=0x00007fff786c3580, R15=0x00007fa8fb5720e0
RIP=0x0000000130f540cc, EFLAGS=0x0000000000010246, ERR=0x0000000000000004
  TRAPNO=0x000000000000000e

Top of Stack: (sp=0x00007ffee309d550)
0x00007ffee309d550:   00007ffee309d570 ffff8056fdb8a6a0
0x00007ffee309d560:   00007fa9021bf1d0 00007fa902475960
0x00007ffee309d570:   00007fa8fb5405b0 00007fa8fb5720e0
0x00007ffee309d580:   00007ffee309d650 00007fff499eb19d
0x00007ffee309d590:   0000000000000000 00007fff4a5e9994
0x00007ffee309d5a0:   00007fff4a5dd47b 00007fff4a5dd151
0x00007ffee309d5b0:   0000000000000010 00007fff4a5dce56
0x00007ffee309d5c0:   00007fff4a5ebc46 00007fff4a5dccfe
0x00007ffee309d5d0:   00007fff4a5dd16b 00007fffa4d3def8
0x00007ffee309d5e0:   00007fff4a5dd197 00007fff4a5dd181
0x00007ffee309d5f0:   00007fff4a5e3d83 00007fff4a5ebc79
0x00007ffee309d600:   00007fff4a5dd16b 00007fff4a5dd197
0x00007ffee309d610:   00007fff4a5dd275 0000000000000062
0x00007ffee309d620:   00007fff4a5ddc4f 00007fa8fb5405b0
0x00007ffee309d630:   00007fff786c3580 0000000130f58690
0x00007ffee309d640:   00007fff4a5e4f32 0000000130f586b0
0x00007ffee309d650:   00007ffee309d690 0000000130f53d3a
0x00007ffee309d660:   0000000000000000 00007fa8fb75bbb0
0x00007ffee309d670:   00007fff786c3580 00007fa8fb5405b0
0x00007ffee309d680:   00007fa8fb617410 0000000000000000
0x00007ffee309d690:   00007ffee309d6e0 0000000130ecc544
0x00007ffee309d6a0:   00007fa8fb5405b0 0000000000000000
0x00007ffee309d6b0:   00007fa8fb617410 00007fa8fb7439f0
0x00007ffee309d6c0:   0000000000000000 00007fff4a5dccfe
0x00007ffee309d6d0:   00007fa8fb743c20 00007fa8fb743220
0x00007ffee309d6e0:   00007ffee309d700 00007fff50697f3c
0x00007ffee309d6f0:   0000000000000018 00007fa8fb40d2b0
0x00007ffee309d700:   00007ffee309d780 00007fff4e8c7bab
0x00007ffee309d710:   00007fa8fb803038 00007fff4a5dcdd2
0x00007ffee309d720:   00007fa8fb743220 00007fa8fb40d2b0
0x00007ffee309d730:   00007fff4a5e2ef0 00007fff4a635ac7
0x00007ffee309d740:   00007fff4a5e2ef5 00007fff4a5dce56 

Instructions: (pc=0x0000000130f540cc)
0x0000000130f540ac:   41 5f 5d c3 48 8b 35 51 58 00 00 4c 8b 35 ca 3f
0x0000000130f540bc:   00 00 48 89 df 41 ff d6 48 89 c3 31 c0 48 89 df
0x0000000130f540cc:   ff 53 10 48 8b 35 1a 56 00 00 48 89 df 4c 89 f0
0x0000000130f540dc:   48 83 c4 18 5b 41 5e 41 5f 5d ff e0 55 48 89 e5 


---------------  P R O C E S S  ---------------

Java Threads: ( => current thread )
  0x00007fa901bdb000 JavaThread "AppletCloser" [_thread_blocked, id=67391, stack(0x00007000051aa000,0x00007000052aa000)]
  0x00007fa901263000 JavaThread "Keep-Alive-Timer" daemon [_thread_blocked, id=129827, stack(0x00007000060e3000,0x00007000061e3000)]
  0x00007fa8fcb43800 JavaThread "Image Fetcher 3" daemon [_thread_blocked, id=79691, stack(0x00007000061e6000,0x00007000062e6000)]
  0x00007fa903168000 JavaThread "Image Fetcher 2" daemon [_thread_blocked, id=88119, stack(0x0000700005fe0000,0x00007000060e0000)]
  0x00007fa903167800 JavaThread "Image Fetcher 1" daemon [_thread_blocked, id=68115, stack(0x0000700005edd000,0x0000700005fdd000)]
  0x00007fa8fbce9000 JavaThread "Image Fetcher 0" daemon [_thread_blocked, id=88839, stack(0x0000700005dda000,0x0000700005eda000)]
  0x00007fa8fccec000 JavaThread "Animation Thread" [_thread_blocked, id=1563, stack(0x00007000058c8000,0x00007000059c8000)]
  0x00007fa901814800 JavaThread "AWT-EventQueue-1" [_thread_in_native, id=59395, stack(0x0000700005a4e000,0x0000700005b4e000)]
  0x00007fa8fbc6c800 JavaThread "DestroyJavaVM" [_thread_blocked, id=9731, stack(0x0000700002f44000,0x0000700003044000)]
  0x00007fa8fbc66000 JavaThread "AWT-EventQueue-0" [_thread_blocked, id=69143, stack(0x00007000057c5000,0x00007000058c5000)]
  0x00007fa8fe95f800 JavaThread "thread applet-module6.AirportMap.class" [_thread_blocked, id=57883, stack(0x00007000056c2000,0x00007000057c2000)]
  0x00007fa8fbc98800 JavaThread "Java2D Disposer" daemon [_thread_blocked, id=54795, stack(0x00007000055bf000,0x00007000056bf000)]
  0x00007fa8fe9b8800 JavaThread "Java2D Queue Flusher" daemon [_thread_blocked, id=77155, stack(0x00007000054bc000,0x00007000055bc000)]
  0x00007fa8fc175000 JavaThread "AWT-Shutdown" [_thread_blocked, id=31015, stack(0x00007000050a7000,0x00007000051a7000)]
=>0x00007fa8fe977800 JavaThread "AppKit Thread" daemon [_thread_in_native, id=775, stack(0x00007ffee28a0000,0x00007ffee30a0000)]
  0x00007fa8fe83b800 JavaThread "Service Thread" daemon [_thread_blocked, id=39171, stack(0x0000700004ea1000,0x0000700004fa1000)]
  0x00007fa8fe805000 JavaThread "Common-Cleaner" daemon [_thread_blocked, id=39683, stack(0x0000700004d9e000,0x0000700004e9e000)]
  0x00007fa8fb8cd000 JavaThread "Sweeper thread" daemon [_thread_blocked, id=25091, stack(0x0000700004c9b000,0x0000700004d9b000)]
  0x00007fa8fb8cc800 JavaThread "C1 CompilerThread3" daemon [_thread_blocked, id=40451, stack(0x0000700004b98000,0x0000700004c98000)]
  0x00007fa8fb8cb800 JavaThread "C2 CompilerThread2" daemon [_thread_blocked, id=24579, stack(0x0000700004a95000,0x0000700004b95000)]
  0x00007fa8fb8ca800 JavaThread "C2 CompilerThread1" daemon [_thread_blocked, id=40707, stack(0x0000700004992000,0x0000700004a92000)]
  0x00007fa8fb8c9800 JavaThread "C2 CompilerThread0" daemon [_thread_blocked, id=24067, stack(0x000070000488f000,0x000070000498f000)]
  0x00007fa8fc81d000 JavaThread "Signal Dispatcher" daemon [_thread_blocked, id=41475, stack(0x000070000478c000,0x000070000488c000)]
  0x00007fa8fb8c9000 JavaThread "Finalizer" daemon [_thread_blocked, id=22531, stack(0x0000700004689000,0x0000700004789000)]
  0x00007fa8fb89f800 JavaThread "Reference Handler" daemon [_thread_blocked, id=22275, stack(0x0000700004586000,0x0000700004686000)]

Other Threads:
  0x00007fa8fe802800 VMThread "VM Thread" [stack: 0x0000700004483000,0x0000700004583000] [id=43267]
  0x00007fa8fc81f000 WatcherThread [stack: 0x0000700004fa4000,0x00007000050a4000] [id=25603]
  0x00007fa8fc80f800 GCTaskThread "GC Thread#0" [stack: 0x0000700003047000,0x0000700003147000] [id=21251]
  0x00007fa8fc810800 GCTaskThread "GC Thread#1" [stack: 0x000070000314a000,0x000070000324a000] [id=20739]
  0x00007fa8fc001000 GCTaskThread "GC Thread#2" [stack: 0x000070000324d000,0x000070000334d000] [id=11011]
  0x00007fa8fc811000 GCTaskThread "GC Thread#3" [stack: 0x0000700003350000,0x0000700003450000] [id=20227]
  0x00007fa8fc002000 GCTaskThread "GC Thread#4" [stack: 0x0000700003453000,0x0000700003553000] [id=19971]
  0x00007fa8fd000000 GCTaskThread "GC Thread#5" [stack: 0x0000700003556000,0x0000700003656000] [id=11779]
  0x00007fa8fe000000 GCTaskThread "GC Thread#6" [stack: 0x0000700003659000,0x0000700003759000] [id=19203]
  0x00007fa8fb818000 GCTaskThread "GC Thread#7" [stack: 0x000070000375c000,0x000070000385c000] [id=18691]
  0x00007fa8fb843800 ConcurrentGCThread "G1 Main Marker" [stack: 0x000070000417a000,0x000070000427a000] [id=14851]
  0x00007fa8fb844800 ConcurrentGCThread "G1 Marker#0" [stack: 0x000070000427d000,0x000070000437d000] [id=15363]
  0x00007fa8fe800000 ConcurrentGCThread "G1 Marker#1" [stack: 0x0000700004380000,0x0000700004480000] [id=15875]
  0x00007fa8fb81e000 ConcurrentGCThread "G1 Refine#0" [stack: 0x0000700003f74000,0x0000700004074000] [id=13827]
  0x00007fa8fb81d000 ConcurrentGCThread "G1 Refine#1" [stack: 0x0000700003e71000,0x0000700003f71000] [id=16643]
  0x00007fa8fb81c800 ConcurrentGCThread "G1 Refine#2" [stack: 0x0000700003d6e000,0x0000700003e6e000] [id=17155]
  0x00007fa8fb81b800 ConcurrentGCThread "G1 Refine#3" [stack: 0x0000700003c6b000,0x0000700003d6b000] [id=13315]
  0x00007fa8fb81b000 ConcurrentGCThread "G1 Refine#4" [stack: 0x0000700003b68000,0x0000700003c68000] [id=13059]
  0x00007fa8fb81a000 ConcurrentGCThread "G1 Refine#5" [stack: 0x0000700003a65000,0x0000700003b65000] [id=17923]
  0x00007fa8fb819800 ConcurrentGCThread "G1 Refine#6" [stack: 0x0000700003962000,0x0000700003a62000] [id=18179]
  0x00007fa8fb818800 ConcurrentGCThread "G1 Refine#7" [stack: 0x000070000385f000,0x000070000395f000] [id=18435]
  0x00007fa8fb81e800 ConcurrentGCThread "G1 Young RemSet Sampling" [stack: 0x0000700004077000,0x0000700004177000] [id=14339]

Threads with active compile tasks:

VM state:not at safepoint (normal execution)

VM Mutex/Monitor currently owned by a thread: None

Heap address: 0x0000000740000000, size: 2048 MB, Compressed Oops mode: Zero based, Oop shift amount: 3
Narrow klass base: 0x0000000000000000, Narrow klass shift: 3
Compressed class space size: 1073741824 Address: 0x00000007c0000000

Heap:
 garbage-first heap   total 223232K, used 185602K [0x0000000740000000, 0x00000007401006d0, 0x00000007c0000000)
  region size 1024K, 33 young (33792K), 2 survivors (2048K)
 Metaspace       used 26544K, capacity 27689K, committed 27776K, reserved 1075200K
  class space    used 2405K, capacity 2661K, committed 2688K, reserved 1048576K
Heap Regions: E=young(eden), S=young(survivor), O=old, HS=humongous(starts), HC=humongous(continues), CS=collection set, F=free, A=archive, TS=gc time stamp, AC=allocation context, TAMS=top-at-mark-start (previous, next)
|   0|0x0000000740000000, 0x0000000740100000, 0x0000000740100000|100%| O|  |TS  0|AC  0|TAMS 0x0000000740100000, 0x0000000740100000|
|   1|0x0000000740100000, 0x0000000740200000, 0x0000000740200000|100%| O|  |TS  0|AC  0|TAMS 0x0000000740200000, 0x0000000740200000|
|   2|0x0000000740200000, 0x0000000740300000, 0x0000000740300000|100%| O|  |TS  0|AC  0|TAMS 0x0000000740300000, 0x0000000740300000|
|   3|0x0000000740300000, 0x0000000740400000, 0x0000000740400000|100%| O|  |TS  0|AC  0|TAMS 0x0000000740400000, 0x0000000740400000|
|   4|0x0000000740400000, 0x0000000740500000, 0x0000000740500000|100%| O|  |TS  0|AC  0|TAMS 0x0000000740500000, 0x0000000740500000|
|   5|0x0000000740500000, 0x0000000740600000, 0x0000000740600000|100%| O|  |TS  0|AC  0|TAMS 0x0000000740600000, 0x0000000740600000|
|   6|0x0000000740600000, 0x0000000740700000, 0x0000000740700000|100%| O|  |TS  5|AC  0|TAMS 0x0000000740600000, 0x0000000740600000|
|   7|0x0000000740700000, 0x0000000740800000, 0x0000000740800000|100%| O|  |TS  0|AC  0|TAMS 0x0000000740800000, 0x0000000740800000|
|   8|0x0000000740800000, 0x0000000740900000, 0x0000000740900000|100%|HS|  |TS  0|AC  0|TAMS 0x0000000740900000, 0x0000000740900000|
|   9|0x0000000740900000, 0x0000000740a00000, 0x0000000740a00000|100%|HC|  |TS  0|AC  0|TAMS 0x0000000740a00000, 0x0000000740a00000|
|  10|0x0000000740a00000, 0x0000000740b00000, 0x0000000740b00000|100%|HC|  |TS  0|AC  0|TAMS 0x0000000740b00000, 0x0000000740b00000|
|  11|0x0000000740b00000, 0x0000000740c00000, 0x0000000740c00000|100%| O|  |TS  0|AC  0|TAMS 0x0000000740c00000, 0x0000000740c00000|
|  12|0x0000000740c00000, 0x0000000740d00000, 0x0000000740d00000|100%| O|  |TS  0|AC  0|TAMS 0x0000000740d00000, 0x0000000740d00000|
|  13|0x0000000740d00000, 0x0000000740e00000, 0x0000000740e00000|100%| O|  |TS  0|AC  0|TAMS 0x0000000740e00000, 0x0000000740e00000|
|  14|0x0000000740e00000, 0x0000000740f00000, 0x0000000740f00000|100%| O|  |TS  0|AC  0|TAMS 0x0000000740f00000, 0x0000000740f00000|
|  15|0x0000000740f00000, 0x0000000741000000, 0x0000000741000000|100%| O|  |TS  1|AC  0|TAMS 0x0000000740f40200, 0x0000000740f40200|
|  16|0x0000000741000000, 0x0000000741100000, 0x0000000741100000|100%| O|  |TS  0|AC  0|TAMS 0x0000000741100000, 0x0000000741100000|
|  17|0x0000000741100000, 0x0000000741200000, 0x0000000741200000|100%| O|  |TS  3|AC  0|TAMS 0x0000000741100000, 0x0000000741100000|
|  18|0x0000000741200000, 0x0000000741300000, 0x0000000741300000|100%|HS|  |TS  0|AC  0|TAMS 0x0000000741300000, 0x0000000741300000|
|  19|0x0000000741300000, 0x0000000741400000, 0x0000000741400000|100%|HC|  |TS  0|AC  0|TAMS 0x0000000741400000, 0x0000000741400000|
|  20|0x0000000741400000, 0x0000000741500000, 0x0000000741500000|100%|HC|  |TS  0|AC  0|TAMS 0x0000000741500000, 0x0000000741500000|
|  21|0x0000000741500000, 0x0000000741600000, 0x0000000741600000|100%| O|  |TS  0|AC  0|TAMS 0x0000000741600000, 0x0000000741600000|
|  22|0x0000000741600000, 0x0000000741700000, 0x0000000741700000|100%| O|  |TS  0|AC  0|TAMS 0x0000000741700000, 0x0000000741700000|
|  23|0x0000000741700000, 0x0000000741800000, 0x0000000741800000|100%|HS|  |TS  0|AC  0|TAMS 0x0000000741800000, 0x0000000741800000|
|  24|0x0000000741800000, 0x0000000741900000, 0x0000000741900000|100%|HC|  |TS  0|AC  0|TAMS 0x0000000741900000, 0x0000000741900000|
|  25|0x0000000741900000, 0x0000000741a00000, 0x0000000741a00000|100%|HS|  |TS  0|AC  0|TAMS 0x0000000741a00000, 0x0000000741a00000|
|  26|0x0000000741a00000, 0x0000000741b00000, 0x0000000741b00000|100%| O|  |TS  0|AC  0|TAMS 0x0000000741b00000, 0x0000000741b00000|
|  27|0x0000000741b00000, 0x0000000741c00000, 0x0000000741c00000|100%| O|  |TS  0|AC  0|TAMS 0x0000000741c00000, 0x0000000741c00000|
|  28|0x0000000741c00000, 0x0000000741d00000, 0x0000000741d00000|100%| O|  |TS  0|AC  0|TAMS 0x0000000741d00000, 0x0000000741d00000|
|  29|0x0000000741d00000, 0x0000000741e00000, 0x0000000741e00000|100%|HS|  |TS  0|AC  0|TAMS 0x0000000741e00000, 0x0000000741e00000|
|  30|0x0000000741e00000, 0x0000000741f00000, 0x0000000741f00000|100%|HC|  |TS  0|AC  0|TAMS 0x0000000741f00000, 0x0000000741f00000|
|  31|0x0000000741f00000, 0x0000000742000000, 0x0000000742000000|100%|HC|  |TS  0|AC  0|TAMS 0x0000000742000000, 0x0000000742000000|
|  32|0x0000000742000000, 0x0000000742100000, 0x0000000742100000|100%|HC|  |TS  0|AC  0|TAMS 0x0000000742100000, 0x0000000742100000|
|  33|0x0000000742100000, 0x0000000742200000, 0x0000000742200000|100%|HC|  |TS  0|AC  0|TAMS 0x0000000742200000, 0x0000000742200000|
|  34|0x0000000742200000, 0x0000000742300000, 0x0000000742300000|100%|HC|  |TS  0|AC  0|TAMS 0x0000000742300000, 0x0000000742300000|
|  35|0x0000000742300000, 0x0000000742400000, 0x0000000742400000|100%|HC|  |TS  0|AC  0|TAMS 0x0000000742400000, 0x0000000742400000|
|  36|0x0000000742400000, 0x0000000742500000, 0x0000000742500000|100%|HC|  |TS  0|AC  0|TAMS 0x0000000742500000, 0x0000000742500000|
|  37|0x0000000742500000, 0x0000000742600000, 0x0000000742600000|100%|HC|  |TS  0|AC  0|TAMS 0x0000000742600000, 0x0000000742600000|
|  38|0x0000000742600000, 0x0000000742700000, 0x0000000742700000|100%|HC|  |TS  0|AC  0|TAMS 0x0000000742700000, 0x0000000742700000|
|  39|0x0000000742700000, 0x0000000742800000, 0x0000000742800000|100%|HC|  |TS  0|AC  0|TAMS 0x0000000742800000, 0x0000000742800000|
|  40|0x0000000742800000, 0x0000000742900000, 0x0000000742900000|100%|HC|  |TS  0|AC  0|TAMS 0x0000000742900000, 0x0000000742900000|
|  41|0x0000000742900000, 0x0000000742a00000, 0x0000000742a00000|100%|HC|  |TS  0|AC  0|TAMS 0x0000000742a00000, 0x0000000742a00000|
|  42|0x0000000742a00000, 0x0000000742b00000, 0x0000000742b00000|100%|HC|  |TS  0|AC  0|TAMS 0x0000000742b00000, 0x0000000742b00000|
|  43|0x0000000742b00000, 0x0000000742c00000, 0x0000000742c00000|100%|HC|  |TS  0|AC  0|TAMS 0x0000000742c00000, 0x0000000742c00000|
|  44|0x0000000742c00000, 0x0000000742d00000, 0x0000000742d00000|100%|HC|  |TS  0|AC  0|TAMS 0x0000000742d00000, 0x0000000742d00000|
|  45|0x0000000742d00000, 0x0000000742e00000, 0x0000000742e00000|100%| O|  |TS  0|AC  0|TAMS 0x0000000742e00000, 0x0000000742e00000|
|  46|0x0000000742e00000, 0x0000000742f00000, 0x0000000742f00000|100%| O|  |TS  0|AC  0|TAMS 0x0000000742f00000, 0x0000000742f00000|
|  47|0x0000000742f00000, 0x0000000743000000, 0x0000000743000000|100%| O|  |TS  0|AC  0|TAMS 0x0000000743000000, 0x0000000743000000|
|  48|0x0000000743000000, 0x0000000743100000, 0x0000000743100000|100%| O|  |TS  0|AC  0|TAMS 0x0000000743100000, 0x0000000743100000|
|  49|0x0000000743100000, 0x0000000743200000, 0x0000000743200000|100%| O|  |TS  3|AC  0|TAMS 0x0000000743100000, 0x0000000743100000|
|  50|0x0000000743200000, 0x0000000743300000, 0x0000000743300000|100%|HS|  |TS  0|AC  0|TAMS 0x0000000743300000, 0x0000000743300000|
|  51|0x0000000743300000, 0x0000000743400000, 0x0000000743400000|100%| O|  |TS  0|AC  0|TAMS 0x0000000743400000, 0x0000000743400000|
|  52|0x0000000743400000, 0x0000000743500000, 0x0000000743500000|100%| O|  |TS  0|AC  0|TAMS 0x0000000743500000, 0x0000000743500000|
|  53|0x0000000743500000, 0x0000000743600000, 0x0000000743600000|100%| O|  |TS  0|AC  0|TAMS 0x0000000743600000, 0x0000000743600000|
|  54|0x0000000743600000, 0x0000000743700000, 0x0000000743700000|100%| O|  |TS  0|AC  0|TAMS 0x0000000743700000, 0x0000000743700000|
|  55|0x0000000743700000, 0x0000000743800000, 0x0000000743800000|100%| O|  |TS  5|AC  0|TAMS 0x0000000743700000, 0x0000000743700000|
|  56|0x0000000743800000, 0x0000000743900000, 0x0000000743900000|100%| O|  |TS 11|AC  0|TAMS 0x0000000743800000, 0x0000000743800000|
|  57|0x0000000743900000, 0x0000000743a00000, 0x0000000743a00000|100%| O|  |TS  5|AC  0|TAMS 0x0000000743900000, 0x0000000743900000|
|  58|0x0000000743a00000, 0x0000000743b00000, 0x0000000743b00000|100%| O|  |TS  3|AC  0|TAMS 0x0000000743a00000, 0x0000000743a00000|
|  59|0x0000000743b00000, 0x0000000743c00000, 0x0000000743c00000|100%| O|  |TS  0|AC  0|TAMS 0x0000000743c00000, 0x0000000743c00000|
|  60|0x0000000743c00000, 0x0000000743d00000, 0x0000000743d00000|100%| O|  |TS  0|AC  0|TAMS 0x0000000743d00000, 0x0000000743d00000|
|  61|0x0000000743d00000, 0x0000000743e00000, 0x0000000743e00000|100%| O|  |TS  3|AC  0|TAMS 0x0000000743d00000, 0x0000000743d00000|
|  62|0x0000000743e00000, 0x0000000743f00000, 0x0000000743f00000|100%| O|  |TS  5|AC  0|TAMS 0x0000000743e00000, 0x0000000743e00000|
|  63|0x0000000743f00000, 0x0000000744000000, 0x0000000744000000|100%| O|  |TS  5|AC  0|TAMS 0x0000000743f00000, 0x0000000743f00000|
|  64|0x0000000744000000, 0x0000000744100000, 0x0000000744100000|100%| O|  |TS  5|AC  0|TAMS 0x0000000744000000, 0x0000000744000000|
|  65|0x0000000744100000, 0x0000000744200000, 0x0000000744200000|100%| O|  |TS 11|AC  0|TAMS 0x0000000744100000, 0x0000000744100000|
|  66|0x0000000744200000, 0x0000000744300000, 0x0000000744300000|100%| O|  |TS  0|AC  0|TAMS 0x0000000744300000, 0x0000000744300000|
|  67|0x0000000744300000, 0x0000000744400000, 0x0000000744400000|100%| O|  |TS  5|AC  0|TAMS 0x0000000744300000, 0x0000000744300000|
|  68|0x0000000744400000, 0x0000000744500000, 0x0000000744500000|100%| O|  |TS  0|AC  0|TAMS 0x0000000744500000, 0x0000000744500000|
|  69|0x0000000744500000, 0x0000000744600000, 0x0000000744600000|100%| O|  |TS  0|AC  0|TAMS 0x0000000744600000, 0x0000000744600000|
|  70|0x0000000744600000, 0x0000000744700000, 0x0000000744700000|100%| O|  |TS 13|AC  0|TAMS 0x0000000744600000, 0x0000000744600000|
|  71|0x0000000744700000, 0x0000000744800000, 0x0000000744800000|100%| O|  |TS  3|AC  0|TAMS 0x0000000744700000, 0x0000000744700000|
|  72|0x0000000744800000, 0x0000000744900000, 0x0000000744900000|100%| O|  |TS  3|AC  0|TAMS 0x0000000744800000, 0x0000000744800000|
|  73|0x0000000744900000, 0x0000000744a00000, 0x0000000744a00000|100%| O|  |TS  7|AC  0|TAMS 0x0000000744900000, 0x0000000744900000|
|  74|0x0000000744a00000, 0x0000000744b00000, 0x0000000744b00000|100%| O|  |TS  5|AC  0|TAMS 0x0000000744a00000, 0x0000000744a00000|
|  75|0x0000000744b00000, 0x0000000744c00000, 0x0000000744c00000|100%| O|  |TS  0|AC  0|TAMS 0x0000000744c00000, 0x0000000744c00000|
|  76|0x0000000744c00000, 0x0000000744d00000, 0x0000000744d00000|100%| O|  |TS  0|AC  0|TAMS 0x0000000744d00000, 0x0000000744d00000|
|  77|0x0000000744d00000, 0x0000000744e00000, 0x0000000744e00000|100%| O|  |TS  7|AC  0|TAMS 0x0000000744d00000, 0x0000000744d00000|
|  78|0x0000000744e00000, 0x0000000744f00000, 0x0000000744f00000|100%| O|  |TS 13|AC  0|TAMS 0x0000000744e00000, 0x0000000744e00000|
|  79|0x0000000744f00000, 0x0000000745000000, 0x0000000745000000|100%| O|  |TS  0|AC  0|TAMS 0x0000000745000000, 0x0000000745000000|
|  80|0x0000000745000000, 0x0000000745100000, 0x0000000745100000|100%| O|  |TS  7|AC  0|TAMS 0x0000000745000000, 0x0000000745000000|
|  81|0x0000000745100000, 0x0000000745200000, 0x0000000745200000|100%| O|  |TS  0|AC  0|TAMS 0x0000000745200000, 0x0000000745200000|
|  82|0x0000000745200000, 0x0000000745300000, 0x0000000745300000|100%| O|  |TS  7|AC  0|TAMS 0x0000000745200000, 0x0000000745200000|
|  83|0x0000000745300000, 0x0000000745400000, 0x0000000745400000|100%| O|  |TS  0|AC  0|TAMS 0x0000000745400000, 0x0000000745400000|
|  84|0x0000000745400000, 0x0000000745500000, 0x0000000745500000|100%| O|  |TS  7|AC  0|TAMS 0x0000000745400000, 0x0000000745400000|
|  85|0x0000000745500000, 0x0000000745600000, 0x0000000745600000|100%| O|  |TS  3|AC  0|TAMS 0x0000000745500000, 0x0000000745500000|
|  86|0x0000000745600000, 0x0000000745700000, 0x0000000745700000|100%| O|  |TS  3|AC  0|TAMS 0x0000000745600000, 0x0000000745600000|
|  87|0x0000000745700000, 0x0000000745800000, 0x0000000745800000|100%| O|  |TS  0|AC  0|TAMS 0x0000000745800000, 0x0000000745800000|
|  88|0x0000000745800000, 0x0000000745900000, 0x0000000745900000|100%| O|  |TS 15|AC  0|TAMS 0x0000000745800000, 0x0000000745800000|
|  89|0x0000000745900000, 0x0000000745a00000, 0x0000000745a00000|100%| O|  |TS 15|AC  0|TAMS 0x0000000745900000, 0x0000000745900000|
|  90|0x0000000745a00000, 0x0000000745b00000, 0x0000000745b00000|100%| O|  |TS 15|AC  0|TAMS 0x0000000745a00000, 0x0000000745a00000|
|  91|0x0000000745b00000, 0x0000000745c00000, 0x0000000745c00000|100%| O|  |TS  3|AC  0|TAMS 0x0000000745b00000, 0x0000000745b00000|
|  92|0x0000000745c00000, 0x0000000745d00000, 0x0000000745d00000|100%| O|  |TS  0|AC  0|TAMS 0x0000000745d00000, 0x0000000745d00000|
|  93|0x0000000745d00000, 0x0000000745e00000, 0x0000000745e00000|100%| O|  |TS  0|AC  0|TAMS 0x0000000745e00000, 0x0000000745e00000|
|  94|0x0000000745e00000, 0x0000000745f00000, 0x0000000745f00000|100%| O|  |TS  0|AC  0|TAMS 0x0000000745f00000, 0x0000000745f00000|
|  95|0x0000000745f00000, 0x0000000746000000, 0x0000000746000000|100%| O|  |TS  0|AC  0|TAMS 0x0000000746000000, 0x0000000746000000|
|  96|0x0000000746000000, 0x0000000746100000, 0x0000000746100000|100%| O|  |TS  3|AC  0|TAMS 0x0000000746000000, 0x0000000746000000|
|  97|0x0000000746100000, 0x0000000746200000, 0x0000000746200000|100%| O|  |TS  0|AC  0|TAMS 0x0000000746200000, 0x0000000746200000|
|  98|0x0000000746200000, 0x0000000746300000, 0x0000000746300000|100%| O|  |TS  0|AC  0|TAMS 0x0000000746300000, 0x0000000746300000|
|  99|0x0000000746300000, 0x0000000746400000, 0x0000000746400000|100%| O|  |TS  0|AC  0|TAMS 0x0000000746400000, 0x0000000746400000|
| 100|0x0000000746400000, 0x0000000746500000, 0x0000000746500000|100%| O|  |TS  0|AC  0|TAMS 0x0000000746500000, 0x0000000746500000|
| 101|0x0000000746500000, 0x0000000746600000, 0x0000000746600000|100%| O|  |TS  0|AC  0|TAMS 0x0000000746600000, 0x0000000746600000|
| 102|0x0000000746600000, 0x0000000746700000, 0x0000000746700000|100%| O|  |TS  0|AC  0|TAMS 0x0000000746700000, 0x0000000746700000|
| 103|0x0000000746700000, 0x0000000746800000, 0x0000000746800000|100%| O|  |TS  0|AC  0|TAMS 0x0000000746800000, 0x0000000746800000|
| 104|0x0000000746800000, 0x0000000746900000, 0x0000000746900000|100%| O|  |TS  0|AC  0|TAMS 0x0000000746900000, 0x0000000746900000|
| 105|0x0000000746900000, 0x0000000746a00000, 0x0000000746a00000|100%| O|  |TS  0|AC  0|TAMS 0x0000000746a00000, 0x0000000746a00000|
| 106|0x0000000746a00000, 0x0000000746b00000, 0x0000000746b00000|100%| O|  |TS  5|AC  0|TAMS 0x0000000746a00000, 0x0000000746a00000|
| 107|0x0000000746b00000, 0x0000000746c00000, 0x0000000746c00000|100%| O|  |TS  3|AC  0|TAMS 0x0000000746b00000, 0x0000000746b00000|
| 108|0x0000000746c00000, 0x0000000746d00000, 0x0000000746d00000|100%| O|  |TS  5|AC  0|TAMS 0x0000000746c00000, 0x0000000746c00000|
| 109|0x0000000746d00000, 0x0000000746e00000, 0x0000000746e00000|100%| O|  |TS  0|AC  0|TAMS 0x0000000746e00000, 0x0000000746e00000|
| 110|0x0000000746e00000, 0x0000000746f00000, 0x0000000746f00000|100%| O|  |TS  3|AC  0|TAMS 0x0000000746e00000, 0x0000000746e00000|
| 111|0x0000000746f00000, 0x0000000747000000, 0x0000000747000000|100%| O|  |TS  5|AC  0|TAMS 0x0000000746f00000, 0x0000000746f00000|
| 112|0x0000000747000000, 0x0000000747100000, 0x0000000747100000|100%| O|  |TS  3|AC  0|TAMS 0x0000000747000000, 0x0000000747000000|
| 113|0x0000000747100000, 0x0000000747200000, 0x0000000747200000|100%| O|  |TS  0|AC  0|TAMS 0x0000000747200000, 0x0000000747200000|
| 114|0x0000000747200000, 0x0000000747300000, 0x0000000747300000|100%| O|  |TS  5|AC  0|TAMS 0x0000000747200000, 0x0000000747200000|
| 115|0x0000000747300000, 0x0000000747400000, 0x0000000747400000|100%| O|  |TS  0|AC  0|TAMS 0x0000000747400000, 0x0000000747400000|
| 116|0x0000000747400000, 0x0000000747500000, 0x0000000747500000|100%| O|  |TS  3|AC  0|TAMS 0x0000000747400000, 0x0000000747400000|
| 117|0x0000000747500000, 0x0000000747600000, 0x0000000747600000|100%| O|  |TS  5|AC  0|TAMS 0x0000000747500000, 0x0000000747500000|
| 118|0x0000000747600000, 0x0000000747700000, 0x0000000747700000|100%| O|  |TS  0|AC  0|TAMS 0x0000000747700000, 0x0000000747700000|
| 119|0x0000000747700000, 0x0000000747800000, 0x0000000747800000|100%| O|  |TS  7|AC  0|TAMS 0x0000000747700000, 0x0000000747700000|
| 120|0x0000000747800000, 0x0000000747880200, 0x0000000747900000| 50%| O|  |TS 17|AC  0|TAMS 0x0000000747800000, 0x0000000747800000|
| 121|0x0000000747900000, 0x0000000747a00000, 0x0000000747a00000|100%| O|  |TS  3|AC  0|TAMS 0x0000000747900000, 0x0000000747900000|
| 122|0x0000000747a00000, 0x0000000747b00000, 0x0000000747b00000|100%| O|  |TS  3|AC  0|TAMS 0x0000000747a00000, 0x0000000747a00000|
| 123|0x0000000747b00000, 0x0000000747b00000, 0x0000000747c00000|  0%| F|  |TS  7|AC  0|TAMS 0x0000000747b00000, 0x0000000747b00000|
| 124|0x0000000747c00000, 0x0000000747d00000, 0x0000000747d00000|100%| O|  |TS  7|AC  0|TAMS 0x0000000747c00000, 0x0000000747c00000|
| 125|0x0000000747d00000, 0x0000000747d00000, 0x0000000747e00000|  0%| F|  |TS  7|AC  0|TAMS 0x0000000747d00000, 0x0000000747d00000|
| 126|0x0000000747e00000, 0x0000000747f00000, 0x0000000747f00000|100%| O|  |TS  7|AC  0|TAMS 0x0000000747e00000, 0x0000000747e00000|
| 127|0x0000000747f00000, 0x0000000748000000, 0x0000000748000000|100%| O|  |TS  7|AC  0|TAMS 0x0000000747f00000, 0x0000000747f00000|
| 128|0x0000000748000000, 0x0000000748100000, 0x0000000748100000|100%| O|  |TS  7|AC  0|TAMS 0x0000000748000000, 0x0000000748000000|
| 129|0x0000000748100000, 0x0000000748200000, 0x0000000748200000|100%| O|  |TS  7|AC  0|TAMS 0x0000000748100000, 0x0000000748100000|
| 130|0x0000000748200000, 0x0000000748200000, 0x0000000748300000|  0%| F|  |TS  7|AC  0|TAMS 0x0000000748200000, 0x0000000748200000|
| 131|0x0000000748300000, 0x0000000748400000, 0x0000000748400000|100%| O|  |TS  7|AC  0|TAMS 0x0000000748300000, 0x0000000748300000|
| 132|0x0000000748400000, 0x0000000748500000, 0x0000000748500000|100%| O|  |TS  7|AC  0|TAMS 0x0000000748400000, 0x0000000748400000|
| 133|0x0000000748500000, 0x0000000748600000, 0x0000000748600000|100%| O|  |TS  7|AC  0|TAMS 0x0000000748500000, 0x0000000748500000|
| 134|0x0000000748600000, 0x0000000748600000, 0x0000000748700000|  0%| F|  |TS  7|AC  0|TAMS 0x0000000748600000, 0x0000000748600000|
| 135|0x0000000748700000, 0x0000000748800000, 0x0000000748800000|100%| O|  |TS  7|AC  0|TAMS 0x0000000748700000, 0x0000000748700000|
| 136|0x0000000748800000, 0x0000000748900000, 0x0000000748900000|100%| O|  |TS  7|AC  0|TAMS 0x0000000748800000, 0x0000000748800000|
| 137|0x0000000748900000, 0x0000000748a00000, 0x0000000748a00000|100%| O|  |TS  0|AC  0|TAMS 0x0000000748a00000, 0x0000000748a00000|
| 138|0x0000000748a00000, 0x0000000748a00000, 0x0000000748b00000|  0%| F|  |TS  7|AC  0|TAMS 0x0000000748a00000, 0x0000000748a00000|
| 139|0x0000000748b00000, 0x0000000748c00000, 0x0000000748c00000|100%| O|  |TS  0|AC  0|TAMS 0x0000000748c00000, 0x0000000748c00000|
| 140|0x0000000748c00000, 0x0000000748d00000, 0x0000000748d00000|100%| O|  |TS  7|AC  0|TAMS 0x0000000748c00000, 0x0000000748c00000|
| 141|0x0000000748d00000, 0x0000000748e00000, 0x0000000748e00000|100%| O|  |TS  5|AC  0|TAMS 0x0000000748d00000, 0x0000000748d00000|
| 142|0x0000000748e00000, 0x0000000748f00000, 0x0000000748f00000|100%| O|  |TS  5|AC  0|TAMS 0x0000000748e00000, 0x0000000748e00000|
| 143|0x0000000748f00000, 0x0000000749000000, 0x0000000749000000|100%| O|  |TS  5|AC  0|TAMS 0x0000000748f00000, 0x0000000748f00000|
| 144|0x0000000749000000, 0x0000000749100000, 0x0000000749100000|100%| O|  |TS  5|AC  0|TAMS 0x0000000749000000, 0x0000000749000000|
| 145|0x0000000749100000, 0x0000000749100000, 0x0000000749200000|  0%| F|  |TS  7|AC  0|TAMS 0x0000000749100000, 0x0000000749100000|
| 146|0x0000000749200000, 0x0000000749300000, 0x0000000749300000|100%| O|  |TS  5|AC  0|TAMS 0x0000000749200000, 0x0000000749200000|
| 147|0x0000000749300000, 0x0000000749300000, 0x0000000749400000|  0%| F|  |TS  7|AC  0|TAMS 0x0000000749300000, 0x0000000749300000|
| 148|0x0000000749400000, 0x0000000749400000, 0x0000000749500000|  0%| F|  |TS  7|AC  0|TAMS 0x0000000749400000, 0x0000000749400000|
| 149|0x0000000749500000, 0x0000000749600000, 0x0000000749600000|100%| O|  |TS  7|AC  0|TAMS 0x0000000749500000, 0x0000000749500000|
| 150|0x0000000749600000, 0x0000000749700000, 0x0000000749700000|100%| O|  |TS 11|AC  0|TAMS 0x0000000749600000, 0x0000000749600000|
| 151|0x0000000749700000, 0x0000000749800000, 0x0000000749800000|100%| O|  |TS  3|AC  0|TAMS 0x0000000749700000, 0x0000000749700000|
| 152|0x0000000749800000, 0x0000000749800000, 0x0000000749900000|  0%| F|  |TS  7|AC  0|TAMS 0x0000000749800000, 0x0000000749800000|
| 153|0x0000000749900000, 0x0000000749900000, 0x0000000749a00000|  0%| F|  |TS  7|AC  0|TAMS 0x0000000749900000, 0x0000000749900000|
| 154|0x0000000749a00000, 0x0000000749b00000, 0x0000000749b00000|100%| O|  |TS  0|AC  0|TAMS 0x0000000749b00000, 0x0000000749b00000|
| 155|0x0000000749b00000, 0x0000000749c00000, 0x0000000749c00000|100%| O|  |TS  5|AC  0|TAMS 0x0000000749b00000, 0x0000000749b00000|
| 156|0x0000000749c00000, 0x0000000749c00000, 0x0000000749d00000|  0%| F|  |TS  7|AC  0|TAMS 0x0000000749c00000, 0x0000000749c00000|
| 157|0x0000000749d00000, 0x0000000749e00000, 0x0000000749e00000|100%| O|  |TS  3|AC  0|TAMS 0x0000000749d00000, 0x0000000749d00000|
| 158|0x0000000749e00000, 0x0000000749f00000, 0x0000000749f00000|100%| O|  |TS  5|AC  0|TAMS 0x0000000749e00000, 0x0000000749e00000|
| 159|0x0000000749f00000, 0x000000074a000000, 0x000000074a000000|100%| O|  |TS  5|AC  0|TAMS 0x0000000749f00000, 0x0000000749f00000|
| 160|0x000000074a000000, 0x000000074a100000, 0x000000074a100000|100%| O|  |TS  7|AC  0|TAMS 0x000000074a000000, 0x000000074a000000|
| 161|0x000000074a100000, 0x000000074a100000, 0x000000074a200000|  0%| F|  |TS  0|AC  0|TAMS 0x000000074a100000, 0x000000074a100000|
| 162|0x000000074a200000, 0x000000074a200000, 0x000000074a300000|  0%| F|  |TS  1|AC  0|TAMS 0x000000074a200000, 0x000000074a200000|
| 163|0x000000074a300000, 0x000000074a300000, 0x000000074a400000|  0%| F|  |TS  1|AC  0|TAMS 0x000000074a300000, 0x000000074a300000|
| 164|0x000000074a400000, 0x000000074a400000, 0x000000074a500000|  0%| F|  |TS  0|AC  0|TAMS 0x000000074a400000, 0x000000074a400000|
| 165|0x000000074a500000, 0x000000074a500000, 0x000000074a600000|  0%| F|  |TS  0|AC  0|TAMS 0x000000074a500000, 0x000000074a500000|
| 166|0x000000074a600000, 0x000000074a600000, 0x000000074a700000|  0%| F|  |TS  1|AC  0|TAMS 0x000000074a600000, 0x000000074a600000|
| 167|0x000000074a700000, 0x000000074a700000, 0x000000074a800000|  0%| F|  |TS  3|AC  0|TAMS 0x000000074a700000, 0x000000074a700000|
| 168|0x000000074a800000, 0x000000074a800000, 0x000000074a900000|  0%| F|  |TS  1|AC  0|TAMS 0x000000074a800000, 0x000000074a800000|
| 169|0x000000074a900000, 0x000000074a900000, 0x000000074aa00000|  0%| F|  |TS  1|AC  0|TAMS 0x000000074a900000, 0x000000074a900000|
| 170|0x000000074aa00000, 0x000000074aa00000, 0x000000074ab00000|  0%| F|  |TS  9|AC  0|TAMS 0x000000074aa00000, 0x000000074aa00000|
| 171|0x000000074ab00000, 0x000000074ab00000, 0x000000074ac00000|  0%| F|  |TS  9|AC  0|TAMS 0x000000074ab00000, 0x000000074ab00000|
| 172|0x000000074ac00000, 0x000000074ac00000, 0x000000074ad00000|  0%| F|  |TS  7|AC  0|TAMS 0x000000074ac00000, 0x000000074ac00000|
| 173|0x000000074ad00000, 0x000000074ad00000, 0x000000074ae00000|  0%| F|  |TS  7|AC  0|TAMS 0x000000074ad00000, 0x000000074ad00000|
| 174|0x000000074ae00000, 0x000000074ae00000, 0x000000074af00000|  0%| F|  |TS  7|AC  0|TAMS 0x000000074ae00000, 0x000000074ae00000|
| 175|0x000000074af00000, 0x000000074af00000, 0x000000074b000000|  0%| F|  |TS  7|AC  0|TAMS 0x000000074af00000, 0x000000074af00000|
| 176|0x000000074b000000, 0x000000074b000000, 0x000000074b100000|  0%| F|  |TS  7|AC  0|TAMS 0x000000074b000000, 0x000000074b000000|
| 177|0x000000074b100000, 0x000000074b100000, 0x000000074b200000|  0%| F|  |TS 13|AC  0|TAMS 0x000000074b100000, 0x000000074b100000|
| 178|0x000000074b200000, 0x000000074b200000, 0x000000074b300000|  0%| F|  |TS 13|AC  0|TAMS 0x000000074b200000, 0x000000074b200000|
| 179|0x000000074b300000, 0x000000074b300000, 0x000000074b400000|  0%| F|  |TS 13|AC  0|TAMS 0x000000074b300000, 0x000000074b300000|
| 180|0x000000074b400000, 0x000000074b400000, 0x000000074b500000|  0%| F|  |TS 13|AC  0|TAMS 0x000000074b400000, 0x000000074b400000|
| 181|0x000000074b500000, 0x000000074b500000, 0x000000074b600000|  0%| F|  |TS 17|AC  0|TAMS 0x000000074b500000, 0x000000074b500000|
| 182|0x000000074b600000, 0x000000074b600000, 0x000000074b700000|  0%| F|  |TS 17|AC  0|TAMS 0x000000074b600000, 0x000000074b600000|
| 183|0x000000074b700000, 0x000000074b700000, 0x000000074b800000|  0%| F|  |TS 15|AC  0|TAMS 0x000000074b700000, 0x000000074b700000|
| 184|0x000000074b800000, 0x000000074b800000, 0x000000074b900000|  0%| F|  |TS 15|AC  0|TAMS 0x000000074b800000, 0x000000074b800000|
| 185|0x000000074b900000, 0x000000074b9c0840, 0x000000074ba00000| 75%| S|CS|TS 17|AC  0|TAMS 0x000000074b900000, 0x000000074b900000|
| 186|0x000000074ba00000, 0x000000074bb00000, 0x000000074bb00000|100%| S|CS|TS 17|AC  0|TAMS 0x000000074ba00000, 0x000000074ba00000|
| 187|0x000000074bb00000, 0x000000074bc00000, 0x000000074bc00000|100%| E|  |TS 17|AC  0|TAMS 0x000000074bb00000, 0x000000074bb00000|
| 188|0x000000074bc00000, 0x000000074bd00000, 0x000000074bd00000|100%| E|CS|TS 17|AC  0|TAMS 0x000000074bc00000, 0x000000074bc00000|
| 189|0x000000074bd00000, 0x000000074be00000, 0x000000074be00000|100%| E|CS|TS 17|AC  0|TAMS 0x000000074bd00000, 0x000000074bd00000|
| 190|0x000000074be00000, 0x000000074bf00000, 0x000000074bf00000|100%| E|CS|TS 17|AC  0|TAMS 0x000000074be00000, 0x000000074be00000|
| 191|0x000000074bf00000, 0x000000074c000000, 0x000000074c000000|100%| E|CS|TS 17|AC  0|TAMS 0x000000074bf00000, 0x000000074bf00000|
| 192|0x000000074c000000, 0x000000074c100000, 0x000000074c100000|100%| E|CS|TS 17|AC  0|TAMS 0x000000074c000000, 0x000000074c000000|
| 193|0x000000074c100000, 0x000000074c200000, 0x000000074c200000|100%| E|CS|TS 17|AC  0|TAMS 0x000000074c100000, 0x000000074c100000|
| 194|0x000000074c200000, 0x000000074c300000, 0x000000074c300000|100%| E|CS|TS 17|AC  0|TAMS 0x000000074c200000, 0x000000074c200000|
| 195|0x000000074c300000, 0x000000074c400000, 0x000000074c400000|100%| E|CS|TS 17|AC  0|TAMS 0x000000074c300000, 0x000000074c300000|
| 196|0x000000074c400000, 0x000000074c500000, 0x000000074c500000|100%| E|CS|TS 17|AC  0|TAMS 0x000000074c400000, 0x000000074c400000|
| 197|0x000000074c500000, 0x000000074c600000, 0x000000074c600000|100%| E|CS|TS 17|AC  0|TAMS 0x000000074c500000, 0x000000074c500000|
| 198|0x000000074c600000, 0x000000074c700000, 0x000000074c700000|100%| E|CS|TS 17|AC  0|TAMS 0x000000074c600000, 0x000000074c600000|
| 199|0x000000074c700000, 0x000000074c800000, 0x000000074c800000|100%| E|CS|TS 17|AC  0|TAMS 0x000000074c700000, 0x000000074c700000|
| 200|0x000000074c800000, 0x000000074c900000, 0x000000074c900000|100%| E|CS|TS 17|AC  0|TAMS 0x000000074c800000, 0x000000074c800000|
| 201|0x000000074c900000, 0x000000074ca00000, 0x000000074ca00000|100%| E|CS|TS 17|AC  0|TAMS 0x000000074c900000, 0x000000074c900000|
| 202|0x000000074ca00000, 0x000000074cb00000, 0x000000074cb00000|100%| E|CS|TS 17|AC  0|TAMS 0x000000074ca00000, 0x000000074ca00000|
| 203|0x000000074cb00000, 0x000000074cc00000, 0x000000074cc00000|100%| E|CS|TS 17|AC  0|TAMS 0x000000074cb00000, 0x000000074cb00000|
| 204|0x000000074cc00000, 0x000000074cd00000, 0x000000074cd00000|100%| E|CS|TS 17|AC  0|TAMS 0x000000074cc00000, 0x000000074cc00000|
| 205|0x000000074cd00000, 0x000000074ce00000, 0x000000074ce00000|100%| E|CS|TS 17|AC  0|TAMS 0x000000074cd00000, 0x000000074cd00000|
| 206|0x000000074ce00000, 0x000000074cf00000, 0x000000074cf00000|100%| E|CS|TS 17|AC  0|TAMS 0x000000074ce00000, 0x000000074ce00000|
| 207|0x000000074cf00000, 0x000000074d000000, 0x000000074d000000|100%| E|CS|TS 17|AC  0|TAMS 0x000000074cf00000, 0x000000074cf00000|
| 208|0x000000074d000000, 0x000000074d100000, 0x000000074d100000|100%| E|CS|TS 17|AC  0|TAMS 0x000000074d000000, 0x000000074d000000|
| 209|0x000000074d100000, 0x000000074d200000, 0x000000074d200000|100%| E|CS|TS 17|AC  0|TAMS 0x000000074d100000, 0x000000074d100000|
| 210|0x000000074d200000, 0x000000074d300000, 0x000000074d300000|100%| E|CS|TS 17|AC  0|TAMS 0x000000074d200000, 0x000000074d200000|
| 211|0x000000074d300000, 0x000000074d400000, 0x000000074d400000|100%| E|CS|TS 17|AC  0|TAMS 0x000000074d300000, 0x000000074d300000|
| 212|0x000000074d400000, 0x000000074d500000, 0x000000074d500000|100%| E|CS|TS 17|AC  0|TAMS 0x000000074d400000, 0x000000074d400000|
| 213|0x000000074d500000, 0x000000074d600000, 0x000000074d600000|100%| E|CS|TS 17|AC  0|TAMS 0x000000074d500000, 0x000000074d500000|
| 214|0x000000074d600000, 0x000000074d700000, 0x000000074d700000|100%| E|CS|TS 17|AC  0|TAMS 0x000000074d600000, 0x000000074d600000|
| 215|0x000000074d700000, 0x000000074d800000, 0x000000074d800000|100%| E|CS|TS 17|AC  0|TAMS 0x000000074d700000, 0x000000074d700000|
| 216|0x000000074d800000, 0x000000074d900000, 0x000000074d900000|100%| E|CS|TS 17|AC  0|TAMS 0x000000074d800000, 0x000000074d800000|
| 217|0x000000074d900000, 0x000000074da00000, 0x000000074da00000|100%| E|CS|TS 17|AC  0|TAMS 0x000000074d900000, 0x000000074d900000|

Card table byte_map: [0x000000011a20e000,0x000000011a60e000] byte_map_base: 0x000000011680e000

Marking Bits (Prev, Next): (CMBitMap*) 0x00007fa8fb8430a8, (CMBitMap*) 0x00007fa8fb843070
 Prev Bits: [0x000000012cbdd000, 0x000000012ebdd000)
 Next Bits: [0x000000012abdd000, 0x000000012cbdd000)

Polling page: 0x000000010cbcb000

CodeHeap 'non-profiled nmethods': size=120032Kb used=2265Kb max_used=2265Kb free=117766Kb
 bounds [0x00000001236a5000, 0x0000000123915000, 0x000000012abdd000]
CodeHeap 'profiled nmethods': size=120028Kb used=8351Kb max_used=8351Kb free=111676Kb
 bounds [0x000000011c16e000, 0x000000011c9ae000, 0x00000001236a5000]
CodeHeap 'non-nmethods': size=5700Kb used=1592Kb max_used=1632Kb free=4107Kb
 bounds [0x000000011bbdd000, 0x000000011be4d000, 0x000000011c16e000]
 total_blobs=6777 nmethods=3790 adapters=900
 compilation: enabled

Compilation events (10 events):
Event: 34.395 Thread 0x00007fa8fb8cc800 4417       1       sun.java2d.SurfaceData::isValid (5 bytes)
Event: 34.395 Thread 0x00007fa8fb8cc800 nmethod 4417 0x00000001238db890 code [0x00000001238dba40, 0x00000001238dbb50]
Event: 34.395 Thread 0x00007fa8fb8cc800 4418       3       sun.java2d.pipe.RenderBuffer::putFloat (26 bytes)
Event: 34.395 Thread 0x00007fa8fb8cc800 nmethod 4418 0x000000011c998610 code [0x000000011c9987c0, 0x000000011c998a30]
Event: 34.395 Thread 0x00007fa8fb8cc800 4419       3       jdk.internal.misc.Unsafe::putFloat (8 bytes)
Event: 34.395 Thread 0x00007fa8fb8cc800 nmethod 4419 0x000000011c998b10 code [0x000000011c998cc0, 0x000000011c998e30]
Event: 34.409 Thread 0x00007fa8fb8cc800 4420   !   3       sun.awt.PostEventQueue::flush (168 bytes)
Event: 34.409 Thread 0x00007fa8fb8cc800 nmethod 4420 0x000000011c998f10 code [0x000000011c9991c0, 0x000000011c99a3c8]
Event: 34.410 Thread 0x00007fa8fb8cc800 4421       3       java.util.jar.JarFile::getManifestFromReference (113 bytes)
Event: 34.411 Thread 0x00007fa8fb8cc800 nmethod 4421 0x000000011c99a990 code [0x000000011c99ad40, 0x000000011c99c708]

GC Heap History (10 events):
Event: 32.812 GC heap before
{Heap before GC invocations=79 (full 0):
 garbage-first heap   total 223232K, used 179061K [0x0000000740000000, 0x00000007401006d0, 0x00000007c0000000)
  region size 1024K, 34 young (34816K), 2 survivors (2048K)
 Metaspace       used 26508K, capacity 27625K, committed 27776K, reserved 1075200K
  class space    used 2402K, capacity 2661K, committed 2688K, reserved 1048576K
}
Event: 32.816 GC heap after
{Heap after GC invocations=80 (full 0):
 garbage-first heap   total 223232K, used 149000K [0x0000000740000000, 0x00000007401006d0, 0x00000007c0000000)
  region size 1024K, 5 young (5120K), 5 survivors (5120K)
 Metaspace       used 26508K, capacity 27625K, committed 27776K, reserved 1075200K
  class space    used 2402K, capacity 2661K, committed 2688K, reserved 1048576K
}
Event: 33.146 GC heap before
{Heap before GC invocations=80 (full 0):
 garbage-first heap   total 223232K, used 181768K [0x0000000740000000, 0x00000007401006d0, 0x00000007c0000000)
  region size 1024K, 37 young (37888K), 5 survivors (5120K)
 Metaspace       used 26508K, capacity 27625K, committed 27776K, reserved 1075200K
  class space    used 2402K, capacity 2661K, committed 2688K, reserved 1048576K
}
Event: 33.148 GC heap after
{Heap after GC invocations=81 (full 0):
 garbage-first heap   total 223232K, used 151593K [0x0000000740000000, 0x00000007401006d0, 0x00000007c0000000)
  region size 1024K, 4 young (4096K), 4 survivors (4096K)
 Metaspace       used 26508K, capacity 27625K, committed 27776K, reserved 1075200K
  class space    used 2402K, capacity 2661K, committed 2688K, reserved 1048576K
}
Event: 33.389 GC heap before
{Heap before GC invocations=81 (full 0):
 garbage-first heap   total 223232K, used 183337K [0x0000000740000000, 0x00000007401006d0, 0x00000007c0000000)
  region size 1024K, 35 young (35840K), 4 survivors (4096K)
 Metaspace       used 26514K, capacity 27625K, committed 27776K, reserved 1075200K
  class space    used 2402K, capacity 2661K, committed 2688K, reserved 1048576K
}
Event: 33.390 GC heap after
{Heap after GC invocations=82 (full 0):
 garbage-first heap   total 223232K, used 154120K [0x0000000740000000, 0x00000007401006d0, 0x00000007c0000000)
  region size 1024K, 4 young (4096K), 4 survivors (4096K)
 Metaspace       used 26514K, capacity 27625K, committed 27776K, reserved 1075200K
  class space    used 2402K, capacity 2661K, committed 2688K, reserved 1048576K
}
Event: 33.635 GC heap before
{Heap before GC invocations=82 (full 0):
 garbage-first heap   total 223232K, used 185864K [0x0000000740000000, 0x00000007401006d0, 0x00000007c0000000)
  region size 1024K, 35 young (35840K), 4 survivors (4096K)
 Metaspace       used 26514K, capacity 27625K, committed 27776K, reserved 1075200K
  class space    used 2402K, capacity 2661K, committed 2688K, reserved 1048576K
}
Event: 33.636 GC heap after
{Heap after GC invocations=83 (full 0):
 garbage-first heap   total 223232K, used 154896K [0x0000000740000000, 0x00000007401006d0, 0x00000007c0000000)
  region size 1024K, 2 young (2048K), 2 survivors (2048K)
 Metaspace       used 26514K, capacity 27625K, committed 27776K, reserved 1075200K
  class space    used 2402K, capacity 2661K, committed 2688K, reserved 1048576K
}
Event: 33.925 GC heap before
{Heap before GC invocations=83 (full 0):
 garbage-first heap   total 223232K, used 186640K [0x0000000740000000, 0x00000007401006d0, 0x00000007c0000000)
  region size 1024K, 33 young (33792K), 2 survivors (2048K)
 Metaspace       used 26514K, capacity 27625K, committed 27776K, reserved 1075200K
  class space    used 2402K, capacity 2661K, committed 2688K, reserved 1048576K
}
Event: 33.925 GC heap after
{Heap after GC invocations=84 (full 0):
 garbage-first heap   total 223232K, used 154882K [0x0000000740000000, 0x00000007401006d0, 0x00000007c0000000)
  region size 1024K, 2 young (2048K), 2 survivors (2048K)
 Metaspace       used 26514K, capacity 27625K, committed 27776K, reserved 1075200K
  class space    used 2402K, capacity 2661K, committed 2688K, reserved 1048576K
}

Deoptimization events (10 events):
Event: 15.573 Thread 0x00007fa901814800 Uncommon trap: reason=unstable_if action=reinterpret pc=0x000000012373db08 method=java.text.DigitList.getDataChars(I)[C @ 13 c2
Event: 15.573 Thread 0x00007fa901814800 Uncommon trap: reason=unstable_if action=reinterpret pc=0x000000012375403c method=java.text.DecimalFormat.subformat(Ljava/lang/StringBuffer;Ljava/text/Format$FieldDelegate;ZZIIII)Ljava/lang/StringBuffer; @ 753 c2
Event: 15.573 Thread 0x00007fa901814800 Uncommon trap: reason=unstable_if action=reinterpret pc=0x000000012375c9a0 method=jdk.internal.math.FloatingDecimal$BinaryToASCIIBuffer.developLongDigits(IJI)V @ 104 c2
Event: 15.656 Thread 0x00007fa901814800 Uncommon trap: reason=unstable_if action=reinterpret pc=0x0000000123748d74 method=java.lang.Long.numberOfTrailingZeros(J)I @ 44 c2
Event: 34.392 Thread 0x00007fa901814800 Uncommon trap: reason=class_check action=maybe_recompile pc=0x00000001238c6e48 method=java.awt.EventQueue.coalesceEvent(Ljava/awt/AWTEvent;I)Z @ 32 c2
Event: 34.393 Thread 0x00007fa8fbc66000 Uncommon trap: reason=unstable_if action=reinterpret pc=0x00000001238c6818 method=java.awt.EventQueue.getPriority(Ljava/awt/AWTEvent;)I @ 71 c2
Event: 34.393 Thread 0x00007fa901814800 Uncommon trap: reason=unstable_if action=reinterpret pc=0x00000001237c34a8 method=com.jogamp.common.util.VersionNumber.compareTo(Lcom/jogamp/common/util/VersionNumber;)I @ 21 c2
Event: 34.395 Thread 0x00007fa8fbc66000 Uncommon trap: reason=unstable_if action=reinterpret pc=0x000000012382b1a4 method=java.awt.font.FontRenderContext.equals(Ljava/awt/font/FontRenderContext;)Z @ 2 c2
Event: 34.408 Thread 0x00007fa8fe95f800 Uncommon trap: reason=class_check action=maybe_recompile pc=0x000000012375a934 method=java.util.HashMap.putVal(ILjava/lang/Object;Ljava/lang/Object;ZZ)Ljava/lang/Object; @ 91 c2
Event: 34.408 Thread 0x00007fa8fe95f800 Uncommon trap: reason=class_check action=maybe_recompile pc=0x000000012375a934 method=java.util.HashMap.putVal(ILjava/lang/Object;Ljava/lang/Object;ZZ)Ljava/lang/Object; @ 91 c2

Classes redefined (0 events):
No events

Internal exceptions (10 events):
Event: 4.293 Thread 0x00007fa8fb8c9000 Exception <a 'java/lang/NullPointerException'{0x0000000747e00050}> (0x0000000747e00050) thrown at [/scratch/mesos/slaves/5af44a71-976a-41b7-81de-5773b84ec572-S38393/frameworks/1735e8a2-a1db-478c-8104-60c8b0af87dd-0196/executors/8b855640-c399-41ea-b65f-522
Event: 5.322 Thread 0x00007fa901814800 Exception <a 'java/lang/NoSuchMethodError'{0x00000007474c8cc8}: java.lang.Object.of([Ljava/lang/Object;)Ljava/util/stream/Stream;> (0x00000007474c8cc8) thrown at [/scratch/mesos/slaves/5af44a71-976a-41b7-81de-5773b84ec572-S38393/frameworks/1735e8a2-a1db-4
Event: 5.332 Thread 0x00007fa901814800 Exception <a 'java/io/FileNotFoundException'{0x0000000747301448}> (0x0000000747301448) thrown at [/scratch/mesos/slaves/5af44a71-976a-41b7-81de-5773b84ec572-S38393/frameworks/1735e8a2-a1db-478c-8104-60c8b0af87dd-0196/executors/8b855640-c399-41ea-b65f-5227
Event: 5.333 Thread 0x00007fa901814800 Exception <a 'java/io/FileNotFoundException'{0x0000000747309fd0}> (0x0000000747309fd0) thrown at [/scratch/mesos/slaves/5af44a71-976a-41b7-81de-5773b84ec572-S38393/frameworks/1735e8a2-a1db-478c-8104-60c8b0af87dd-0196/executors/8b855640-c399-41ea-b65f-5227
Event: 5.333 Thread 0x00007fa901814800 Implicit null exception at 0x00000001236e9074 to 0x00000001236e95d9
Event: 5.396 Thread 0x00007fa8fed64800 Exception <a 'java/lang/NoSuchMethodError'{0x0000000747274d20}: method resolution failed> (0x0000000747274d20) thrown at [/scratch/mesos/slaves/5af44a71-976a-41b7-81de-5773b84ec572-S38393/frameworks/1735e8a2-a1db-478c-8104-60c8b0af87dd-0196/executors/8b85
Event: 5.397 Thread 0x00007fa8fed64800 Exception <a 'java/lang/NoSuchMethodError'{0x000000074727ce18}: method resolution failed> (0x000000074727ce18) thrown at [/scratch/mesos/slaves/5af44a71-976a-41b7-81de-5773b84ec572-S38393/frameworks/1735e8a2-a1db-478c-8104-60c8b0af87dd-0196/executors/8b85
Event: 6.706 Thread 0x00007fa8fed64800 Implicit null exception at 0x000000012374bdde to 0x0000000123750141
Event: 14.759 Thread 0x00007fa901814800 Implicit null exception at 0x000000012383885b to 0x0000000123838a9d
Event: 14.763 Thread 0x00007fa901814800 Implicit null exception at 0x0000000123839304 to 0x00000001238393fd

Events (10 events):
Event: 34.408 Thread 0x00007fa8fe95f800 DEOPT UNPACKING pc=0x000000011bc2ac9f sp=0x00007000057c16c0 mode 2
Event: 34.408 Thread 0x00007fa8fe95f800 Uncommon trap: trap_request=0xffffffde fr.pc=0x000000012375a934 relative=0x0000000000000e74
Event: 34.408 Thread 0x00007fa8fe95f800 DEOPT PACKING pc=0x000000012375a934 sp=0x00007000057c1720
Event: 34.408 Thread 0x00007fa8fe95f800 DEOPT UNPACKING pc=0x000000011bc2ac9f sp=0x00007000057c16c0 mode 2
Event: 34.408 loading class sun/applet/AppletPanel$5
Event: 34.408 loading class sun/applet/AppletPanel$5 done
Event: 34.409 loading class jogamp/opengl/macosx/cgl/MacOSXCGLContext$NSOpenGLImpl$DetachGLLayerCmd
Event: 34.409 loading class jogamp/opengl/macosx/cgl/MacOSXCGLContext$NSOpenGLImpl$DetachGLLayerCmd done
Event: 34.410 loading class jogamp/nativewindow/jawt/macosx/MacOSXJAWTWindow$4
Event: 34.410 loading class jogamp/nativewindow/jawt/macosx/MacOSXJAWTWindow$4 done


Dynamic libraries:
0x00007fff4bc43000 	/System/Library/Frameworks/Cocoa.framework/Versions/A/Cocoa
0x00007fff57f30000 	/System/Library/Frameworks/Security.framework/Versions/A/Security
0x00007fff4a84a000 	/System/Library/Frameworks/ApplicationServices.framework/Versions/A/ApplicationServices
0x00007fff79597000 	/usr/lib/libz.1.dylib
0x00007fff76b94000 	/usr/lib/libSystem.B.dylib
0x00007fff4c473000 	/System/Library/Frameworks/CoreFoundation.framework/Versions/A/CoreFoundation
0x00007fff4e816000 	/System/Library/Frameworks/Foundation.framework/Versions/C/Foundation
0x00007fff786bc000 	/usr/lib/libobjc.A.dylib
0x00007fff499d7000 	/System/Library/Frameworks/AppKit.framework/Versions/C/AppKit
0x00007fff4bfda000 	/System/Library/Frameworks/CoreData.framework/Versions/A/CoreData
0x00007fff6fd62000 	/System/Library/PrivateFrameworks/RemoteViewServices.framework/Versions/A/RemoteViewServices
0x00007fff74862000 	/System/Library/PrivateFrameworks/UIFoundation.framework/Versions/A/UIFoundation
0x00007fff7601a000 	/System/Library/PrivateFrameworks/XCTTargetBootstrap.framework/Versions/A/XCTTargetBootstrap
0x00007fff6a865000 	/System/Library/PrivateFrameworks/IconServices.framework/Versions/A/IconServices
0x00007fff510e3000 	/System/Library/Frameworks/Metal.framework/Versions/A/Metal
0x00007fff61a67000 	/System/Library/PrivateFrameworks/DesktopServicesPriv.framework/Versions/A/DesktopServicesPriv
0x00007fff779cf000 	/usr/lib/libenergytrace.dylib
0x00007fff725d3000 	/System/Library/PrivateFrameworks/SkyLight.framework/Versions/A/SkyLight
0x00007fff4c8c3000 	/System/Library/Frameworks/CoreGraphics.framework/Versions/A/CoreGraphics
0x00007fff485a9000 	/System/Library/Frameworks/Accelerate.framework/Versions/A/Accelerate
0x00007fff4efa0000 	/System/Library/Frameworks/IOSurface.framework/Versions/A/IOSurface
0x00007fff618c9000 	/System/Library/PrivateFrameworks/DFRFoundation.framework/Versions/A/DFRFoundation
0x00007fff4ad4f000 	/System/Library/Frameworks/AudioToolbox.framework/Versions/A/AudioToolbox
0x00007fff4afee000 	/System/Library/Frameworks/AudioUnit.framework/Versions/A/AudioUnit
0x00007fff61960000 	/System/Library/PrivateFrameworks/DataDetectorsCore.framework/Versions/A/DataDetectorsCore
0x00007fff4b72d000 	/System/Library/Frameworks/Carbon.framework/Versions/A/Frameworks/HIToolbox.framework/Versions/A/HIToolbox
0x00007fff77b2a000 	/usr/lib/libicucore.A.dylib
0x00007fff57483000 	/System/Library/Frameworks/QuartzCore.framework/Versions/A/QuartzCore
0x00007fff4bb14000 	/System/Library/Frameworks/Carbon.framework/Versions/A/Frameworks/SpeechRecognition.framework/Versions/A/SpeechRecognition
0x00007fff76d77000 	/usr/lib/libauto.dylib
0x00007fff7948a000 	/usr/lib/libxml2.2.dylib
0x00007fff614c8000 	/System/Library/PrivateFrameworks/CoreUI.framework/Versions/A/CoreUI
0x00007fff4beb8000 	/System/Library/Frameworks/CoreAudio.framework/Versions/A/CoreAudio
0x00007fff4e648000 	/System/Library/Frameworks/DiskArbitration.framework/Versions/A/DiskArbitration
0x00007fff77dda000 	/usr/lib/liblangid.dylib
0x00007fff6bd15000 	/System/Library/PrivateFrameworks/MultitouchSupport.framework/Versions/A/MultitouchSupport
0x00007fff4ef0b000 	/System/Library/Frameworks/IOKit.framework/Versions/A/IOKit
0x00007fff767e2000 	/usr/lib/libDiagnosticMessagesClient.dylib
0x00007fff4d74e000 	/System/Library/Frameworks/CoreServices.framework/Versions/A/CoreServices
0x00007fff6da4b000 	/System/Library/PrivateFrameworks/PerformanceAnalysis.framework/Versions/A/PerformanceAnalysis
0x00007fff56618000 	/System/Library/Frameworks/OpenGL.framework/Versions/A/OpenGL
0x00007fff4bc51000 	/System/Library/Frameworks/ColorSync.framework/Versions/A/ColorSync
0x00007fff4cf6f000 	/System/Library/Frameworks/CoreImage.framework/Versions/A/CoreImage
0x00007fff4e191000 	/System/Library/Frameworks/CoreText.framework/Versions/A/CoreText
0x00007fff4f001000 	/System/Library/Frameworks/ImageIO.framework/Versions/A/ImageIO
0x00007fff5db03000 	/System/Library/PrivateFrameworks/Backup.framework/Versions/A/Backup
0x00007fff76c4a000 	/usr/lib/libarchive.2.dylib
0x00007fff4b352000 	/System/Library/Frameworks/CFNetwork.framework/Versions/A/CFNetwork
0x00007fff586db000 	/System/Library/Frameworks/SystemConfiguration.framework/Versions/A/SystemConfiguration
0x00007fff7670b000 	/usr/lib/libCRFSuite.dylib
0x00007fff76e6e000 	/usr/lib/libc++.1.dylib
0x00007fff76ec6000 	/usr/lib/libc++abi.dylib
0x00007fff7961a000 	/usr/lib/system/libcache.dylib
0x00007fff7961f000 	/usr/lib/system/libcommonCrypto.dylib
0x00007fff7962a000 	/usr/lib/system/libcompiler_rt.dylib
0x00007fff79632000 	/usr/lib/system/libcopyfile.dylib
0x00007fff7963c000 	/usr/lib/system/libcorecrypto.dylib
0x00007fff79747000 	/usr/lib/system/libdispatch.dylib
0x00007fff79782000 	/usr/lib/system/libdyld.dylib
0x00007fff797b2000 	/usr/lib/system/libkeymgr.dylib
0x00007fff797c0000 	/usr/lib/system/liblaunch.dylib
0x00007fff797c1000 	/usr/lib/system/libmacho.dylib
0x00007fff797c7000 	/usr/lib/system/libquarantine.dylib
0x00007fff797ca000 	/usr/lib/system/libremovefile.dylib
0x00007fff797cc000 	/usr/lib/system/libsystem_asl.dylib
0x00007fff797e4000 	/usr/lib/system/libsystem_blocks.dylib
0x00007fff797e5000 	/usr/lib/system/libsystem_c.dylib
0x00007fff7986e000 	/usr/lib/system/libsystem_configuration.dylib
0x00007fff79872000 	/usr/lib/system/libsystem_coreservices.dylib
0x00007fff79876000 	/usr/lib/system/libsystem_darwin.dylib
0x00007fff7987d000 	/usr/lib/system/libsystem_dnssd.dylib
0x00007fff79884000 	/usr/lib/system/libsystem_info.dylib
0x00007fff798fa000 	/usr/lib/system/libsystem_m.dylib
0x00007fff79946000 	/usr/lib/system/libsystem_malloc.dylib
0x00007fff7996b000 	/usr/lib/system/libsystem_networkextension.dylib
0x00007fff79977000 	/usr/lib/system/libsystem_notify.dylib
0x00007fff79994000 	/usr/lib/system/libsystem_sandbox.dylib
0x00007fff79998000 	/usr/lib/system/libsystem_secinit.dylib
0x00007fff798d1000 	/usr/lib/system/libsystem_kernel.dylib
0x00007fff7997f000 	/usr/lib/system/libsystem_platform.dylib
0x00007fff79989000 	/usr/lib/system/libsystem_pthread.dylib
0x00007fff7999b000 	/usr/lib/system/libsystem_symptoms.dylib
0x00007fff799a3000 	/usr/lib/system/libsystem_trace.dylib
0x00007fff799ba000 	/usr/lib/system/libunwind.dylib
0x00007fff799c0000 	/usr/lib/system/libxpc.dylib
0x00007fff76e4e000 	/usr/lib/libbsm.0.dylib
0x00007fff797b3000 	/usr/lib/system/libkxld.dylib
0x00007fff5cdb0000 	/System/Library/PrivateFrameworks/AppleFSCompression.framework/Versions/A/AppleFSCompression
0x00007fff76a53000 	/usr/lib/libOpenScriptingUtil.dylib
0x00007fff771b1000 	/usr/lib/libcoretls.dylib
0x00007fff771c8000 	/usr/lib/libcoretls_cfhelpers.dylib
0x00007fff78e58000 	/usr/lib/libpam.2.dylib
0x00007fff7901b000 	/usr/lib/libsqlite3.dylib
0x00007fff79478000 	/usr/lib/libxar.1.dylib
0x00007fff76e5f000 	/usr/lib/libbz2.1.0.dylib
0x00007fff77ddc000 	/usr/lib/liblzma.5.dylib
0x00007fff782d2000 	/usr/lib/libnetwork.dylib
0x00007fff76c33000 	/usr/lib/libapple_nghttp2.dylib
0x00007fff78e5f000 	/usr/lib/libpcap.A.dylib
0x00007fff4daf2000 	/System/Library/Frameworks/CoreServices.framework/Versions/A/Frameworks/FSEvents.framework/Versions/A/FSEvents
0x00007fff4d7ce000 	/System/Library/Frameworks/CoreServices.framework/Versions/A/Frameworks/CarbonCore.framework/Versions/A/CarbonCore
0x00007fff4dcc7000 	/System/Library/Frameworks/CoreServices.framework/Versions/A/Frameworks/Metadata.framework/Versions/A/Metadata
0x00007fff4dd6a000 	/System/Library/Frameworks/CoreServices.framework/Versions/A/Frameworks/OSServices.framework/Versions/A/OSServices
0x00007fff4ddb6000 	/System/Library/Frameworks/CoreServices.framework/Versions/A/Frameworks/SearchKit.framework/Versions/A/SearchKit
0x00007fff4d74f000 	/System/Library/Frameworks/CoreServices.framework/Versions/A/Frameworks/AE.framework/Versions/A/AE
0x00007fff4dafb000 	/System/Library/Frameworks/CoreServices.framework/Versions/A/Frameworks/LaunchServices.framework/Versions/A/LaunchServices
0x00007fff4daa7000 	/System/Library/Frameworks/CoreServices.framework/Versions/A/Frameworks/DictionaryServices.framework/Versions/A/DictionaryServices
0x00007fff4de25000 	/System/Library/Frameworks/CoreServices.framework/Versions/A/Frameworks/SharedFileList.framework/Versions/A/SharedFileList
0x00007fff525a9000 	/System/Library/Frameworks/NetFS.framework/Versions/A/NetFS
0x00007fff6bfb2000 	/System/Library/PrivateFrameworks/NetAuth.framework/Versions/A/NetAuth
0x00007fff7644e000 	/System/Library/PrivateFrameworks/login.framework/Versions/A/Frameworks/loginsupport.framework/Versions/A/loginsupport
0x00007fff7445a000 	/System/Library/PrivateFrameworks/TCC.framework/Versions/A/TCC
0x00007fff60ad0000 	/System/Library/PrivateFrameworks/CoreNLP.framework/Versions/A/CoreNLP
0x00007fff6ba06000 	/System/Library/PrivateFrameworks/MetadataUtilities.framework/Versions/A/MetadataUtilities
0x00007fff77ebd000 	/usr/lib/libmecabra.dylib
0x00007fff4a84b000 	/System/Library/Frameworks/ApplicationServices.framework/Versions/A/Frameworks/ATS.framework/Versions/A/ATS
0x00007fff4abb6000 	/System/Library/Frameworks/ApplicationServices.framework/Versions/A/Frameworks/ColorSyncLegacy.framework/Versions/A/ColorSyncLegacy
0x00007fff4ac57000 	/System/Library/Frameworks/ApplicationServices.framework/Versions/A/Frameworks/HIServices.framework/Versions/A/HIServices
0x00007fff4acaa000 	/System/Library/Frameworks/ApplicationServices.framework/Versions/A/Frameworks/LangAnalysis.framework/Versions/A/LangAnalysis
0x00007fff4acb9000 	/System/Library/Frameworks/ApplicationServices.framework/Versions/A/Frameworks/PrintCore.framework/Versions/A/PrintCore
0x00007fff4ad06000 	/System/Library/Frameworks/ApplicationServices.framework/Versions/A/Frameworks/QD.framework/Versions/A/QD
0x00007fff4ad42000 	/System/Library/Frameworks/ApplicationServices.framework/Versions/A/Frameworks/SpeechSynthesis.framework/Versions/A/SpeechSynthesis
0x00007fff76eee000 	/usr/lib/libcompression.dylib
0x00007fff4c389000 	/System/Library/Frameworks/CoreDisplay.framework/Versions/A/CoreDisplay
0x00007fff513ab000 	/System/Library/Frameworks/MetalPerformanceShaders.framework/Versions/A/MetalPerformanceShaders
0x00007fff485c1000 	/System/Library/Frameworks/Accelerate.framework/Versions/A/Frameworks/vImage.framework/Versions/A/vImage
0x00007fff49826000 	/System/Library/Frameworks/Accelerate.framework/Versions/A/Frameworks/vecLib.framework/Versions/A/vecLib
0x00007fff496ae000 	/System/Library/Frameworks/Accelerate.framework/Versions/A/Frameworks/vecLib.framework/Versions/A/libvMisc.dylib
0x00007fff4950f000 	/System/Library/Frameworks/Accelerate.framework/Versions/A/Frameworks/vecLib.framework/Versions/A/libvDSP.dylib
0x00007fff48eb6000 	/System/Library/Frameworks/Accelerate.framework/Versions/A/Frameworks/vecLib.framework/Versions/A/libBLAS.dylib
0x00007fff490a8000 	/System/Library/Frameworks/Accelerate.framework/Versions/A/Frameworks/vecLib.framework/Versions/A/libLAPACK.dylib
0x00007fff49462000 	/System/Library/Frameworks/Accelerate.framework/Versions/A/Frameworks/vecLib.framework/Versions/A/libLinearAlgebra.dylib
0x00007fff494fc000 	/System/Library/Frameworks/Accelerate.framework/Versions/A/Frameworks/vecLib.framework/Versions/A/libSparseBLAS.dylib
0x00007fff49478000 	/System/Library/Frameworks/Accelerate.framework/Versions/A/Frameworks/vecLib.framework/Versions/A/libQuadrature.dylib
0x00007fff49062000 	/System/Library/Frameworks/Accelerate.framework/Versions/A/Frameworks/vecLib.framework/Versions/A/libBNNS.dylib
0x00007fff4947e000 	/System/Library/Frameworks/Accelerate.framework/Versions/A/Frameworks/vecLib.framework/Versions/A/libSparse.dylib
0x00007fff67ff7000 	/System/Library/PrivateFrameworks/GPUWrangler.framework/Versions/A/GPUWrangler
0x00007fff6a42c000 	/System/Library/PrivateFrameworks/IOAccelerator.framework/Versions/A/IOAccelerator
0x00007fff6a437000 	/System/Library/PrivateFrameworks/IOPresentment.framework/Versions/A/IOPresentment
0x00007fff618d9000 	/System/Library/PrivateFrameworks/DSExternalDisplay.framework/Versions/A/DSExternalDisplay
0x00007fff55a5d000 	/System/Library/Frameworks/OpenGL.framework/Versions/A/Libraries/libCoreFSCache.dylib
0x00007fff51193000 	/System/Library/Frameworks/MetalPerformanceShaders.framework/Frameworks/MPSCore.framework/Versions/A/MPSCore
0x00007fff511b4000 	/System/Library/Frameworks/MetalPerformanceShaders.framework/Frameworks/MPSImage.framework/Versions/A/MPSImage
0x00007fff5125c000 	/System/Library/Frameworks/MetalPerformanceShaders.framework/Frameworks/MPSNeuralNetwork.framework/Versions/A/MPSNeuralNetwork
0x00007fff51233000 	/System/Library/Frameworks/MetalPerformanceShaders.framework/Frameworks/MPSMatrix.framework/Versions/A/MPSMatrix
0x00007fff5138f000 	/System/Library/Frameworks/MetalPerformanceShaders.framework/Frameworks/MPSRayIntersector.framework/Versions/A/MPSRayIntersector
0x00007fff6ba2f000 	/System/Library/PrivateFrameworks/MetalTools.framework/Versions/A/MetalTools
0x00007fff5c4aa000 	/System/Library/PrivateFrameworks/AggregateDictionary.framework/Versions/A/AggregateDictionary
0x00007fff76a33000 	/usr/lib/libMobileGestalt.dylib
0x00007fff4e2f7000 	/System/Library/Frameworks/CoreVideo.framework/Versions/A/CoreVideo
0x00007fff68e67000 	/System/Library/PrivateFrameworks/GraphVisualizer.framework/Versions/A/GraphVisualizer
0x00007fff62c02000 	/System/Library/PrivateFrameworks/FaceCore.framework/Versions/A/FaceCore
0x00007fff55075000 	/System/Library/Frameworks/OpenCL.framework/Versions/A/OpenCL
0x00007fff7681a000 	/usr/lib/libFosl_dynamic.dylib
0x00007fff6c88a000 	/System/Library/PrivateFrameworks/OTSVG.framework/Versions/A/OTSVG
0x00007fff4a94f000 	/System/Library/Frameworks/ApplicationServices.framework/Versions/A/Frameworks/ATS.framework/Versions/A/Resources/libFontParser.dylib
0x00007fff4aa6f000 	/System/Library/Frameworks/ApplicationServices.framework/Versions/A/Frameworks/ATS.framework/Versions/A/Resources/libFontRegistry.dylib
0x00007fff4f28e000 	/System/Library/Frameworks/ImageIO.framework/Versions/A/Resources/libJPEG.dylib
0x00007fff4f5b1000 	/System/Library/Frameworks/ImageIO.framework/Versions/A/Resources/libTIFF.dylib
0x00007fff4f587000 	/System/Library/Frameworks/ImageIO.framework/Versions/A/Resources/libPng.dylib
0x00007fff4f1a3000 	/System/Library/Frameworks/ImageIO.framework/Versions/A/Resources/libGIF.dylib
0x00007fff4f1a8000 	/System/Library/Frameworks/ImageIO.framework/Versions/A/Resources/libJP2.dylib
0x00007fff4f5ae000 	/System/Library/Frameworks/ImageIO.framework/Versions/A/Resources/libRadiance.dylib
0x00007fff5cf09000 	/System/Library/PrivateFrameworks/AppleJPEG.framework/Versions/A/AppleJPEG
0x00007fff55a68000 	/System/Library/Frameworks/OpenGL.framework/Versions/A/Libraries/libGFXShared.dylib
0x00007fff55c2b000 	/System/Library/Frameworks/OpenGL.framework/Versions/A/Libraries/libGLU.dylib
0x00007fff55a71000 	/System/Library/Frameworks/OpenGL.framework/Versions/A/Libraries/libGL.dylib
0x00007fff55a7d000 	/System/Library/Frameworks/OpenGL.framework/Versions/A/Libraries/libGLImage.dylib
0x00007fff55a5a000 	/System/Library/Frameworks/OpenGL.framework/Versions/A/Libraries/libCVMSPluginSupport.dylib
0x00007fff55a63000 	/System/Library/Frameworks/OpenGL.framework/Versions/A/Libraries/libCoreVMClient.dylib
0x00007fff77840000 	/usr/lib/libcups.2.dylib
0x00007fff506a8000 	/System/Library/Frameworks/Kerberos.framework/Versions/A/Kerberos
0x00007fff4ec55000 	/System/Library/Frameworks/GSS.framework/Versions/A/GSS
0x00007fff78faf000 	/usr/lib/libresolv.9.dylib
0x00007fff77a38000 	/usr/lib/libiconv.2.dylib
0x00007fff68fc7000 	/System/Library/PrivateFrameworks/Heimdal.framework/Versions/A/Heimdal
0x00007fff77a07000 	/usr/lib/libheimdal-asn1.dylib
0x00007fff550eb000 	/System/Library/Frameworks/OpenDirectory.framework/Versions/A/OpenDirectory
0x00007fff5f7cc000 	/System/Library/PrivateFrameworks/CommonAuth.framework/Versions/A/CommonAuth
0x00007fff550ce000 	/System/Library/Frameworks/OpenDirectory.framework/Versions/A/Frameworks/CFOpenDirectory.framework/Versions/A/CFOpenDirectory
0x00007fff58259000 	/System/Library/Frameworks/SecurityFoundation.framework/Versions/A/SecurityFoundation
0x00007fff5b9b9000 	/System/Library/PrivateFrameworks/APFS.framework/Versions/A/APFS
0x00007fff79474000 	/usr/lib/libutil.dylib
0x00007fff76edc000 	/usr/lib/libcharset.1.dylib
0x00007fff5d1a5000 	/System/Library/PrivateFrameworks/AppleSauce.framework/Versions/A/AppleSauce
0x00007fff5d333000 	/System/Library/PrivateFrameworks/AssertionServices.framework/Versions/A/AssertionServices
0x00007fff5dba6000 	/System/Library/PrivateFrameworks/BaseBoard.framework/Versions/A/BaseBoard
0x00007fff77e0c000 	/usr/lib/libmecab.1.0.0.dylib
0x00007fff77a01000 	/usr/lib/libgermantok.dylib
0x00007fff76c1f000 	/usr/lib/libThaiTokenizer.dylib
0x00007fff76746000 	/usr/lib/libChineseTokenizer.dylib
0x00007fff6ab63000 	/System/Library/PrivateFrameworks/LanguageModeling.framework/Versions/A/LanguageModeling
0x00007fff604e6000 	/System/Library/PrivateFrameworks/CoreEmoji.framework/Versions/A/CoreEmoji
0x00007fff6ac5b000 	/System/Library/PrivateFrameworks/Lexicon.framework/Versions/A/Lexicon
0x00007fff6aca3000 	/System/Library/PrivateFrameworks/LinguisticData.framework/Versions/A/LinguisticData
0x00007fff76edd000 	/usr/lib/libcmph.dylib
0x00007fff5831a000 	/System/Library/Frameworks/ServiceManagement.framework/Versions/A/ServiceManagement
0x00007fff5daf9000 	/System/Library/PrivateFrameworks/BackgroundTaskManagement.framework/Versions/A/BackgroundTaskManagement
0x00007fff7956e000 	/usr/lib/libxslt.1.dylib
0x00007fff4ba3f000 	/System/Library/Frameworks/Carbon.framework/Versions/A/Frameworks/Ink.framework/Versions/A/Ink
0x00007fff746da000 	/System/Library/PrivateFrameworks/TextureIO.framework/Versions/A/TextureIO
0x00007fff76c74000 	/usr/lib/libate.dylib
0x00007fff61835000 	/System/Library/PrivateFrameworks/CrashReporterSupport.framework/Versions/A/CrashReporterSupport
0x00007fff716fb000 	/System/Library/PrivateFrameworks/Sharing.framework/Versions/A/Sharing
0x00007fff5d685000 	/System/Library/PrivateFrameworks/AuthKit.framework/Versions/A/AuthKit
0x00007fff5caa8000 	/System/Library/PrivateFrameworks/Apple80211.framework/Versions/A/Apple80211
0x00007fff615f5000 	/System/Library/PrivateFrameworks/CoreUtils.framework/Versions/A/CoreUtils
0x00007fff4e335000 	/System/Library/Frameworks/CoreWLAN.framework/Versions/A/CoreWLAN
0x00007fff4ed9f000 	/System/Library/Frameworks/IOBluetooth.framework/Versions/A/IOBluetooth
0x00007fff6fa19000 	/System/Library/PrivateFrameworks/ProtocolBuffer.framework/Versions/A/ProtocolBuffer
0x00007fff6bc6c000 	/System/Library/PrivateFrameworks/MobileKeyBag.framework/Versions/A/MobileKeyBag
0x00007fff60e0d000 	/System/Library/PrivateFrameworks/CorePhoneNumbers.framework/Versions/A/CorePhoneNumbers
0x00007fff5cebd000 	/System/Library/PrivateFrameworks/AppleIDAuthSupport.framework/Versions/A/AppleIDAuthSupport
0x00007fff6ab34000 	/System/Library/PrivateFrameworks/KeychainCircle.framework/Versions/A/KeychainCircle
0x00007fff6fbe6000 	/System/Library/PrivateFrameworks/ROCKit.framework/Versions/A/ROCKit
0x00007fff617d1000 	/System/Library/PrivateFrameworks/CoreWiFi.framework/Versions/A/CoreWiFi
0x00007fff4bfae000 	/System/Library/Frameworks/CoreBluetooth.framework/Versions/A/CoreBluetooth
0x00007fff61a25000 	/System/Library/PrivateFrameworks/DebugSymbols.framework/Versions/A/DebugSymbols
0x00007fff613aa000 	/System/Library/PrivateFrameworks/CoreSymbolication.framework/Versions/A/CoreSymbolication
0x00007fff73ec4000 	/System/Library/PrivateFrameworks/Symbolication.framework/Versions/A/Symbolication
0x00007fff73056000 	/System/Library/PrivateFrameworks/SpeechRecognitionCore.framework/Versions/A/SpeechRecognitionCore
0x000000010dc00000 	/Library/Java/JavaVirtualMachines/jdk-9.0.1.jdk/Contents/Home/lib/server/libjvm.dylib
0x00007fff79338000 	/usr/lib/libstdc++.6.dylib
0x000000010cb89000 	/Library/Java/JavaVirtualMachines/jdk-9.0.1.jdk/Contents/Home/lib/libverify.dylib
0x000000010cb96000 	/Library/Java/JavaVirtualMachines/jdk-9.0.1.jdk/Contents/Home/lib/libjava.dylib
0x000000010cbd4000 	/Library/Java/JavaVirtualMachines/jdk-9.0.1.jdk/Contents/Home/lib/libzip.dylib
0x000000010cbdc000 	/Library/Java/JavaVirtualMachines/jdk-9.0.1.jdk/Contents/Home/lib/libjimage.dylib
0x0000000130cae000 	/Library/Java/JavaVirtualMachines/jdk-9.0.1.jdk/Contents/Home/lib/libnio.dylib
0x0000000130cbe000 	/Library/Java/JavaVirtualMachines/jdk-9.0.1.jdk/Contents/Home/lib/./libnet.dylib
0x0000000130d7f000 	/Library/Java/JavaVirtualMachines/jdk-9.0.1.jdk/Contents/Home/lib/libawt.dylib
0x0000000130e24000 	/Library/Java/JavaVirtualMachines/jdk-9.0.1.jdk/Contents/Home/lib/./libmlib_image.dylib
0x00007fff50691000 	/System/Library/Frameworks/JavaVM.framework/Versions/A/Frameworks/JavaNativeFoundation.framework/Versions/A/JavaNativeFoundation
0x00007fff5069a000 	/System/Library/Frameworks/JavaVM.framework/Versions/A/Frameworks/JavaRuntimeSupport.framework/Versions/A/JavaRuntimeSupport
0x00007fff506a3000 	/System/Library/Frameworks/JavaVM.framework/Versions/A/JavaVM
0x00007fff6aa4b000 	/System/Library/PrivateFrameworks/JavaLaunching.framework/Versions/A/JavaLaunching
0x00007fff4b728000 	/System/Library/Frameworks/Carbon.framework/Versions/A/Carbon
0x00007fff4b729000 	/System/Library/Frameworks/Carbon.framework/Versions/A/Frameworks/CommonPanels.framework/Versions/A/CommonPanels
0x00007fff4ba35000 	/System/Library/Frameworks/Carbon.framework/Versions/A/Frameworks/Help.framework/Versions/A/Help
0x00007fff4ba39000 	/System/Library/Frameworks/Carbon.framework/Versions/A/Frameworks/ImageCapture.framework/Versions/A/ImageCapture
0x00007fff4bad4000 	/System/Library/Frameworks/Carbon.framework/Versions/A/Frameworks/OpenScripting.framework/Versions/A/OpenScripting
0x00007fff4bb0f000 	/System/Library/Frameworks/Carbon.framework/Versions/A/Frameworks/Print.framework/Versions/A/Print
0x00007fff4bb11000 	/System/Library/Frameworks/Carbon.framework/Versions/A/Frameworks/SecurityHI.framework/Versions/A/SecurityHI
0x0000000130e92000 	/Library/Java/JavaVirtualMachines/jdk-9.0.1.jdk/Contents/Home/lib/libawt_lwawt.dylib
0x0000000130f52000 	/Library/Java/JavaVirtualMachines/jdk-9.0.1.jdk/Contents/Home/lib/./libosxapp.dylib
0x00007fff4e7ee000 	/System/Library/Frameworks/ExceptionHandling.framework/Versions/A/ExceptionHandling
0x0000000131208000 	/Library/Java/JavaVirtualMachines/jdk-9.0.1.jdk/Contents/Home/lib/libfontmanager.dylib
0x00007fff60fa4000 	/System/Library/PrivateFrameworks/CoreServicesInternal.framework/Versions/A/CoreServicesInternal
0x00007fff42112000 	/System/Library/CoreServices/RawCamera.bundle/Contents/MacOS/RawCamera
0x00007fff6bad6000 	/System/Library/PrivateFrameworks/MobileAsset.framework/Versions/A/MobileAsset
0x00007fff73748000 	/System/Library/PrivateFrameworks/StreamingZip.framework/Versions/A/StreamingZip
0x00007fff50a43000 	/System/Library/Frameworks/MediaToolbox.framework/Versions/A/MediaToolbox
0x00007fff6006b000 	/System/Library/PrivateFrameworks/CoreAVCHD.framework/Versions/A/CoreAVCHD
0x00007fff5097f000 	/System/Library/Frameworks/MediaAccessibility.framework/Versions/A/MediaAccessibility
0x00007fff6b508000 	/System/Library/PrivateFrameworks/Mangrove.framework/Versions/A/Mangrove
0x00007fff4d5e9000 	/System/Library/Frameworks/CoreMedia.framework/Versions/A/CoreMedia
0x00007fff589ac000 	/System/Library/Frameworks/VideoToolbox.framework/Versions/A/VideoToolbox
0x00007fff5fc93000 	/System/Library/PrivateFrameworks/CoreAUC.framework/Versions/A/CoreAUC
0x00007fff79019000 	/usr/lib/libspindump.dylib
0x00007fff5d298000 	/System/Library/PrivateFrameworks/AppleVA.framework/Versions/A/AppleVA
0x00007fff485aa000 	/System/Library/Frameworks/Accelerate.framework/Versions/A/Frameworks/vImage.framework/Versions/A/Libraries/libCGInterfaces.dylib
0x00007fff4ab19000 	/System/Library/Frameworks/ApplicationServices.framework/Versions/A/Frameworks/ATS.framework/Versions/A/Resources/libTrueTypeScaler.dylib
0x00007fff44437000 	/System/Library/Extensions/AppleIntelHD4000GraphicsMTLDriver.bundle/Contents/MacOS/AppleIntelHD4000GraphicsMTLDriver
0x00007fff48031000 	/System/Library/Extensions/GeForceMTLDriver.bundle/Contents/MacOS/GeForceMTLDriver
0x00007fff6694c000 	/System/Library/PrivateFrameworks/GPUCompiler.framework/Versions/3902/Libraries/libmetal_timestamp.dylib
0x00007fff7570b000 	/System/Library/PrivateFrameworks/ViewBridge.framework/Versions/A/ViewBridge
0x00007fff56628000 	/System/Library/Frameworks/OpenGL.framework/Versions/A/Resources/GLEngine.bundle/GLEngine
0x00007fff55ab8000 	/System/Library/Frameworks/OpenGL.framework/Versions/A/Libraries/libGLProgrammability.dylib
0x00007fff43f15000 	/System/Library/Extensions/AppleIntelHD4000GraphicsGLDriver.bundle/Contents/MacOS/AppleIntelHD4000GraphicsGLDriver
0x00007fff67feb000 	/System/Library/PrivateFrameworks/GPUSupport.framework/Versions/A/Libraries/libGPUSupportMercury.dylib
0x00007fff47022000 	/System/Library/Extensions/GeForceGLDriver.bundle/Contents/MacOS/GeForceGLDriver
0x00007fff47954000 	/System/Library/Extensions/GeForceGLDriver.bundle/Contents/MacOS/libclh.dylib
0x00007fff567bf000 	/System/Library/Frameworks/OpenGL.framework/Versions/A/Resources/GLRendererFloat.bundle/GLRendererFloat
0x00007fff5506c000 	/System/Library/Frameworks/OpenCL.framework/Versions/A/Libraries/libcldcpuengine.dylib
0x00007fff77368000 	/usr/lib/libcrypto.35.dylib
0x00007fff7485b000 	/System/Library/PrivateFrameworks/TrustEvaluationAgent.framework/Versions/A/TrustEvaluationAgent
0x00000001363cc000 	/usr/lib/libobjc-trampolines.dylib
0x000000013714e000 	/Library/Java/JavaVirtualMachines/jdk-9.0.1.jdk/Contents/Home/lib/libosxui.dylib
0x0000000179bec000 	/private/var/folders/l3/sl61647n317g9v3_d9jdnvjw0000gq/T/jogamp_0000/file_cache/jln8528226756302517507/jln7954109888830871128/libgluegen-rt.jnilib
0x0000000179c97000 	/private/var/folders/l3/sl61647n317g9v3_d9jdnvjw0000gq/T/jogamp_0000/file_cache/jln8528226756302517507/jln7954109888830871128/libnativewindow_awt.jnilib
0x0000000179c9a000 	/Library/Java/JavaVirtualMachines/jdk-9.0.1.jdk/Contents/Home/lib/libjawt.dylib
0x0000000179c9d000 	/private/var/folders/l3/sl61647n317g9v3_d9jdnvjw0000gq/T/jogamp_0000/file_cache/jln8528226756302517507/jln7954109888830871128/libnativewindow_macosx.jnilib
0x0000000135919000 	/private/var/folders/l3/sl61647n317g9v3_d9jdnvjw0000gq/T/jogamp_0000/file_cache/jln8528226756302517507/jln7954109888830871128/libjogl_desktop.jnilib
0x0000000135ed0000 	/Library/Java/JavaVirtualMachines/jdk-9.0.1.jdk/Contents/Home/lib/libjavajpeg.dylib
0x000000017f45d000 	/Library/Java/JavaVirtualMachines/jdk-9.0.1.jdk/Contents/Home/lib/libt2k.dylib

VM Arguments:
jvm_args: -Djava.security.policy=java.policy.applet -Dfile.encoding=UTF-8 
java_command: sun.applet.AppletViewer module6.AirportMap1552979476857.html
java_class_path (initial): /Users/margo/Development/Eclipse/UCSDUnfoldingMaps/build:/Users/margo/Development/Eclipse/UCSDUnfoldingMaps/lib/core.jar:/Users/margo/Development/Eclipse/UCSDUnfoldingMaps/lib/gluegen-rt.jar:/Users/margo/Development/Eclipse/UCSDUnfoldingMaps/lib/jogl-all.jar:/Users/margo/Development/Eclipse/UCSDUnfoldingMaps/lib/log4j-1.2.15.jar:/Users/margo/Development/Eclipse/UCSDUnfoldingMaps/lib/sqlite-jdbc-3.7.2.jar:/Users/margo/Development/Eclipse/UCSDUnfoldingMaps/lib/json4processing.jar:/Users/margo/Development/Eclipse/UCSDUnfoldingMaps/lib/libTUIO.jar:/Users/margo/Development/Eclipse/UCSDUnfoldingMaps/lib/unfolding.0.9.7-uscd.jar
Launcher Type: SUN_STANDARD

Logging:
Log output configuration:
#0: stdout all=warning uptime,level,tags
#1: stderr all=off uptime,level,tags

Environment Variables:
PATH=/usr/bin:/bin:/usr/sbin:/sbin
SHELL=/bin/bash

Signal Handlers:
SIGSEGV: [libjvm.dylib+0x73e2dc], sa_mask[0]=11111111011111110111111111111111, sa_flags=SA_ONSTACK|SA_RESTART|SA_SIGINFO
SIGBUS: [libjvm.dylib+0x73e2dc], sa_mask[0]=11111111011111110111111111111111, sa_flags=SA_RESTART|SA_SIGINFO
SIGFPE: [libjvm.dylib+0x73e2dc], sa_mask[0]=11111111011111110111111111111111, sa_flags=SA_RESTART|SA_SIGINFO
SIGPIPE: [libjvm.dylib+0x5f15ac], sa_mask[0]=11111111011111110111111111111111, sa_flags=SA_RESTART|SA_SIGINFO
SIGXFSZ: [libjvm.dylib+0x5f15ac], sa_mask[0]=11111111011111110111111111111111, sa_flags=SA_RESTART|SA_SIGINFO
SIGILL: [libjvm.dylib+0x73e2dc], sa_mask[0]=11111111011111110111111111111111, sa_flags=SA_RESTART|SA_SIGINFO
SIGUSR2: [libjvm.dylib+0x5f1e3c], sa_mask[0]=00100000000000000000000000000000, sa_flags=SA_RESTART|SA_SIGINFO
SIGHUP: [libjvm.dylib+0x5f0679], sa_mask[0]=11111111011111110111111111111111, sa_flags=SA_RESTART|SA_SIGINFO
SIGINT: [libjvm.dylib+0x5f0679], sa_mask[0]=11111111011111110111111111111111, sa_flags=SA_RESTART|SA_SIGINFO
SIGTERM: [libjvm.dylib+0x5f0679], sa_mask[0]=11111111011111110111111111111111, sa_flags=SA_RESTART|SA_SIGINFO
SIGQUIT: [libjvm.dylib+0x5f0679], sa_mask[0]=11111111011111110111111111111111, sa_flags=SA_RESTART|SA_SIGINFO


---------------  S Y S T E M  ---------------

OS:uname:Darwin 18.2.0 Darwin Kernel Version 18.2.0: Thu Dec 20 20:46:53 PST 2018; root:xnu-4903.241.1~1/RELEASE_X86_64 x86_64
rlimit: STACK 8192k, CORE 0k, NPROC 709, NOFILE 10240, AS infinity
load average:2.23 1.67 1.57

CPU:total 8 (initial active 8) (4 cores per cpu, 2 threads per core) family 6 model 58 stepping 9, cmov, cx8, fxsr, mmx, sse, sse2, sse3, ssse3, sse4.1, sse4.2, popcnt, avx, aes, clmul, erms, ht, tsc, tscinvbit, tscinv

Memory: 4k page, physical 8388608k(23476k free)

vm_info: Java HotSpot(TM) 64-Bit Server VM (9.0.1+11) for bsd-amd64 JRE (9.0.1+11), built on Sep 28 2017 03:49:57 by "mach5one" with gcc 4.2.1 Compatible Apple LLVM 6.1.0 (clang-602.0.49)

END.
